The target system is: Android - 1 - armv7-a
The host system is: Darwin - 20.2.0 - x86_64
Determining if the C compiler works passed with the following output:
Change Dir: /Users/hello/Desktop/dlib-19.21/dlib/build/armeabi-v7a/CMakeFiles/CMakeTmp

Run Build Command:"/usr/bin/make" "cmTC_1b292/fast"
/Library/Developer/CommandLineTools/usr/bin/make -f CMakeFiles/cmTC_1b292.dir/build.make CMakeFiles/cmTC_1b292.dir/build
Building C object CMakeFiles/cmTC_1b292.dir/testCCompiler.c.o
/users/hello/library/Android/sdk/ndk/21.1.6352462/toolchains/llvm/prebuilt/darwin-x86_64/bin/clang --target=armv7-none-linux-androideabi16 --gcc-toolchain=/users/hello/library/Android/sdk/ndk/21.1.6352462/toolchains/llvm/prebuilt/darwin-x86_64 --sysroot=/users/hello/library/Android/sdk/ndk/21.1.6352462/toolchains/llvm/prebuilt/darwin-x86_64/sysroot   -g -DANDROID -fdata-sections -ffunction-sections -funwind-tables -fstack-protector-strong -no-canonical-prefixes -D_FORTIFY_SOURCE=2 -march=armv7-a -mthumb -Wformat -Werror=format-security -O3  -fPIE   -o CMakeFiles/cmTC_1b292.dir/testCCompiler.c.o   -c /Users/hello/Desktop/dlib-19.21/dlib/build/armeabi-v7a/CMakeFiles/CMakeTmp/testCCompiler.c
Linking C executable cmTC_1b292
/Users/hello/Library/Android/sdk/cmake/3.10.2.4988404/bin/cmake -E cmake_link_script CMakeFiles/cmTC_1b292.dir/link.txt --verbose=1
/users/hello/library/Android/sdk/ndk/21.1.6352462/toolchains/llvm/prebuilt/darwin-x86_64/bin/clang --target=armv7-none-linux-androideabi16 --gcc-toolchain=/users/hello/library/Android/sdk/ndk/21.1.6352462/toolchains/llvm/prebuilt/darwin-x86_64 --sysroot=/users/hello/library/Android/sdk/ndk/21.1.6352462/toolchains/llvm/prebuilt/darwin-x86_64/sysroot -g -DANDROID -fdata-sections -ffunction-sections -funwind-tables -fstack-protector-strong -no-canonical-prefixes -D_FORTIFY_SOURCE=2 -march=armv7-a -mthumb -Wformat -Werror=format-security -O3   -Wl,--exclude-libs,libgcc.a -Wl,--exclude-libs,libgcc_real.a -Wl,--exclude-libs,libatomic.a -Wl,--build-id -Wl,--fatal-warnings -Wl,--exclude-libs,libunwind.a -Wl,--no-undefined -Qunused-arguments -Wl,--gc-sections   CMakeFiles/cmTC_1b292.dir/testCCompiler.c.o  -o cmTC_1b292 -latomic -lm 


Detecting C compiler ABI info compiled with the following output:
Change Dir: /Users/hello/Desktop/dlib-19.21/dlib/build/armeabi-v7a/CMakeFiles/CMakeTmp

Run Build Command:"/usr/bin/make" "cmTC_71408/fast"
/Library/Developer/CommandLineTools/usr/bin/make -f CMakeFiles/cmTC_71408.dir/build.make CMakeFiles/cmTC_71408.dir/build
Building C object CMakeFiles/cmTC_71408.dir/CMakeCCompilerABI.c.o
/users/hello/library/Android/sdk/ndk/21.1.6352462/toolchains/llvm/prebuilt/darwin-x86_64/bin/clang --target=armv7-none-linux-androideabi16 --gcc-toolchain=/users/hello/library/Android/sdk/ndk/21.1.6352462/toolchains/llvm/prebuilt/darwin-x86_64 --sysroot=/users/hello/library/Android/sdk/ndk/21.1.6352462/toolchains/llvm/prebuilt/darwin-x86_64/sysroot   -g -DANDROID -fdata-sections -ffunction-sections -funwind-tables -fstack-protector-strong -no-canonical-prefixes -D_FORTIFY_SOURCE=2 -march=armv7-a -mthumb -Wformat -Werror=format-security -O3  -fPIE   -o CMakeFiles/cmTC_71408.dir/CMakeCCompilerABI.c.o   -c /Users/hello/Library/Android/sdk/cmake/3.10.2.4988404/share/cmake-3.10/Modules/CMakeCCompilerABI.c
Linking C executable cmTC_71408
/Users/hello/Library/Android/sdk/cmake/3.10.2.4988404/bin/cmake -E cmake_link_script CMakeFiles/cmTC_71408.dir/link.txt --verbose=1
/users/hello/library/Android/sdk/ndk/21.1.6352462/toolchains/llvm/prebuilt/darwin-x86_64/bin/clang --target=armv7-none-linux-androideabi16 --gcc-toolchain=/users/hello/library/Android/sdk/ndk/21.1.6352462/toolchains/llvm/prebuilt/darwin-x86_64 --sysroot=/users/hello/library/Android/sdk/ndk/21.1.6352462/toolchains/llvm/prebuilt/darwin-x86_64/sysroot -g -DANDROID -fdata-sections -ffunction-sections -funwind-tables -fstack-protector-strong -no-canonical-prefixes -D_FORTIFY_SOURCE=2 -march=armv7-a -mthumb -Wformat -Werror=format-security -O3   -Wl,--exclude-libs,libgcc.a -Wl,--exclude-libs,libgcc_real.a -Wl,--exclude-libs,libatomic.a -Wl,--build-id -Wl,--fatal-warnings -Wl,--exclude-libs,libunwind.a -Wl,--no-undefined -Qunused-arguments -Wl,--gc-sections  -v CMakeFiles/cmTC_71408.dir/CMakeCCompilerABI.c.o  -o cmTC_71408 
Android (6317467 based on r365631c1) clang version 9.0.8 (https://android.googlesource.com/toolchain/llvm-project e0caee08e5f09b374a27a676d04978c81fcb1928) (based on LLVM 9.0.8svn)
Target: armv7-none-linux-android16
Thread model: posix
InstalledDir: /users/hello/library/Android/sdk/ndk/21.1.6352462/toolchains/llvm/prebuilt/darwin-x86_64/bin
Found candidate GCC installation: /users/hello/library/Android/sdk/ndk/21.1.6352462/toolchains/llvm/prebuilt/darwin-x86_64/lib/gcc/arm-linux-androideabi/4.9.x
Selected GCC installation: /users/hello/library/Android/sdk/ndk/21.1.6352462/toolchains/llvm/prebuilt/darwin-x86_64/lib/gcc/arm-linux-androideabi/4.9.x
Candidate multilib: thumb;@mthumb
Candidate multilib: armv7-a;@march=armv7-a
Candidate multilib: armv7-a/thumb;@march=armv7-a@mthumb
Candidate multilib: .;
Selected multilib: armv7-a/thumb;@march=armv7-a@mthumb
 "/users/hello/library/Android/sdk/ndk/21.1.6352462/toolchains/llvm/prebuilt/darwin-x86_64/lib/gcc/arm-linux-androideabi/4.9.x/../../../../arm-linux-androideabi/bin/ld" --sysroot=/users/hello/library/Android/sdk/ndk/21.1.6352462/toolchains/llvm/prebuilt/darwin-x86_64/sysroot -pie -z noexecstack -EL --warn-shared-textrel -z now -z relro -X --hash-style=both --enable-new-dtags --eh-frame-hdr -m armelf_linux_eabi -dynamic-linker /system/bin/linker -o cmTC_71408 /users/hello/library/Android/sdk/ndk/21.1.6352462/toolchains/llvm/prebuilt/darwin-x86_64/sysroot/usr/lib/arm-linux-androideabi/16/crtbegin_dynamic.o -L/users/hello/library/Android/sdk/ndk/21.1.6352462/toolchains/llvm/prebuilt/darwin-x86_64/lib64/clang/9.0.8/lib/linux/arm -L/users/hello/library/Android/sdk/ndk/21.1.6352462/toolchains/llvm/prebuilt/darwin-x86_64/lib/gcc/arm-linux-androideabi/4.9.x/armv7-a/thumb -L/users/hello/library/Android/sdk/ndk/21.1.6352462/toolchains/llvm/prebuilt/darwin-x86_64/lib/gcc/arm-linux-androideabi/4.9.x/../../../../arm-linux-androideabi/lib/../lib/armv7-a/thumb -L/users/hello/library/Android/sdk/ndk/21.1.6352462/toolchains/llvm/prebuilt/darwin-x86_64/sysroot/usr/lib/arm-linux-androideabi/16 -L/users/hello/library/Android/sdk/ndk/21.1.6352462/toolchains/llvm/prebuilt/darwin-x86_64/sysroot/usr/lib/arm-linux-androideabi -L/users/hello/library/Android/sdk/ndk/21.1.6352462/toolchains/llvm/prebuilt/darwin-x86_64/sysroot/usr/lib/../lib -L/users/hello/library/Android/sdk/ndk/21.1.6352462/toolchains/llvm/prebuilt/darwin-x86_64/sysroot/usr/lib/arm-linux-androideabi/../../lib -L/users/hello/library/Android/sdk/ndk/21.1.6352462/toolchains/llvm/prebuilt/darwin-x86_64/lib/gcc/arm-linux-androideabi/4.9.x/../../../../arm-linux-androideabi/lib/armv7-a/thumb -L/users/hello/library/Android/sdk/ndk/21.1.6352462/toolchains/llvm/prebuilt/darwin-x86_64/sysroot/usr/lib --exclude-libs libgcc.a --exclude-libs libgcc_real.a --exclude-libs libatomic.a --build-id --fatal-warnings --exclude-libs libunwind.a --no-undefined --gc-sections CMakeFiles/cmTC_71408.dir/CMakeCCompilerABI.c.o -lgcc -ldl -lc -lgcc -ldl /users/hello/library/Android/sdk/ndk/21.1.6352462/toolchains/llvm/prebuilt/darwin-x86_64/sysroot/usr/lib/arm-linux-androideabi/16/crtend_android.o


Parsed C implicit link information from above output:
  link line regex: [^( *|.*[/\])(arm-linux-androideabi-ld|CMAKE_LINK_STARTFILE-NOTFOUND|([^/\]+-)?ld|collect2)[^/\]*( |$)]
  ignore line: [Change Dir: /Users/hello/Desktop/dlib-19.21/dlib/build/armeabi-v7a/CMakeFiles/CMakeTmp]
  ignore line: []
  ignore line: [Run Build Command:"/usr/bin/make" "cmTC_71408/fast"]
  ignore line: [/Library/Developer/CommandLineTools/usr/bin/make -f CMakeFiles/cmTC_71408.dir/build.make CMakeFiles/cmTC_71408.dir/build]
  ignore line: [Building C object CMakeFiles/cmTC_71408.dir/CMakeCCompilerABI.c.o]
  ignore line: [/users/hello/library/Android/sdk/ndk/21.1.6352462/toolchains/llvm/prebuilt/darwin-x86_64/bin/clang --target=armv7-none-linux-androideabi16 --gcc-toolchain=/users/hello/library/Android/sdk/ndk/21.1.6352462/toolchains/llvm/prebuilt/darwin-x86_64 --sysroot=/users/hello/library/Android/sdk/ndk/21.1.6352462/toolchains/llvm/prebuilt/darwin-x86_64/sysroot   -g -DANDROID -fdata-sections -ffunction-sections -funwind-tables -fstack-protector-strong -no-canonical-prefixes -D_FORTIFY_SOURCE=2 -march=armv7-a -mthumb -Wformat -Werror=format-security -O3  -fPIE   -o CMakeFiles/cmTC_71408.dir/CMakeCCompilerABI.c.o   -c /Users/hello/Library/Android/sdk/cmake/3.10.2.4988404/share/cmake-3.10/Modules/CMakeCCompilerABI.c]
  ignore line: [Linking C executable cmTC_71408]
  ignore line: [/Users/hello/Library/Android/sdk/cmake/3.10.2.4988404/bin/cmake -E cmake_link_script CMakeFiles/cmTC_71408.dir/link.txt --verbose=1]
  ignore line: [/users/hello/library/Android/sdk/ndk/21.1.6352462/toolchains/llvm/prebuilt/darwin-x86_64/bin/clang --target=armv7-none-linux-androideabi16 --gcc-toolchain=/users/hello/library/Android/sdk/ndk/21.1.6352462/toolchains/llvm/prebuilt/darwin-x86_64 --sysroot=/users/hello/library/Android/sdk/ndk/21.1.6352462/toolchains/llvm/prebuilt/darwin-x86_64/sysroot -g -DANDROID -fdata-sections -ffunction-sections -funwind-tables -fstack-protector-strong -no-canonical-prefixes -D_FORTIFY_SOURCE=2 -march=armv7-a -mthumb -Wformat -Werror=format-security -O3   -Wl,--exclude-libs,libgcc.a -Wl,--exclude-libs,libgcc_real.a -Wl,--exclude-libs,libatomic.a -Wl,--build-id -Wl,--fatal-warnings -Wl,--exclude-libs,libunwind.a -Wl,--no-undefined -Qunused-arguments -Wl,--gc-sections  -v CMakeFiles/cmTC_71408.dir/CMakeCCompilerABI.c.o  -o cmTC_71408 ]
  ignore line: [Android (6317467 based on r365631c1) clang version 9.0.8 (https://android.googlesource.com/toolchain/llvm-project e0caee08e5f09b374a27a676d04978c81fcb1928) (based on LLVM 9.0.8svn)]
  ignore line: [Target: armv7-none-linux-android16]
  ignore line: [Thread model: posix]
  ignore line: [InstalledDir: /users/hello/library/Android/sdk/ndk/21.1.6352462/toolchains/llvm/prebuilt/darwin-x86_64/bin]
  ignore line: [Found candidate GCC installation: /users/hello/library/Android/sdk/ndk/21.1.6352462/toolchains/llvm/prebuilt/darwin-x86_64/lib/gcc/arm-linux-androideabi/4.9.x]
  ignore line: [Selected GCC installation: /users/hello/library/Android/sdk/ndk/21.1.6352462/toolchains/llvm/prebuilt/darwin-x86_64/lib/gcc/arm-linux-androideabi/4.9.x]
  ignore line: [Candidate multilib: thumb]
  ignore line: [@mthumb]
  ignore line: [Candidate multilib: armv7-a]
  ignore line: [@march=armv7-a]
  ignore line: [Candidate multilib: armv7-a/thumb]
  ignore line: [@march=armv7-a@mthumb]
  ignore line: [Candidate multilib: .]
  ignore line: []
  ignore line: [Selected multilib: armv7-a/thumb]
  ignore line: [@march=armv7-a@mthumb]
  link line: [ "/users/hello/library/Android/sdk/ndk/21.1.6352462/toolchains/llvm/prebuilt/darwin-x86_64/lib/gcc/arm-linux-androideabi/4.9.x/../../../../arm-linux-androideabi/bin/ld" --sysroot=/users/hello/library/Android/sdk/ndk/21.1.6352462/toolchains/llvm/prebuilt/darwin-x86_64/sysroot -pie -z noexecstack -EL --warn-shared-textrel -z now -z relro -X --hash-style=both --enable-new-dtags --eh-frame-hdr -m armelf_linux_eabi -dynamic-linker /system/bin/linker -o cmTC_71408 /users/hello/library/Android/sdk/ndk/21.1.6352462/toolchains/llvm/prebuilt/darwin-x86_64/sysroot/usr/lib/arm-linux-androideabi/16/crtbegin_dynamic.o -L/users/hello/library/Android/sdk/ndk/21.1.6352462/toolchains/llvm/prebuilt/darwin-x86_64/lib64/clang/9.0.8/lib/linux/arm -L/users/hello/library/Android/sdk/ndk/21.1.6352462/toolchains/llvm/prebuilt/darwin-x86_64/lib/gcc/arm-linux-androideabi/4.9.x/armv7-a/thumb -L/users/hello/library/Android/sdk/ndk/21.1.6352462/toolchains/llvm/prebuilt/darwin-x86_64/lib/gcc/arm-linux-androideabi/4.9.x/../../../../arm-linux-androideabi/lib/../lib/armv7-a/thumb -L/users/hello/library/Android/sdk/ndk/21.1.6352462/toolchains/llvm/prebuilt/darwin-x86_64/sysroot/usr/lib/arm-linux-androideabi/16 -L/users/hello/library/Android/sdk/ndk/21.1.6352462/toolchains/llvm/prebuilt/darwin-x86_64/sysroot/usr/lib/arm-linux-androideabi -L/users/hello/library/Android/sdk/ndk/21.1.6352462/toolchains/llvm/prebuilt/darwin-x86_64/sysroot/usr/lib/../lib -L/users/hello/library/Android/sdk/ndk/21.1.6352462/toolchains/llvm/prebuilt/darwin-x86_64/sysroot/usr/lib/arm-linux-androideabi/../../lib -L/users/hello/library/Android/sdk/ndk/21.1.6352462/toolchains/llvm/prebuilt/darwin-x86_64/lib/gcc/arm-linux-androideabi/4.9.x/../../../../arm-linux-androideabi/lib/armv7-a/thumb -L/users/hello/library/Android/sdk/ndk/21.1.6352462/toolchains/llvm/prebuilt/darwin-x86_64/sysroot/usr/lib --exclude-libs libgcc.a --exclude-libs libgcc_real.a --exclude-libs libatomic.a --build-id --fatal-warnings --exclude-libs libunwind.a --no-undefined --gc-sections CMakeFiles/cmTC_71408.dir/CMakeCCompilerABI.c.o -lgcc -ldl -lc -lgcc -ldl /users/hello/library/Android/sdk/ndk/21.1.6352462/toolchains/llvm/prebuilt/darwin-x86_64/sysroot/usr/lib/arm-linux-androideabi/16/crtend_android.o]
    arg [/users/hello/library/Android/sdk/ndk/21.1.6352462/toolchains/llvm/prebuilt/darwin-x86_64/lib/gcc/arm-linux-androideabi/4.9.x/../../../../arm-linux-androideabi/bin/ld] ==> ignore
    arg [--sysroot=/users/hello/library/Android/sdk/ndk/21.1.6352462/toolchains/llvm/prebuilt/darwin-x86_64/sysroot] ==> ignore
    arg [-pie] ==> ignore
    arg [-znoexecstack] ==> ignore
    arg [-EL] ==> ignore
    arg [--warn-shared-textrel] ==> ignore
    arg [-znow] ==> ignore
    arg [-zrelro] ==> ignore
    arg [-X] ==> ignore
    arg [--hash-style=both] ==> ignore
    arg [--enable-new-dtags] ==> ignore
    arg [--eh-frame-hdr] ==> ignore
    arg [-m] ==> ignore
    arg [armelf_linux_eabi] ==> ignore
    arg [-dynamic-linker] ==> ignore
    arg [/system/bin/linker] ==> ignore
    arg [-o] ==> ignore
    arg [cmTC_71408] ==> ignore
    arg [/users/hello/library/Android/sdk/ndk/21.1.6352462/toolchains/llvm/prebuilt/darwin-x86_64/sysroot/usr/lib/arm-linux-androideabi/16/crtbegin_dynamic.o] ==> ignore
    arg [-L/users/hello/library/Android/sdk/ndk/21.1.6352462/toolchains/llvm/prebuilt/darwin-x86_64/lib64/clang/9.0.8/lib/linux/arm] ==> dir [/users/hello/library/Android/sdk/ndk/21.1.6352462/toolchains/llvm/prebuilt/darwin-x86_64/lib64/clang/9.0.8/lib/linux/arm]
    arg [-L/users/hello/library/Android/sdk/ndk/21.1.6352462/toolchains/llvm/prebuilt/darwin-x86_64/lib/gcc/arm-linux-androideabi/4.9.x/armv7-a/thumb] ==> dir [/users/hello/library/Android/sdk/ndk/21.1.6352462/toolchains/llvm/prebuilt/darwin-x86_64/lib/gcc/arm-linux-androideabi/4.9.x/armv7-a/thumb]
    arg [-L/users/hello/library/Android/sdk/ndk/21.1.6352462/toolchains/llvm/prebuilt/darwin-x86_64/lib/gcc/arm-linux-androideabi/4.9.x/../../../../arm-linux-androideabi/lib/../lib/armv7-a/thumb] ==> dir [/users/hello/library/Android/sdk/ndk/21.1.6352462/toolchains/llvm/prebuilt/darwin-x86_64/lib/gcc/arm-linux-androideabi/4.9.x/../../../../arm-linux-androideabi/lib/../lib/armv7-a/thumb]
    arg [-L/users/hello/library/Android/sdk/ndk/21.1.6352462/toolchains/llvm/prebuilt/darwin-x86_64/sysroot/usr/lib/arm-linux-androideabi/16] ==> dir [/users/hello/library/Android/sdk/ndk/21.1.6352462/toolchains/llvm/prebuilt/darwin-x86_64/sysroot/usr/lib/arm-linux-androideabi/16]
    arg [-L/users/hello/library/Android/sdk/ndk/21.1.6352462/toolchains/llvm/prebuilt/darwin-x86_64/sysroot/usr/lib/arm-linux-androideabi] ==> dir [/users/hello/library/Android/sdk/ndk/21.1.6352462/toolchains/llvm/prebuilt/darwin-x86_64/sysroot/usr/lib/arm-linux-androideabi]
    arg [-L/users/hello/library/Android/sdk/ndk/21.1.6352462/toolchains/llvm/prebuilt/darwin-x86_64/sysroot/usr/lib/../lib] ==> dir [/users/hello/library/Android/sdk/ndk/21.1.6352462/toolchains/llvm/prebuilt/darwin-x86_64/sysroot/usr/lib/../lib]
    arg [-L/users/hello/library/Android/sdk/ndk/21.1.6352462/toolchains/llvm/prebuilt/darwin-x86_64/sysroot/usr/lib/arm-linux-androideabi/../../lib] ==> dir [/users/hello/library/Android/sdk/ndk/21.1.6352462/toolchains/llvm/prebuilt/darwin-x86_64/sysroot/usr/lib/arm-linux-androideabi/../../lib]
    arg [-L/users/hello/library/Android/sdk/ndk/21.1.6352462/toolchains/llvm/prebuilt/darwin-x86_64/lib/gcc/arm-linux-androideabi/4.9.x/../../../../arm-linux-androideabi/lib/armv7-a/thumb] ==> dir [/users/hello/library/Android/sdk/ndk/21.1.6352462/toolchains/llvm/prebuilt/darwin-x86_64/lib/gcc/arm-linux-androideabi/4.9.x/../../../../arm-linux-androideabi/lib/armv7-a/thumb]
    arg [-L/users/hello/library/Android/sdk/ndk/21.1.6352462/toolchains/llvm/prebuilt/darwin-x86_64/sysroot/usr/lib] ==> dir [/users/hello/library/Android/sdk/ndk/21.1.6352462/toolchains/llvm/prebuilt/darwin-x86_64/sysroot/usr/lib]
    arg [--exclude-libs] ==> ignore
    arg [libgcc.a] ==> ignore
    arg [--exclude-libs] ==> ignore
    arg [libgcc_real.a] ==> ignore
    arg [--exclude-libs] ==> ignore
    arg [libatomic.a] ==> ignore
    arg [--build-id] ==> ignore
    arg [--fatal-warnings] ==> ignore
    arg [--exclude-libs] ==> ignore
    arg [libunwind.a] ==> ignore
    arg [--no-undefined] ==> ignore
    arg [--gc-sections] ==> ignore
    arg [CMakeFiles/cmTC_71408.dir/CMakeCCompilerABI.c.o] ==> ignore
    arg [-lgcc] ==> lib [gcc]
    arg [-ldl] ==> lib [dl]
    arg [-lc] ==> lib [c]
    arg [-lgcc] ==> lib [gcc]
    arg [-ldl] ==> lib [dl]
    arg [/users/hello/library/Android/sdk/ndk/21.1.6352462/toolchains/llvm/prebuilt/darwin-x86_64/sysroot/usr/lib/arm-linux-androideabi/16/crtend_android.o] ==> ignore
  collapse library dir [/users/hello/library/Android/sdk/ndk/21.1.6352462/toolchains/llvm/prebuilt/darwin-x86_64/lib64/clang/9.0.8/lib/linux/arm] ==> [/users/hello/library/Android/sdk/ndk/21.1.6352462/toolchains/llvm/prebuilt/darwin-x86_64/lib64/clang/9.0.8/lib/linux/arm]
  collapse library dir [/users/hello/library/Android/sdk/ndk/21.1.6352462/toolchains/llvm/prebuilt/darwin-x86_64/lib/gcc/arm-linux-androideabi/4.9.x/armv7-a/thumb] ==> [/users/hello/library/Android/sdk/ndk/21.1.6352462/toolchains/llvm/prebuilt/darwin-x86_64/lib/gcc/arm-linux-androideabi/4.9.x/armv7-a/thumb]
  collapse library dir [/users/hello/library/Android/sdk/ndk/21.1.6352462/toolchains/llvm/prebuilt/darwin-x86_64/lib/gcc/arm-linux-androideabi/4.9.x/../../../../arm-linux-androideabi/lib/../lib/armv7-a/thumb] ==> [/users/hello/library/Android/sdk/ndk/21.1.6352462/toolchains/llvm/prebuilt/darwin-x86_64/arm-linux-androideabi/lib/armv7-a/thumb]
  collapse library dir [/users/hello/library/Android/sdk/ndk/21.1.6352462/toolchains/llvm/prebuilt/darwin-x86_64/sysroot/usr/lib/arm-linux-androideabi/16] ==> [/users/hello/library/Android/sdk/ndk/21.1.6352462/toolchains/llvm/prebuilt/darwin-x86_64/sysroot/usr/lib/arm-linux-androideabi/16]
  collapse library dir [/users/hello/library/Android/sdk/ndk/21.1.6352462/toolchains/llvm/prebuilt/darwin-x86_64/sysroot/usr/lib/arm-linux-androideabi] ==> [/users/hello/library/Android/sdk/ndk/21.1.6352462/toolchains/llvm/prebuilt/darwin-x86_64/sysroot/usr/lib/arm-linux-androideabi]
  collapse library dir [/users/hello/library/Android/sdk/ndk/21.1.6352462/toolchains/llvm/prebuilt/darwin-x86_64/sysroot/usr/lib/../lib] ==> [/users/hello/library/Android/sdk/ndk/21.1.6352462/toolchains/llvm/prebuilt/darwin-x86_64/sysroot/usr/lib]
  collapse library dir [/users/hello/library/Android/sdk/ndk/21.1.6352462/toolchains/llvm/prebuilt/darwin-x86_64/sysroot/usr/lib/arm-linux-androideabi/../../lib] ==> [/users/hello/library/Android/sdk/ndk/21.1.6352462/toolchains/llvm/prebuilt/darwin-x86_64/sysroot/usr/lib]
  collapse library dir [/users/hello/library/Android/sdk/ndk/21.1.6352462/toolchains/llvm/prebuilt/darwin-x86_64/lib/gcc/arm-linux-androideabi/4.9.x/../../../../arm-linux-androideabi/lib/armv7-a/thumb] ==> [/users/hello/library/Android/sdk/ndk/21.1.6352462/toolchains/llvm/prebuilt/darwin-x86_64/arm-linux-androideabi/lib/armv7-a/thumb]
  collapse library dir [/users/hello/library/Android/sdk/ndk/21.1.6352462/toolchains/llvm/prebuilt/darwin-x86_64/sysroot/usr/lib] ==> [/users/hello/library/Android/sdk/ndk/21.1.6352462/toolchains/llvm/prebuilt/darwin-x86_64/sysroot/usr/lib]
  implicit libs: [gcc;dl;c;gcc;dl]
  implicit dirs: [/users/hello/library/Android/sdk/ndk/21.1.6352462/toolchains/llvm/prebuilt/darwin-x86_64/lib64/clang/9.0.8/lib/linux/arm;/users/hello/library/Android/sdk/ndk/21.1.6352462/toolchains/llvm/prebuilt/darwin-x86_64/lib/gcc/arm-linux-androideabi/4.9.x/armv7-a/thumb;/users/hello/library/Android/sdk/ndk/21.1.6352462/toolchains/llvm/prebuilt/darwin-x86_64/arm-linux-androideabi/lib/armv7-a/thumb;/users/hello/library/Android/sdk/ndk/21.1.6352462/toolchains/llvm/prebuilt/darwin-x86_64/sysroot/usr/lib/arm-linux-androideabi/16;/users/hello/library/Android/sdk/ndk/21.1.6352462/toolchains/llvm/prebuilt/darwin-x86_64/sysroot/usr/lib/arm-linux-androideabi;/users/hello/library/Android/sdk/ndk/21.1.6352462/toolchains/llvm/prebuilt/darwin-x86_64/sysroot/usr/lib]
  implicit fwks: []




Detecting C [-std=c11] compiler features compiled with the following output:
Change Dir: /Users/hello/Desktop/dlib-19.21/dlib/build/armeabi-v7a/CMakeFiles/CMakeTmp

Run Build Command:"/usr/bin/make" "cmTC_907d5/fast"
/Library/Developer/CommandLineTools/usr/bin/make -f CMakeFiles/cmTC_907d5.dir/build.make CMakeFiles/cmTC_907d5.dir/build
Building C object CMakeFiles/cmTC_907d5.dir/feature_tests.c.o
/users/hello/library/Android/sdk/ndk/21.1.6352462/toolchains/llvm/prebuilt/darwin-x86_64/bin/clang --target=armv7-none-linux-androideabi16 --gcc-toolchain=/users/hello/library/Android/sdk/ndk/21.1.6352462/toolchains/llvm/prebuilt/darwin-x86_64 --sysroot=/users/hello/library/Android/sdk/ndk/21.1.6352462/toolchains/llvm/prebuilt/darwin-x86_64/sysroot   -g -DANDROID -fdata-sections -ffunction-sections -funwind-tables -fstack-protector-strong -no-canonical-prefixes -D_FORTIFY_SOURCE=2 -march=armv7-a -mthumb -Wformat -Werror=format-security -O3  -fPIE   -std=c11 -o CMakeFiles/cmTC_907d5.dir/feature_tests.c.o   -c /Users/hello/Desktop/dlib-19.21/dlib/build/armeabi-v7a/CMakeFiles/feature_tests.c
Linking C executable cmTC_907d5
/Users/hello/Library/Android/sdk/cmake/3.10.2.4988404/bin/cmake -E cmake_link_script CMakeFiles/cmTC_907d5.dir/link.txt --verbose=1
/users/hello/library/Android/sdk/ndk/21.1.6352462/toolchains/llvm/prebuilt/darwin-x86_64/bin/clang --target=armv7-none-linux-androideabi16 --gcc-toolchain=/users/hello/library/Android/sdk/ndk/21.1.6352462/toolchains/llvm/prebuilt/darwin-x86_64 --sysroot=/users/hello/library/Android/sdk/ndk/21.1.6352462/toolchains/llvm/prebuilt/darwin-x86_64/sysroot -g -DANDROID -fdata-sections -ffunction-sections -funwind-tables -fstack-protector-strong -no-canonical-prefixes -D_FORTIFY_SOURCE=2 -march=armv7-a -mthumb -Wformat -Werror=format-security -O3   -Wl,--exclude-libs,libgcc.a -Wl,--exclude-libs,libgcc_real.a -Wl,--exclude-libs,libatomic.a -Wl,--build-id -Wl,--fatal-warnings -Wl,--exclude-libs,libunwind.a -Wl,--no-undefined -Qunused-arguments -Wl,--gc-sections   CMakeFiles/cmTC_907d5.dir/feature_tests.c.o  -o cmTC_907d5 -latomic -lm 


    Feature record: C_FEATURE:1c_function_prototypes
    Feature record: C_FEATURE:1c_restrict
    Feature record: C_FEATURE:1c_static_assert
    Feature record: C_FEATURE:1c_variadic_macros


Detecting C [-std=c99] compiler features compiled with the following output:
Change Dir: /Users/hello/Desktop/dlib-19.21/dlib/build/armeabi-v7a/CMakeFiles/CMakeTmp

Run Build Command:"/usr/bin/make" "cmTC_93ef5/fast"
/Library/Developer/CommandLineTools/usr/bin/make -f CMakeFiles/cmTC_93ef5.dir/build.make CMakeFiles/cmTC_93ef5.dir/build
Building C object CMakeFiles/cmTC_93ef5.dir/feature_tests.c.o
/users/hello/library/Android/sdk/ndk/21.1.6352462/toolchains/llvm/prebuilt/darwin-x86_64/bin/clang --target=armv7-none-linux-androideabi16 --gcc-toolchain=/users/hello/library/Android/sdk/ndk/21.1.6352462/toolchains/llvm/prebuilt/darwin-x86_64 --sysroot=/users/hello/library/Android/sdk/ndk/21.1.6352462/toolchains/llvm/prebuilt/darwin-x86_64/sysroot   -g -DANDROID -fdata-sections -ffunction-sections -funwind-tables -fstack-protector-strong -no-canonical-prefixes -D_FORTIFY_SOURCE=2 -march=armv7-a -mthumb -Wformat -Werror=format-security -O3  -fPIE   -std=c99 -o CMakeFiles/cmTC_93ef5.dir/feature_tests.c.o   -c /Users/hello/Desktop/dlib-19.21/dlib/build/armeabi-v7a/CMakeFiles/feature_tests.c
Linking C executable cmTC_93ef5
/Users/hello/Library/Android/sdk/cmake/3.10.2.4988404/bin/cmake -E cmake_link_script CMakeFiles/cmTC_93ef5.dir/link.txt --verbose=1
/users/hello/library/Android/sdk/ndk/21.1.6352462/toolchains/llvm/prebuilt/darwin-x86_64/bin/clang --target=armv7-none-linux-androideabi16 --gcc-toolchain=/users/hello/library/Android/sdk/ndk/21.1.6352462/toolchains/llvm/prebuilt/darwin-x86_64 --sysroot=/users/hello/library/Android/sdk/ndk/21.1.6352462/toolchains/llvm/prebuilt/darwin-x86_64/sysroot -g -DANDROID -fdata-sections -ffunction-sections -funwind-tables -fstack-protector-strong -no-canonical-prefixes -D_FORTIFY_SOURCE=2 -march=armv7-a -mthumb -Wformat -Werror=format-security -O3   -Wl,--exclude-libs,libgcc.a -Wl,--exclude-libs,libgcc_real.a -Wl,--exclude-libs,libatomic.a -Wl,--build-id -Wl,--fatal-warnings -Wl,--exclude-libs,libunwind.a -Wl,--no-undefined -Qunused-arguments -Wl,--gc-sections   CMakeFiles/cmTC_93ef5.dir/feature_tests.c.o  -o cmTC_93ef5 -latomic -lm 


    Feature record: C_FEATURE:1c_function_prototypes
    Feature record: C_FEATURE:1c_restrict
    Feature record: C_FEATURE:0c_static_assert
    Feature record: C_FEATURE:1c_variadic_macros


Detecting C [-std=c90] compiler features compiled with the following output:
Change Dir: /Users/hello/Desktop/dlib-19.21/dlib/build/armeabi-v7a/CMakeFiles/CMakeTmp

Run Build Command:"/usr/bin/make" "cmTC_4a52c/fast"
/Library/Developer/CommandLineTools/usr/bin/make -f CMakeFiles/cmTC_4a52c.dir/build.make CMakeFiles/cmTC_4a52c.dir/build
Building C object CMakeFiles/cmTC_4a52c.dir/feature_tests.c.o
/users/hello/library/Android/sdk/ndk/21.1.6352462/toolchains/llvm/prebuilt/darwin-x86_64/bin/clang --target=armv7-none-linux-androideabi16 --gcc-toolchain=/users/hello/library/Android/sdk/ndk/21.1.6352462/toolchains/llvm/prebuilt/darwin-x86_64 --sysroot=/users/hello/library/Android/sdk/ndk/21.1.6352462/toolchains/llvm/prebuilt/darwin-x86_64/sysroot   -g -DANDROID -fdata-sections -ffunction-sections -funwind-tables -fstack-protector-strong -no-canonical-prefixes -D_FORTIFY_SOURCE=2 -march=armv7-a -mthumb -Wformat -Werror=format-security -O3  -fPIE   -std=c90 -o CMakeFiles/cmTC_4a52c.dir/feature_tests.c.o   -c /Users/hello/Desktop/dlib-19.21/dlib/build/armeabi-v7a/CMakeFiles/feature_tests.c
Linking C executable cmTC_4a52c
/Users/hello/Library/Android/sdk/cmake/3.10.2.4988404/bin/cmake -E cmake_link_script CMakeFiles/cmTC_4a52c.dir/link.txt --verbose=1
/users/hello/library/Android/sdk/ndk/21.1.6352462/toolchains/llvm/prebuilt/darwin-x86_64/bin/clang --target=armv7-none-linux-androideabi16 --gcc-toolchain=/users/hello/library/Android/sdk/ndk/21.1.6352462/toolchains/llvm/prebuilt/darwin-x86_64 --sysroot=/users/hello/library/Android/sdk/ndk/21.1.6352462/toolchains/llvm/prebuilt/darwin-x86_64/sysroot -g -DANDROID -fdata-sections -ffunction-sections -funwind-tables -fstack-protector-strong -no-canonical-prefixes -D_FORTIFY_SOURCE=2 -march=armv7-a -mthumb -Wformat -Werror=format-security -O3   -Wl,--exclude-libs,libgcc.a -Wl,--exclude-libs,libgcc_real.a -Wl,--exclude-libs,libatomic.a -Wl,--build-id -Wl,--fatal-warnings -Wl,--exclude-libs,libunwind.a -Wl,--no-undefined -Qunused-arguments -Wl,--gc-sections   CMakeFiles/cmTC_4a52c.dir/feature_tests.c.o  -o cmTC_4a52c -latomic -lm 


    Feature record: C_FEATURE:1c_function_prototypes
    Feature record: C_FEATURE:0c_restrict
    Feature record: C_FEATURE:0c_static_assert
    Feature record: C_FEATURE:0c_variadic_macros
Determining if the CXX compiler works passed with the following output:
Change Dir: /Users/hello/Desktop/dlib-19.21/dlib/build/armeabi-v7a/CMakeFiles/CMakeTmp

Run Build Command:"/usr/bin/make" "cmTC_c10d3/fast"
/Library/Developer/CommandLineTools/usr/bin/make -f CMakeFiles/cmTC_c10d3.dir/build.make CMakeFiles/cmTC_c10d3.dir/build
Building CXX object CMakeFiles/cmTC_c10d3.dir/testCXXCompiler.cxx.o
/users/hello/library/Android/sdk/ndk/21.1.6352462/toolchains/llvm/prebuilt/darwin-x86_64/bin/clang++ --target=armv7-none-linux-androideabi16 --gcc-toolchain=/users/hello/library/Android/sdk/ndk/21.1.6352462/toolchains/llvm/prebuilt/darwin-x86_64 --sysroot=/users/hello/library/Android/sdk/ndk/21.1.6352462/toolchains/llvm/prebuilt/darwin-x86_64/sysroot    -g -DANDROID -fdata-sections -ffunction-sections -funwind-tables -fstack-protector-strong -no-canonical-prefixes -D_FORTIFY_SOURCE=2 -march=armv7-a -mthumb -Wformat -Werror=format-security -frtti -std=c++11 -frtti -fexceptions  -fPIE   -o CMakeFiles/cmTC_c10d3.dir/testCXXCompiler.cxx.o -c /Users/hello/Desktop/dlib-19.21/dlib/build/armeabi-v7a/CMakeFiles/CMakeTmp/testCXXCompiler.cxx
Linking CXX executable cmTC_c10d3
/Users/hello/Library/Android/sdk/cmake/3.10.2.4988404/bin/cmake -E cmake_link_script CMakeFiles/cmTC_c10d3.dir/link.txt --verbose=1
/users/hello/library/Android/sdk/ndk/21.1.6352462/toolchains/llvm/prebuilt/darwin-x86_64/bin/clang++ --target=armv7-none-linux-androideabi16 --gcc-toolchain=/users/hello/library/Android/sdk/ndk/21.1.6352462/toolchains/llvm/prebuilt/darwin-x86_64 --sysroot=/users/hello/library/Android/sdk/ndk/21.1.6352462/toolchains/llvm/prebuilt/darwin-x86_64/sysroot  -g -DANDROID -fdata-sections -ffunction-sections -funwind-tables -fstack-protector-strong -no-canonical-prefixes -D_FORTIFY_SOURCE=2 -march=armv7-a -mthumb -Wformat -Werror=format-security -frtti -std=c++11 -frtti -fexceptions   -Wl,--exclude-libs,libgcc.a -Wl,--exclude-libs,libgcc_real.a -Wl,--exclude-libs,libatomic.a -Wl,--build-id -Wl,--fatal-warnings -Wl,--exclude-libs,libunwind.a -Wl,--no-undefined -Qunused-arguments -Wl,--gc-sections   CMakeFiles/cmTC_c10d3.dir/testCXXCompiler.cxx.o  -o cmTC_c10d3 -latomic -lm 


Detecting CXX compiler ABI info compiled with the following output:
Change Dir: /Users/hello/Desktop/dlib-19.21/dlib/build/armeabi-v7a/CMakeFiles/CMakeTmp

Run Build Command:"/usr/bin/make" "cmTC_600d5/fast"
/Library/Developer/CommandLineTools/usr/bin/make -f CMakeFiles/cmTC_600d5.dir/build.make CMakeFiles/cmTC_600d5.dir/build
Building CXX object CMakeFiles/cmTC_600d5.dir/CMakeCXXCompilerABI.cpp.o
/users/hello/library/Android/sdk/ndk/21.1.6352462/toolchains/llvm/prebuilt/darwin-x86_64/bin/clang++ --target=armv7-none-linux-androideabi16 --gcc-toolchain=/users/hello/library/Android/sdk/ndk/21.1.6352462/toolchains/llvm/prebuilt/darwin-x86_64 --sysroot=/users/hello/library/Android/sdk/ndk/21.1.6352462/toolchains/llvm/prebuilt/darwin-x86_64/sysroot    -g -DANDROID -fdata-sections -ffunction-sections -funwind-tables -fstack-protector-strong -no-canonical-prefixes -D_FORTIFY_SOURCE=2 -march=armv7-a -mthumb -Wformat -Werror=format-security -frtti -std=c++11 -frtti -fexceptions  -fPIE   -o CMakeFiles/cmTC_600d5.dir/CMakeCXXCompilerABI.cpp.o -c /Users/hello/Library/Android/sdk/cmake/3.10.2.4988404/share/cmake-3.10/Modules/CMakeCXXCompilerABI.cpp
Linking CXX executable cmTC_600d5
/Users/hello/Library/Android/sdk/cmake/3.10.2.4988404/bin/cmake -E cmake_link_script CMakeFiles/cmTC_600d5.dir/link.txt --verbose=1
/users/hello/library/Android/sdk/ndk/21.1.6352462/toolchains/llvm/prebuilt/darwin-x86_64/bin/clang++ --target=armv7-none-linux-androideabi16 --gcc-toolchain=/users/hello/library/Android/sdk/ndk/21.1.6352462/toolchains/llvm/prebuilt/darwin-x86_64 --sysroot=/users/hello/library/Android/sdk/ndk/21.1.6352462/toolchains/llvm/prebuilt/darwin-x86_64/sysroot  -g -DANDROID -fdata-sections -ffunction-sections -funwind-tables -fstack-protector-strong -no-canonical-prefixes -D_FORTIFY_SOURCE=2 -march=armv7-a -mthumb -Wformat -Werror=format-security -frtti -std=c++11 -frtti -fexceptions   -Wl,--exclude-libs,libgcc.a -Wl,--exclude-libs,libgcc_real.a -Wl,--exclude-libs,libatomic.a -Wl,--build-id -Wl,--fatal-warnings -Wl,--exclude-libs,libunwind.a -Wl,--no-undefined -Qunused-arguments -Wl,--gc-sections  -v CMakeFiles/cmTC_600d5.dir/CMakeCXXCompilerABI.cpp.o  -o cmTC_600d5 
Android (6317467 based on r365631c1) clang version 9.0.8 (https://android.googlesource.com/toolchain/llvm-project e0caee08e5f09b374a27a676d04978c81fcb1928) (based on LLVM 9.0.8svn)
Target: armv7-none-linux-android16
Thread model: posix
InstalledDir: /users/hello/library/Android/sdk/ndk/21.1.6352462/toolchains/llvm/prebuilt/darwin-x86_64/bin
Found candidate GCC installation: /users/hello/library/Android/sdk/ndk/21.1.6352462/toolchains/llvm/prebuilt/darwin-x86_64/lib/gcc/arm-linux-androideabi/4.9.x
Selected GCC installation: /users/hello/library/Android/sdk/ndk/21.1.6352462/toolchains/llvm/prebuilt/darwin-x86_64/lib/gcc/arm-linux-androideabi/4.9.x
Candidate multilib: thumb;@mthumb
Candidate multilib: armv7-a;@march=armv7-a
Candidate multilib: armv7-a/thumb;@march=armv7-a@mthumb
Candidate multilib: .;
Selected multilib: armv7-a/thumb;@march=armv7-a@mthumb
 "/users/hello/library/Android/sdk/ndk/21.1.6352462/toolchains/llvm/prebuilt/darwin-x86_64/lib/gcc/arm-linux-androideabi/4.9.x/../../../../arm-linux-androideabi/bin/ld" --sysroot=/users/hello/library/Android/sdk/ndk/21.1.6352462/toolchains/llvm/prebuilt/darwin-x86_64/sysroot -pie -z noexecstack -EL --warn-shared-textrel -z now -z relro -X --hash-style=both --enable-new-dtags --eh-frame-hdr -m armelf_linux_eabi -dynamic-linker /system/bin/linker -o cmTC_600d5 /users/hello/library/Android/sdk/ndk/21.1.6352462/toolchains/llvm/prebuilt/darwin-x86_64/sysroot/usr/lib/arm-linux-androideabi/16/crtbegin_dynamic.o -L/users/hello/library/Android/sdk/ndk/21.1.6352462/toolchains/llvm/prebuilt/darwin-x86_64/lib64/clang/9.0.8/lib/linux/arm -L/users/hello/library/Android/sdk/ndk/21.1.6352462/toolchains/llvm/prebuilt/darwin-x86_64/lib/gcc/arm-linux-androideabi/4.9.x/armv7-a/thumb -L/users/hello/library/Android/sdk/ndk/21.1.6352462/toolchains/llvm/prebuilt/darwin-x86_64/lib/gcc/arm-linux-androideabi/4.9.x/../../../../arm-linux-androideabi/lib/../lib/armv7-a/thumb -L/users/hello/library/Android/sdk/ndk/21.1.6352462/toolchains/llvm/prebuilt/darwin-x86_64/sysroot/usr/lib/arm-linux-androideabi/16 -L/users/hello/library/Android/sdk/ndk/21.1.6352462/toolchains/llvm/prebuilt/darwin-x86_64/sysroot/usr/lib/arm-linux-androideabi -L/users/hello/library/Android/sdk/ndk/21.1.6352462/toolchains/llvm/prebuilt/darwin-x86_64/sysroot/usr/lib/../lib -L/users/hello/library/Android/sdk/ndk/21.1.6352462/toolchains/llvm/prebuilt/darwin-x86_64/sysroot/usr/lib/arm-linux-androideabi/../../lib -L/users/hello/library/Android/sdk/ndk/21.1.6352462/toolchains/llvm/prebuilt/darwin-x86_64/lib/gcc/arm-linux-androideabi/4.9.x/../../../../arm-linux-androideabi/lib/armv7-a/thumb -L/users/hello/library/Android/sdk/ndk/21.1.6352462/toolchains/llvm/prebuilt/darwin-x86_64/sysroot/usr/lib --exclude-libs libgcc.a --exclude-libs libgcc_real.a --exclude-libs libatomic.a --build-id --fatal-warnings --exclude-libs libunwind.a --no-undefined --gc-sections CMakeFiles/cmTC_600d5.dir/CMakeCXXCompilerABI.cpp.o -lc++ -lm -lgcc -ldl -lc -lgcc -ldl /users/hello/library/Android/sdk/ndk/21.1.6352462/toolchains/llvm/prebuilt/darwin-x86_64/sysroot/usr/lib/arm-linux-androideabi/16/crtend_android.o


Parsed CXX implicit link information from above output:
  link line regex: [^( *|.*[/\])(arm-linux-androideabi-ld|CMAKE_LINK_STARTFILE-NOTFOUND|([^/\]+-)?ld|collect2)[^/\]*( |$)]
  ignore line: [Change Dir: /Users/hello/Desktop/dlib-19.21/dlib/build/armeabi-v7a/CMakeFiles/CMakeTmp]
  ignore line: []
  ignore line: [Run Build Command:"/usr/bin/make" "cmTC_600d5/fast"]
  ignore line: [/Library/Developer/CommandLineTools/usr/bin/make -f CMakeFiles/cmTC_600d5.dir/build.make CMakeFiles/cmTC_600d5.dir/build]
  ignore line: [Building CXX object CMakeFiles/cmTC_600d5.dir/CMakeCXXCompilerABI.cpp.o]
  ignore line: [/users/hello/library/Android/sdk/ndk/21.1.6352462/toolchains/llvm/prebuilt/darwin-x86_64/bin/clang++ --target=armv7-none-linux-androideabi16 --gcc-toolchain=/users/hello/library/Android/sdk/ndk/21.1.6352462/toolchains/llvm/prebuilt/darwin-x86_64 --sysroot=/users/hello/library/Android/sdk/ndk/21.1.6352462/toolchains/llvm/prebuilt/darwin-x86_64/sysroot    -g -DANDROID -fdata-sections -ffunction-sections -funwind-tables -fstack-protector-strong -no-canonical-prefixes -D_FORTIFY_SOURCE=2 -march=armv7-a -mthumb -Wformat -Werror=format-security -frtti -std=c++11 -frtti -fexceptions  -fPIE   -o CMakeFiles/cmTC_600d5.dir/CMakeCXXCompilerABI.cpp.o -c /Users/hello/Library/Android/sdk/cmake/3.10.2.4988404/share/cmake-3.10/Modules/CMakeCXXCompilerABI.cpp]
  ignore line: [Linking CXX executable cmTC_600d5]
  ignore line: [/Users/hello/Library/Android/sdk/cmake/3.10.2.4988404/bin/cmake -E cmake_link_script CMakeFiles/cmTC_600d5.dir/link.txt --verbose=1]
  ignore line: [/users/hello/library/Android/sdk/ndk/21.1.6352462/toolchains/llvm/prebuilt/darwin-x86_64/bin/clang++ --target=armv7-none-linux-androideabi16 --gcc-toolchain=/users/hello/library/Android/sdk/ndk/21.1.6352462/toolchains/llvm/prebuilt/darwin-x86_64 --sysroot=/users/hello/library/Android/sdk/ndk/21.1.6352462/toolchains/llvm/prebuilt/darwin-x86_64/sysroot  -g -DANDROID -fdata-sections -ffunction-sections -funwind-tables -fstack-protector-strong -no-canonical-prefixes -D_FORTIFY_SOURCE=2 -march=armv7-a -mthumb -Wformat -Werror=format-security -frtti -std=c++11 -frtti -fexceptions   -Wl,--exclude-libs,libgcc.a -Wl,--exclude-libs,libgcc_real.a -Wl,--exclude-libs,libatomic.a -Wl,--build-id -Wl,--fatal-warnings -Wl,--exclude-libs,libunwind.a -Wl,--no-undefined -Qunused-arguments -Wl,--gc-sections  -v CMakeFiles/cmTC_600d5.dir/CMakeCXXCompilerABI.cpp.o  -o cmTC_600d5 ]
  ignore line: [Android (6317467 based on r365631c1) clang version 9.0.8 (https://android.googlesource.com/toolchain/llvm-project e0caee08e5f09b374a27a676d04978c81fcb1928) (based on LLVM 9.0.8svn)]
  ignore line: [Target: armv7-none-linux-android16]
  ignore line: [Thread model: posix]
  ignore line: [InstalledDir: /users/hello/library/Android/sdk/ndk/21.1.6352462/toolchains/llvm/prebuilt/darwin-x86_64/bin]
  ignore line: [Found candidate GCC installation: /users/hello/library/Android/sdk/ndk/21.1.6352462/toolchains/llvm/prebuilt/darwin-x86_64/lib/gcc/arm-linux-androideabi/4.9.x]
  ignore line: [Selected GCC installation: /users/hello/library/Android/sdk/ndk/21.1.6352462/toolchains/llvm/prebuilt/darwin-x86_64/lib/gcc/arm-linux-androideabi/4.9.x]
  ignore line: [Candidate multilib: thumb]
  ignore line: [@mthumb]
  ignore line: [Candidate multilib: armv7-a]
  ignore line: [@march=armv7-a]
  ignore line: [Candidate multilib: armv7-a/thumb]
  ignore line: [@march=armv7-a@mthumb]
  ignore line: [Candidate multilib: .]
  ignore line: []
  ignore line: [Selected multilib: armv7-a/thumb]
  ignore line: [@march=armv7-a@mthumb]
  link line: [ "/users/hello/library/Android/sdk/ndk/21.1.6352462/toolchains/llvm/prebuilt/darwin-x86_64/lib/gcc/arm-linux-androideabi/4.9.x/../../../../arm-linux-androideabi/bin/ld" --sysroot=/users/hello/library/Android/sdk/ndk/21.1.6352462/toolchains/llvm/prebuilt/darwin-x86_64/sysroot -pie -z noexecstack -EL --warn-shared-textrel -z now -z relro -X --hash-style=both --enable-new-dtags --eh-frame-hdr -m armelf_linux_eabi -dynamic-linker /system/bin/linker -o cmTC_600d5 /users/hello/library/Android/sdk/ndk/21.1.6352462/toolchains/llvm/prebuilt/darwin-x86_64/sysroot/usr/lib/arm-linux-androideabi/16/crtbegin_dynamic.o -L/users/hello/library/Android/sdk/ndk/21.1.6352462/toolchains/llvm/prebuilt/darwin-x86_64/lib64/clang/9.0.8/lib/linux/arm -L/users/hello/library/Android/sdk/ndk/21.1.6352462/toolchains/llvm/prebuilt/darwin-x86_64/lib/gcc/arm-linux-androideabi/4.9.x/armv7-a/thumb -L/users/hello/library/Android/sdk/ndk/21.1.6352462/toolchains/llvm/prebuilt/darwin-x86_64/lib/gcc/arm-linux-androideabi/4.9.x/../../../../arm-linux-androideabi/lib/../lib/armv7-a/thumb -L/users/hello/library/Android/sdk/ndk/21.1.6352462/toolchains/llvm/prebuilt/darwin-x86_64/sysroot/usr/lib/arm-linux-androideabi/16 -L/users/hello/library/Android/sdk/ndk/21.1.6352462/toolchains/llvm/prebuilt/darwin-x86_64/sysroot/usr/lib/arm-linux-androideabi -L/users/hello/library/Android/sdk/ndk/21.1.6352462/toolchains/llvm/prebuilt/darwin-x86_64/sysroot/usr/lib/../lib -L/users/hello/library/Android/sdk/ndk/21.1.6352462/toolchains/llvm/prebuilt/darwin-x86_64/sysroot/usr/lib/arm-linux-androideabi/../../lib -L/users/hello/library/Android/sdk/ndk/21.1.6352462/toolchains/llvm/prebuilt/darwin-x86_64/lib/gcc/arm-linux-androideabi/4.9.x/../../../../arm-linux-androideabi/lib/armv7-a/thumb -L/users/hello/library/Android/sdk/ndk/21.1.6352462/toolchains/llvm/prebuilt/darwin-x86_64/sysroot/usr/lib --exclude-libs libgcc.a --exclude-libs libgcc_real.a --exclude-libs libatomic.a --build-id --fatal-warnings --exclude-libs libunwind.a --no-undefined --gc-sections CMakeFiles/cmTC_600d5.dir/CMakeCXXCompilerABI.cpp.o -lc++ -lm -lgcc -ldl -lc -lgcc -ldl /users/hello/library/Android/sdk/ndk/21.1.6352462/toolchains/llvm/prebuilt/darwin-x86_64/sysroot/usr/lib/arm-linux-androideabi/16/crtend_android.o]
    arg [/users/hello/library/Android/sdk/ndk/21.1.6352462/toolchains/llvm/prebuilt/darwin-x86_64/lib/gcc/arm-linux-androideabi/4.9.x/../../../../arm-linux-androideabi/bin/ld] ==> ignore
    arg [--sysroot=/users/hello/library/Android/sdk/ndk/21.1.6352462/toolchains/llvm/prebuilt/darwin-x86_64/sysroot] ==> ignore
    arg [-pie] ==> ignore
    arg [-znoexecstack] ==> ignore
    arg [-EL] ==> ignore
    arg [--warn-shared-textrel] ==> ignore
    arg [-znow] ==> ignore
    arg [-zrelro] ==> ignore
    arg [-X] ==> ignore
    arg [--hash-style=both] ==> ignore
    arg [--enable-new-dtags] ==> ignore
    arg [--eh-frame-hdr] ==> ignore
    arg [-m] ==> ignore
    arg [armelf_linux_eabi] ==> ignore
    arg [-dynamic-linker] ==> ignore
    arg [/system/bin/linker] ==> ignore
    arg [-o] ==> ignore
    arg [cmTC_600d5] ==> ignore
    arg [/users/hello/library/Android/sdk/ndk/21.1.6352462/toolchains/llvm/prebuilt/darwin-x86_64/sysroot/usr/lib/arm-linux-androideabi/16/crtbegin_dynamic.o] ==> ignore
    arg [-L/users/hello/library/Android/sdk/ndk/21.1.6352462/toolchains/llvm/prebuilt/darwin-x86_64/lib64/clang/9.0.8/lib/linux/arm] ==> dir [/users/hello/library/Android/sdk/ndk/21.1.6352462/toolchains/llvm/prebuilt/darwin-x86_64/lib64/clang/9.0.8/lib/linux/arm]
    arg [-L/users/hello/library/Android/sdk/ndk/21.1.6352462/toolchains/llvm/prebuilt/darwin-x86_64/lib/gcc/arm-linux-androideabi/4.9.x/armv7-a/thumb] ==> dir [/users/hello/library/Android/sdk/ndk/21.1.6352462/toolchains/llvm/prebuilt/darwin-x86_64/lib/gcc/arm-linux-androideabi/4.9.x/armv7-a/thumb]
    arg [-L/users/hello/library/Android/sdk/ndk/21.1.6352462/toolchains/llvm/prebuilt/darwin-x86_64/lib/gcc/arm-linux-androideabi/4.9.x/../../../../arm-linux-androideabi/lib/../lib/armv7-a/thumb] ==> dir [/users/hello/library/Android/sdk/ndk/21.1.6352462/toolchains/llvm/prebuilt/darwin-x86_64/lib/gcc/arm-linux-androideabi/4.9.x/../../../../arm-linux-androideabi/lib/../lib/armv7-a/thumb]
    arg [-L/users/hello/library/Android/sdk/ndk/21.1.6352462/toolchains/llvm/prebuilt/darwin-x86_64/sysroot/usr/lib/arm-linux-androideabi/16] ==> dir [/users/hello/library/Android/sdk/ndk/21.1.6352462/toolchains/llvm/prebuilt/darwin-x86_64/sysroot/usr/lib/arm-linux-androideabi/16]
    arg [-L/users/hello/library/Android/sdk/ndk/21.1.6352462/toolchains/llvm/prebuilt/darwin-x86_64/sysroot/usr/lib/arm-linux-androideabi] ==> dir [/users/hello/library/Android/sdk/ndk/21.1.6352462/toolchains/llvm/prebuilt/darwin-x86_64/sysroot/usr/lib/arm-linux-androideabi]
    arg [-L/users/hello/library/Android/sdk/ndk/21.1.6352462/toolchains/llvm/prebuilt/darwin-x86_64/sysroot/usr/lib/../lib] ==> dir [/users/hello/library/Android/sdk/ndk/21.1.6352462/toolchains/llvm/prebuilt/darwin-x86_64/sysroot/usr/lib/../lib]
    arg [-L/users/hello/library/Android/sdk/ndk/21.1.6352462/toolchains/llvm/prebuilt/darwin-x86_64/sysroot/usr/lib/arm-linux-androideabi/../../lib] ==> dir [/users/hello/library/Android/sdk/ndk/21.1.6352462/toolchains/llvm/prebuilt/darwin-x86_64/sysroot/usr/lib/arm-linux-androideabi/../../lib]
    arg [-L/users/hello/library/Android/sdk/ndk/21.1.6352462/toolchains/llvm/prebuilt/darwin-x86_64/lib/gcc/arm-linux-androideabi/4.9.x/../../../../arm-linux-androideabi/lib/armv7-a/thumb] ==> dir [/users/hello/library/Android/sdk/ndk/21.1.6352462/toolchains/llvm/prebuilt/darwin-x86_64/lib/gcc/arm-linux-androideabi/4.9.x/../../../../arm-linux-androideabi/lib/armv7-a/thumb]
    arg [-L/users/hello/library/Android/sdk/ndk/21.1.6352462/toolchains/llvm/prebuilt/darwin-x86_64/sysroot/usr/lib] ==> dir [/users/hello/library/Android/sdk/ndk/21.1.6352462/toolchains/llvm/prebuilt/darwin-x86_64/sysroot/usr/lib]
    arg [--exclude-libs] ==> ignore
    arg [libgcc.a] ==> ignore
    arg [--exclude-libs] ==> ignore
    arg [libgcc_real.a] ==> ignore
    arg [--exclude-libs] ==> ignore
    arg [libatomic.a] ==> ignore
    arg [--build-id] ==> ignore
    arg [--fatal-warnings] ==> ignore
    arg [--exclude-libs] ==> ignore
    arg [libunwind.a] ==> ignore
    arg [--no-undefined] ==> ignore
    arg [--gc-sections] ==> ignore
    arg [CMakeFiles/cmTC_600d5.dir/CMakeCXXCompilerABI.cpp.o] ==> ignore
    arg [-lc++] ==> lib [c++]
    arg [-lm] ==> lib [m]
    arg [-lgcc] ==> lib [gcc]
    arg [-ldl] ==> lib [dl]
    arg [-lc] ==> lib [c]
    arg [-lgcc] ==> lib [gcc]
    arg [-ldl] ==> lib [dl]
    arg [/users/hello/library/Android/sdk/ndk/21.1.6352462/toolchains/llvm/prebuilt/darwin-x86_64/sysroot/usr/lib/arm-linux-androideabi/16/crtend_android.o] ==> ignore
  collapse library dir [/users/hello/library/Android/sdk/ndk/21.1.6352462/toolchains/llvm/prebuilt/darwin-x86_64/lib64/clang/9.0.8/lib/linux/arm] ==> [/users/hello/library/Android/sdk/ndk/21.1.6352462/toolchains/llvm/prebuilt/darwin-x86_64/lib64/clang/9.0.8/lib/linux/arm]
  collapse library dir [/users/hello/library/Android/sdk/ndk/21.1.6352462/toolchains/llvm/prebuilt/darwin-x86_64/lib/gcc/arm-linux-androideabi/4.9.x/armv7-a/thumb] ==> [/users/hello/library/Android/sdk/ndk/21.1.6352462/toolchains/llvm/prebuilt/darwin-x86_64/lib/gcc/arm-linux-androideabi/4.9.x/armv7-a/thumb]
  collapse library dir [/users/hello/library/Android/sdk/ndk/21.1.6352462/toolchains/llvm/prebuilt/darwin-x86_64/lib/gcc/arm-linux-androideabi/4.9.x/../../../../arm-linux-androideabi/lib/../lib/armv7-a/thumb] ==> [/users/hello/library/Android/sdk/ndk/21.1.6352462/toolchains/llvm/prebuilt/darwin-x86_64/arm-linux-androideabi/lib/armv7-a/thumb]
  collapse library dir [/users/hello/library/Android/sdk/ndk/21.1.6352462/toolchains/llvm/prebuilt/darwin-x86_64/sysroot/usr/lib/arm-linux-androideabi/16] ==> [/users/hello/library/Android/sdk/ndk/21.1.6352462/toolchains/llvm/prebuilt/darwin-x86_64/sysroot/usr/lib/arm-linux-androideabi/16]
  collapse library dir [/users/hello/library/Android/sdk/ndk/21.1.6352462/toolchains/llvm/prebuilt/darwin-x86_64/sysroot/usr/lib/arm-linux-androideabi] ==> [/users/hello/library/Android/sdk/ndk/21.1.6352462/toolchains/llvm/prebuilt/darwin-x86_64/sysroot/usr/lib/arm-linux-androideabi]
  collapse library dir [/users/hello/library/Android/sdk/ndk/21.1.6352462/toolchains/llvm/prebuilt/darwin-x86_64/sysroot/usr/lib/../lib] ==> [/users/hello/library/Android/sdk/ndk/21.1.6352462/toolchains/llvm/prebuilt/darwin-x86_64/sysroot/usr/lib]
  collapse library dir [/users/hello/library/Android/sdk/ndk/21.1.6352462/toolchains/llvm/prebuilt/darwin-x86_64/sysroot/usr/lib/arm-linux-androideabi/../../lib] ==> [/users/hello/library/Android/sdk/ndk/21.1.6352462/toolchains/llvm/prebuilt/darwin-x86_64/sysroot/usr/lib]
  collapse library dir [/users/hello/library/Android/sdk/ndk/21.1.6352462/toolchains/llvm/prebuilt/darwin-x86_64/lib/gcc/arm-linux-androideabi/4.9.x/../../../../arm-linux-androideabi/lib/armv7-a/thumb] ==> [/users/hello/library/Android/sdk/ndk/21.1.6352462/toolchains/llvm/prebuilt/darwin-x86_64/arm-linux-androideabi/lib/armv7-a/thumb]
  collapse library dir [/users/hello/library/Android/sdk/ndk/21.1.6352462/toolchains/llvm/prebuilt/darwin-x86_64/sysroot/usr/lib] ==> [/users/hello/library/Android/sdk/ndk/21.1.6352462/toolchains/llvm/prebuilt/darwin-x86_64/sysroot/usr/lib]
  implicit libs: [c++;m;gcc;dl;c;gcc;dl]
  implicit dirs: [/users/hello/library/Android/sdk/ndk/21.1.6352462/toolchains/llvm/prebuilt/darwin-x86_64/lib64/clang/9.0.8/lib/linux/arm;/users/hello/library/Android/sdk/ndk/21.1.6352462/toolchains/llvm/prebuilt/darwin-x86_64/lib/gcc/arm-linux-androideabi/4.9.x/armv7-a/thumb;/users/hello/library/Android/sdk/ndk/21.1.6352462/toolchains/llvm/prebuilt/darwin-x86_64/arm-linux-androideabi/lib/armv7-a/thumb;/users/hello/library/Android/sdk/ndk/21.1.6352462/toolchains/llvm/prebuilt/darwin-x86_64/sysroot/usr/lib/arm-linux-androideabi/16;/users/hello/library/Android/sdk/ndk/21.1.6352462/toolchains/llvm/prebuilt/darwin-x86_64/sysroot/usr/lib/arm-linux-androideabi;/users/hello/library/Android/sdk/ndk/21.1.6352462/toolchains/llvm/prebuilt/darwin-x86_64/sysroot/usr/lib]
  implicit fwks: []




Detecting CXX [-std=c++1z] compiler features compiled with the following output:
Change Dir: /Users/hello/Desktop/dlib-19.21/dlib/build/armeabi-v7a/CMakeFiles/CMakeTmp

Run Build Command:"/usr/bin/make" "cmTC_0b056/fast"
/Library/Developer/CommandLineTools/usr/bin/make -f CMakeFiles/cmTC_0b056.dir/build.make CMakeFiles/cmTC_0b056.dir/build
Building CXX object CMakeFiles/cmTC_0b056.dir/feature_tests.cxx.o
/users/hello/library/Android/sdk/ndk/21.1.6352462/toolchains/llvm/prebuilt/darwin-x86_64/bin/clang++ --target=armv7-none-linux-androideabi16 --gcc-toolchain=/users/hello/library/Android/sdk/ndk/21.1.6352462/toolchains/llvm/prebuilt/darwin-x86_64 --sysroot=/users/hello/library/Android/sdk/ndk/21.1.6352462/toolchains/llvm/prebuilt/darwin-x86_64/sysroot    -g -DANDROID -fdata-sections -ffunction-sections -funwind-tables -fstack-protector-strong -no-canonical-prefixes -D_FORTIFY_SOURCE=2 -march=armv7-a -mthumb -Wformat -Werror=format-security -frtti -std=c++11 -frtti -fexceptions  -fPIE   -std=c++1z -o CMakeFiles/cmTC_0b056.dir/feature_tests.cxx.o -c /Users/hello/Desktop/dlib-19.21/dlib/build/armeabi-v7a/CMakeFiles/feature_tests.cxx
Linking CXX executable cmTC_0b056
/Users/hello/Library/Android/sdk/cmake/3.10.2.4988404/bin/cmake -E cmake_link_script CMakeFiles/cmTC_0b056.dir/link.txt --verbose=1
/users/hello/library/Android/sdk/ndk/21.1.6352462/toolchains/llvm/prebuilt/darwin-x86_64/bin/clang++ --target=armv7-none-linux-androideabi16 --gcc-toolchain=/users/hello/library/Android/sdk/ndk/21.1.6352462/toolchains/llvm/prebuilt/darwin-x86_64 --sysroot=/users/hello/library/Android/sdk/ndk/21.1.6352462/toolchains/llvm/prebuilt/darwin-x86_64/sysroot  -g -DANDROID -fdata-sections -ffunction-sections -funwind-tables -fstack-protector-strong -no-canonical-prefixes -D_FORTIFY_SOURCE=2 -march=armv7-a -mthumb -Wformat -Werror=format-security -frtti -std=c++11 -frtti -fexceptions   -Wl,--exclude-libs,libgcc.a -Wl,--exclude-libs,libgcc_real.a -Wl,--exclude-libs,libatomic.a -Wl,--build-id -Wl,--fatal-warnings -Wl,--exclude-libs,libunwind.a -Wl,--no-undefined -Qunused-arguments -Wl,--gc-sections   CMakeFiles/cmTC_0b056.dir/feature_tests.cxx.o  -o cmTC_0b056 -latomic -lm 


    Feature record: CXX_FEATURE:1cxx_aggregate_default_initializers
    Feature record: CXX_FEATURE:1cxx_alias_templates
    Feature record: CXX_FEATURE:1cxx_alignas
    Feature record: CXX_FEATURE:1cxx_alignof
    Feature record: CXX_FEATURE:1cxx_attributes
    Feature record: CXX_FEATURE:1cxx_attribute_deprecated
    Feature record: CXX_FEATURE:1cxx_auto_type
    Feature record: CXX_FEATURE:1cxx_binary_literals
    Feature record: CXX_FEATURE:1cxx_constexpr
    Feature record: CXX_FEATURE:1cxx_contextual_conversions
    Feature record: CXX_FEATURE:1cxx_decltype
    Feature record: CXX_FEATURE:1cxx_decltype_auto
    Feature record: CXX_FEATURE:1cxx_decltype_incomplete_return_types
    Feature record: CXX_FEATURE:1cxx_default_function_template_args
    Feature record: CXX_FEATURE:1cxx_defaulted_functions
    Feature record: CXX_FEATURE:1cxx_defaulted_move_initializers
    Feature record: CXX_FEATURE:1cxx_delegating_constructors
    Feature record: CXX_FEATURE:1cxx_deleted_functions
    Feature record: CXX_FEATURE:1cxx_digit_separators
    Feature record: CXX_FEATURE:1cxx_enum_forward_declarations
    Feature record: CXX_FEATURE:1cxx_explicit_conversions
    Feature record: CXX_FEATURE:1cxx_extended_friend_declarations
    Feature record: CXX_FEATURE:1cxx_extern_templates
    Feature record: CXX_FEATURE:1cxx_final
    Feature record: CXX_FEATURE:1cxx_func_identifier
    Feature record: CXX_FEATURE:1cxx_generalized_initializers
    Feature record: CXX_FEATURE:1cxx_generic_lambdas
    Feature record: CXX_FEATURE:1cxx_inheriting_constructors
    Feature record: CXX_FEATURE:1cxx_inline_namespaces
    Feature record: CXX_FEATURE:1cxx_lambdas
    Feature record: CXX_FEATURE:1cxx_lambda_init_captures
    Feature record: CXX_FEATURE:1cxx_local_type_template_args
    Feature record: CXX_FEATURE:1cxx_long_long_type
    Feature record: CXX_FEATURE:1cxx_noexcept
    Feature record: CXX_FEATURE:1cxx_nonstatic_member_init
    Feature record: CXX_FEATURE:1cxx_nullptr
    Feature record: CXX_FEATURE:1cxx_override
    Feature record: CXX_FEATURE:1cxx_range_for
    Feature record: CXX_FEATURE:1cxx_raw_string_literals
    Feature record: CXX_FEATURE:1cxx_reference_qualified_functions
    Feature record: CXX_FEATURE:1cxx_relaxed_constexpr
    Feature record: CXX_FEATURE:1cxx_return_type_deduction
    Feature record: CXX_FEATURE:1cxx_right_angle_brackets
    Feature record: CXX_FEATURE:1cxx_rvalue_references
    Feature record: CXX_FEATURE:1cxx_sizeof_member
    Feature record: CXX_FEATURE:1cxx_static_assert
    Feature record: CXX_FEATURE:1cxx_strong_enums
    Feature record: CXX_FEATURE:1cxx_template_template_parameters
    Feature record: CXX_FEATURE:1cxx_thread_local
    Feature record: CXX_FEATURE:1cxx_trailing_return_types
    Feature record: CXX_FEATURE:1cxx_unicode_literals
    Feature record: CXX_FEATURE:1cxx_uniform_initialization
    Feature record: CXX_FEATURE:1cxx_unrestricted_unions
    Feature record: CXX_FEATURE:1cxx_user_literals
    Feature record: CXX_FEATURE:1cxx_variable_templates
    Feature record: CXX_FEATURE:1cxx_variadic_macros
    Feature record: CXX_FEATURE:1cxx_variadic_templates


Detecting CXX [-std=c++14] compiler features compiled with the following output:
Change Dir: /Users/hello/Desktop/dlib-19.21/dlib/build/armeabi-v7a/CMakeFiles/CMakeTmp

Run Build Command:"/usr/bin/make" "cmTC_70780/fast"
/Library/Developer/CommandLineTools/usr/bin/make -f CMakeFiles/cmTC_70780.dir/build.make CMakeFiles/cmTC_70780.dir/build
Building CXX object CMakeFiles/cmTC_70780.dir/feature_tests.cxx.o
/users/hello/library/Android/sdk/ndk/21.1.6352462/toolchains/llvm/prebuilt/darwin-x86_64/bin/clang++ --target=armv7-none-linux-androideabi16 --gcc-toolchain=/users/hello/library/Android/sdk/ndk/21.1.6352462/toolchains/llvm/prebuilt/darwin-x86_64 --sysroot=/users/hello/library/Android/sdk/ndk/21.1.6352462/toolchains/llvm/prebuilt/darwin-x86_64/sysroot    -g -DANDROID -fdata-sections -ffunction-sections -funwind-tables -fstack-protector-strong -no-canonical-prefixes -D_FORTIFY_SOURCE=2 -march=armv7-a -mthumb -Wformat -Werror=format-security -frtti -std=c++11 -frtti -fexceptions  -fPIE   -std=c++14 -o CMakeFiles/cmTC_70780.dir/feature_tests.cxx.o -c /Users/hello/Desktop/dlib-19.21/dlib/build/armeabi-v7a/CMakeFiles/feature_tests.cxx
Linking CXX executable cmTC_70780
/Users/hello/Library/Android/sdk/cmake/3.10.2.4988404/bin/cmake -E cmake_link_script CMakeFiles/cmTC_70780.dir/link.txt --verbose=1
/users/hello/library/Android/sdk/ndk/21.1.6352462/toolchains/llvm/prebuilt/darwin-x86_64/bin/clang++ --target=armv7-none-linux-androideabi16 --gcc-toolchain=/users/hello/library/Android/sdk/ndk/21.1.6352462/toolchains/llvm/prebuilt/darwin-x86_64 --sysroot=/users/hello/library/Android/sdk/ndk/21.1.6352462/toolchains/llvm/prebuilt/darwin-x86_64/sysroot  -g -DANDROID -fdata-sections -ffunction-sections -funwind-tables -fstack-protector-strong -no-canonical-prefixes -D_FORTIFY_SOURCE=2 -march=armv7-a -mthumb -Wformat -Werror=format-security -frtti -std=c++11 -frtti -fexceptions   -Wl,--exclude-libs,libgcc.a -Wl,--exclude-libs,libgcc_real.a -Wl,--exclude-libs,libatomic.a -Wl,--build-id -Wl,--fatal-warnings -Wl,--exclude-libs,libunwind.a -Wl,--no-undefined -Qunused-arguments -Wl,--gc-sections   CMakeFiles/cmTC_70780.dir/feature_tests.cxx.o  -o cmTC_70780 -latomic -lm 


    Feature record: CXX_FEATURE:1cxx_aggregate_default_initializers
    Feature record: CXX_FEATURE:1cxx_alias_templates
    Feature record: CXX_FEATURE:1cxx_alignas
    Feature record: CXX_FEATURE:1cxx_alignof
    Feature record: CXX_FEATURE:1cxx_attributes
    Feature record: CXX_FEATURE:1cxx_attribute_deprecated
    Feature record: CXX_FEATURE:1cxx_auto_type
    Feature record: CXX_FEATURE:1cxx_binary_literals
    Feature record: CXX_FEATURE:1cxx_constexpr
    Feature record: CXX_FEATURE:1cxx_contextual_conversions
    Feature record: CXX_FEATURE:1cxx_decltype
    Feature record: CXX_FEATURE:1cxx_decltype_auto
    Feature record: CXX_FEATURE:1cxx_decltype_incomplete_return_types
    Feature record: CXX_FEATURE:1cxx_default_function_template_args
    Feature record: CXX_FEATURE:1cxx_defaulted_functions
    Feature record: CXX_FEATURE:1cxx_defaulted_move_initializers
    Feature record: CXX_FEATURE:1cxx_delegating_constructors
    Feature record: CXX_FEATURE:1cxx_deleted_functions
    Feature record: CXX_FEATURE:1cxx_digit_separators
    Feature record: CXX_FEATURE:1cxx_enum_forward_declarations
    Feature record: CXX_FEATURE:1cxx_explicit_conversions
    Feature record: CXX_FEATURE:1cxx_extended_friend_declarations
    Feature record: CXX_FEATURE:1cxx_extern_templates
    Feature record: CXX_FEATURE:1cxx_final
    Feature record: CXX_FEATURE:1cxx_func_identifier
    Feature record: CXX_FEATURE:1cxx_generalized_initializers
    Feature record: CXX_FEATURE:1cxx_generic_lambdas
    Feature record: CXX_FEATURE:1cxx_inheriting_constructors
    Feature record: CXX_FEATURE:1cxx_inline_namespaces
    Feature record: CXX_FEATURE:1cxx_lambdas
    Feature record: CXX_FEATURE:1cxx_lambda_init_captures
    Feature record: CXX_FEATURE:1cxx_local_type_template_args
    Feature record: CXX_FEATURE:1cxx_long_long_type
    Feature record: CXX_FEATURE:1cxx_noexcept
    Feature record: CXX_FEATURE:1cxx_nonstatic_member_init
    Feature record: CXX_FEATURE:1cxx_nullptr
    Feature record: CXX_FEATURE:1cxx_override
    Feature record: CXX_FEATURE:1cxx_range_for
    Feature record: CXX_FEATURE:1cxx_raw_string_literals
    Feature record: CXX_FEATURE:1cxx_reference_qualified_functions
    Feature record: CXX_FEATURE:1cxx_relaxed_constexpr
    Feature record: CXX_FEATURE:1cxx_return_type_deduction
    Feature record: CXX_FEATURE:1cxx_right_angle_brackets
    Feature record: CXX_FEATURE:1cxx_rvalue_references
    Feature record: CXX_FEATURE:1cxx_sizeof_member
    Feature record: CXX_FEATURE:1cxx_static_assert
    Feature record: CXX_FEATURE:1cxx_strong_enums
    Feature record: CXX_FEATURE:1cxx_template_template_parameters
    Feature record: CXX_FEATURE:1cxx_thread_local
    Feature record: CXX_FEATURE:1cxx_trailing_return_types
    Feature record: CXX_FEATURE:1cxx_unicode_literals
    Feature record: CXX_FEATURE:1cxx_uniform_initialization
    Feature record: CXX_FEATURE:1cxx_unrestricted_unions
    Feature record: CXX_FEATURE:1cxx_user_literals
    Feature record: CXX_FEATURE:1cxx_variable_templates
    Feature record: CXX_FEATURE:1cxx_variadic_macros
    Feature record: CXX_FEATURE:1cxx_variadic_templates


Detecting CXX [-std=c++11] compiler features compiled with the following output:
Change Dir: /Users/hello/Desktop/dlib-19.21/dlib/build/armeabi-v7a/CMakeFiles/CMakeTmp

Run Build Command:"/usr/bin/make" "cmTC_9f580/fast"
/Library/Developer/CommandLineTools/usr/bin/make -f CMakeFiles/cmTC_9f580.dir/build.make CMakeFiles/cmTC_9f580.dir/build
Building CXX object CMakeFiles/cmTC_9f580.dir/feature_tests.cxx.o
/users/hello/library/Android/sdk/ndk/21.1.6352462/toolchains/llvm/prebuilt/darwin-x86_64/bin/clang++ --target=armv7-none-linux-androideabi16 --gcc-toolchain=/users/hello/library/Android/sdk/ndk/21.1.6352462/toolchains/llvm/prebuilt/darwin-x86_64 --sysroot=/users/hello/library/Android/sdk/ndk/21.1.6352462/toolchains/llvm/prebuilt/darwin-x86_64/sysroot    -g -DANDROID -fdata-sections -ffunction-sections -funwind-tables -fstack-protector-strong -no-canonical-prefixes -D_FORTIFY_SOURCE=2 -march=armv7-a -mthumb -Wformat -Werror=format-security -frtti -std=c++11 -frtti -fexceptions  -fPIE   -std=c++11 -o CMakeFiles/cmTC_9f580.dir/feature_tests.cxx.o -c /Users/hello/Desktop/dlib-19.21/dlib/build/armeabi-v7a/CMakeFiles/feature_tests.cxx
Linking CXX executable cmTC_9f580
/Users/hello/Library/Android/sdk/cmake/3.10.2.4988404/bin/cmake -E cmake_link_script CMakeFiles/cmTC_9f580.dir/link.txt --verbose=1
/users/hello/library/Android/sdk/ndk/21.1.6352462/toolchains/llvm/prebuilt/darwin-x86_64/bin/clang++ --target=armv7-none-linux-androideabi16 --gcc-toolchain=/users/hello/library/Android/sdk/ndk/21.1.6352462/toolchains/llvm/prebuilt/darwin-x86_64 --sysroot=/users/hello/library/Android/sdk/ndk/21.1.6352462/toolchains/llvm/prebuilt/darwin-x86_64/sysroot  -g -DANDROID -fdata-sections -ffunction-sections -funwind-tables -fstack-protector-strong -no-canonical-prefixes -D_FORTIFY_SOURCE=2 -march=armv7-a -mthumb -Wformat -Werror=format-security -frtti -std=c++11 -frtti -fexceptions   -Wl,--exclude-libs,libgcc.a -Wl,--exclude-libs,libgcc_real.a -Wl,--exclude-libs,libatomic.a -Wl,--build-id -Wl,--fatal-warnings -Wl,--exclude-libs,libunwind.a -Wl,--no-undefined -Qunused-arguments -Wl,--gc-sections   CMakeFiles/cmTC_9f580.dir/feature_tests.cxx.o  -o cmTC_9f580 -latomic -lm 


    Feature record: CXX_FEATURE:0cxx_aggregate_default_initializers
    Feature record: CXX_FEATURE:1cxx_alias_templates
    Feature record: CXX_FEATURE:1cxx_alignas
    Feature record: CXX_FEATURE:1cxx_alignof
    Feature record: CXX_FEATURE:1cxx_attributes
    Feature record: CXX_FEATURE:0cxx_attribute_deprecated
    Feature record: CXX_FEATURE:1cxx_auto_type
    Feature record: CXX_FEATURE:0cxx_binary_literals
    Feature record: CXX_FEATURE:1cxx_constexpr
    Feature record: CXX_FEATURE:0cxx_contextual_conversions
    Feature record: CXX_FEATURE:1cxx_decltype
    Feature record: CXX_FEATURE:0cxx_decltype_auto
    Feature record: CXX_FEATURE:1cxx_decltype_incomplete_return_types
    Feature record: CXX_FEATURE:1cxx_default_function_template_args
    Feature record: CXX_FEATURE:1cxx_defaulted_functions
    Feature record: CXX_FEATURE:1cxx_defaulted_move_initializers
    Feature record: CXX_FEATURE:1cxx_delegating_constructors
    Feature record: CXX_FEATURE:1cxx_deleted_functions
    Feature record: CXX_FEATURE:0cxx_digit_separators
    Feature record: CXX_FEATURE:1cxx_enum_forward_declarations
    Feature record: CXX_FEATURE:1cxx_explicit_conversions
    Feature record: CXX_FEATURE:1cxx_extended_friend_declarations
    Feature record: CXX_FEATURE:1cxx_extern_templates
    Feature record: CXX_FEATURE:1cxx_final
    Feature record: CXX_FEATURE:1cxx_func_identifier
    Feature record: CXX_FEATURE:1cxx_generalized_initializers
    Feature record: CXX_FEATURE:0cxx_generic_lambdas
    Feature record: CXX_FEATURE:1cxx_inheriting_constructors
    Feature record: CXX_FEATURE:1cxx_inline_namespaces
    Feature record: CXX_FEATURE:1cxx_lambdas
    Feature record: CXX_FEATURE:0cxx_lambda_init_captures
    Feature record: CXX_FEATURE:1cxx_local_type_template_args
    Feature record: CXX_FEATURE:1cxx_long_long_type
    Feature record: CXX_FEATURE:1cxx_noexcept
    Feature record: CXX_FEATURE:1cxx_nonstatic_member_init
    Feature record: CXX_FEATURE:1cxx_nullptr
    Feature record: CXX_FEATURE:1cxx_override
    Feature record: CXX_FEATURE:1cxx_range_for
    Feature record: CXX_FEATURE:1cxx_raw_string_literals
    Feature record: CXX_FEATURE:1cxx_reference_qualified_functions
    Feature record: CXX_FEATURE:0cxx_relaxed_constexpr
    Feature record: CXX_FEATURE:0cxx_return_type_deduction
    Feature record: CXX_FEATURE:1cxx_right_angle_brackets
    Feature record: CXX_FEATURE:1cxx_rvalue_references
    Feature record: CXX_FEATURE:1cxx_sizeof_member
    Feature record: CXX_FEATURE:1cxx_static_assert
    Feature record: CXX_FEATURE:1cxx_strong_enums
    Feature record: CXX_FEATURE:1cxx_template_template_parameters
    Feature record: CXX_FEATURE:1cxx_thread_local
    Feature record: CXX_FEATURE:1cxx_trailing_return_types
    Feature record: CXX_FEATURE:1cxx_unicode_literals
    Feature record: CXX_FEATURE:1cxx_uniform_initialization
    Feature record: CXX_FEATURE:1cxx_unrestricted_unions
    Feature record: CXX_FEATURE:1cxx_user_literals
    Feature record: CXX_FEATURE:0cxx_variable_templates
    Feature record: CXX_FEATURE:1cxx_variadic_macros
    Feature record: CXX_FEATURE:1cxx_variadic_templates


Detecting CXX [-std=c++98] compiler features compiled with the following output:
Change Dir: /Users/hello/Desktop/dlib-19.21/dlib/build/armeabi-v7a/CMakeFiles/CMakeTmp

Run Build Command:"/usr/bin/make" "cmTC_cca65/fast"
/Library/Developer/CommandLineTools/usr/bin/make -f CMakeFiles/cmTC_cca65.dir/build.make CMakeFiles/cmTC_cca65.dir/build
Building CXX object CMakeFiles/cmTC_cca65.dir/feature_tests.cxx.o
/users/hello/library/Android/sdk/ndk/21.1.6352462/toolchains/llvm/prebuilt/darwin-x86_64/bin/clang++ --target=armv7-none-linux-androideabi16 --gcc-toolchain=/users/hello/library/Android/sdk/ndk/21.1.6352462/toolchains/llvm/prebuilt/darwin-x86_64 --sysroot=/users/hello/library/Android/sdk/ndk/21.1.6352462/toolchains/llvm/prebuilt/darwin-x86_64/sysroot    -g -DANDROID -fdata-sections -ffunction-sections -funwind-tables -fstack-protector-strong -no-canonical-prefixes -D_FORTIFY_SOURCE=2 -march=armv7-a -mthumb -Wformat -Werror=format-security -frtti -std=c++11 -frtti -fexceptions  -fPIE   -std=c++98 -o CMakeFiles/cmTC_cca65.dir/feature_tests.cxx.o -c /Users/hello/Desktop/dlib-19.21/dlib/build/armeabi-v7a/CMakeFiles/feature_tests.cxx
Linking CXX executable cmTC_cca65
/Users/hello/Library/Android/sdk/cmake/3.10.2.4988404/bin/cmake -E cmake_link_script CMakeFiles/cmTC_cca65.dir/link.txt --verbose=1
/users/hello/library/Android/sdk/ndk/21.1.6352462/toolchains/llvm/prebuilt/darwin-x86_64/bin/clang++ --target=armv7-none-linux-androideabi16 --gcc-toolchain=/users/hello/library/Android/sdk/ndk/21.1.6352462/toolchains/llvm/prebuilt/darwin-x86_64 --sysroot=/users/hello/library/Android/sdk/ndk/21.1.6352462/toolchains/llvm/prebuilt/darwin-x86_64/sysroot  -g -DANDROID -fdata-sections -ffunction-sections -funwind-tables -fstack-protector-strong -no-canonical-prefixes -D_FORTIFY_SOURCE=2 -march=armv7-a -mthumb -Wformat -Werror=format-security -frtti -std=c++11 -frtti -fexceptions   -Wl,--exclude-libs,libgcc.a -Wl,--exclude-libs,libgcc_real.a -Wl,--exclude-libs,libatomic.a -Wl,--build-id -Wl,--fatal-warnings -Wl,--exclude-libs,libunwind.a -Wl,--no-undefined -Qunused-arguments -Wl,--gc-sections   CMakeFiles/cmTC_cca65.dir/feature_tests.cxx.o  -o cmTC_cca65 -latomic -lm 


    Feature record: CXX_FEATURE:0cxx_aggregate_default_initializers
    Feature record: CXX_FEATURE:0cxx_alias_templates
    Feature record: CXX_FEATURE:0cxx_alignas
    Feature record: CXX_FEATURE:0cxx_alignof
    Feature record: CXX_FEATURE:0cxx_attributes
    Feature record: CXX_FEATURE:0cxx_attribute_deprecated
    Feature record: CXX_FEATURE:0cxx_auto_type
    Feature record: CXX_FEATURE:0cxx_binary_literals
    Feature record: CXX_FEATURE:0cxx_constexpr
    Feature record: CXX_FEATURE:0cxx_contextual_conversions
    Feature record: CXX_FEATURE:0cxx_decltype
    Feature record: CXX_FEATURE:0cxx_decltype_auto
    Feature record: CXX_FEATURE:0cxx_decltype_incomplete_return_types
    Feature record: CXX_FEATURE:0cxx_default_function_template_args
    Feature record: CXX_FEATURE:0cxx_defaulted_functions
    Feature record: CXX_FEATURE:0cxx_defaulted_move_initializers
    Feature record: CXX_FEATURE:0cxx_delegating_constructors
    Feature record: CXX_FEATURE:0cxx_deleted_functions
    Feature record: CXX_FEATURE:0cxx_digit_separators
    Feature record: CXX_FEATURE:0cxx_enum_forward_declarations
    Feature record: CXX_FEATURE:0cxx_explicit_conversions
    Feature record: CXX_FEATURE:0cxx_extended_friend_declarations
    Feature record: CXX_FEATURE:0cxx_extern_templates
    Feature record: CXX_FEATURE:0cxx_final
    Feature record: CXX_FEATURE:0cxx_func_identifier
    Feature record: CXX_FEATURE:0cxx_generalized_initializers
    Feature record: CXX_FEATURE:0cxx_generic_lambdas
    Feature record: CXX_FEATURE:0cxx_inheriting_constructors
    Feature record: CXX_FEATURE:0cxx_inline_namespaces
    Feature record: CXX_FEATURE:0cxx_lambdas
    Feature record: CXX_FEATURE:0cxx_lambda_init_captures
    Feature record: CXX_FEATURE:0cxx_local_type_template_args
    Feature record: CXX_FEATURE:0cxx_long_long_type
    Feature record: CXX_FEATURE:0cxx_noexcept
    Feature record: CXX_FEATURE:0cxx_nonstatic_member_init
    Feature record: CXX_FEATURE:0cxx_nullptr
    Feature record: CXX_FEATURE:0cxx_override
    Feature record: CXX_FEATURE:0cxx_range_for
    Feature record: CXX_FEATURE:0cxx_raw_string_literals
    Feature record: CXX_FEATURE:0cxx_reference_qualified_functions
    Feature record: CXX_FEATURE:0cxx_relaxed_constexpr
    Feature record: CXX_FEATURE:0cxx_return_type_deduction
    Feature record: CXX_FEATURE:0cxx_right_angle_brackets
    Feature record: CXX_FEATURE:0cxx_rvalue_references
    Feature record: CXX_FEATURE:0cxx_sizeof_member
    Feature record: CXX_FEATURE:0cxx_static_assert
    Feature record: CXX_FEATURE:0cxx_strong_enums
    Feature record: CXX_FEATURE:1cxx_template_template_parameters
    Feature record: CXX_FEATURE:0cxx_thread_local
    Feature record: CXX_FEATURE:0cxx_trailing_return_types
    Feature record: CXX_FEATURE:0cxx_unicode_literals
    Feature record: CXX_FEATURE:0cxx_uniform_initialization
    Feature record: CXX_FEATURE:0cxx_unrestricted_unions
    Feature record: CXX_FEATURE:0cxx_user_literals
    Feature record: CXX_FEATURE:0cxx_variable_templates
    Feature record: CXX_FEATURE:0cxx_variadic_macros
    Feature record: CXX_FEATURE:0cxx_variadic_templates
Determining if the include file pthread.h exists passed with the following output:
Change Dir: /Users/hello/Desktop/dlib-19.21/dlib/build/armeabi-v7a/CMakeFiles/CMakeTmp

Run Build Command:"/usr/bin/make" "cmTC_b9f11/fast"
/Library/Developer/CommandLineTools/usr/bin/make -f CMakeFiles/cmTC_b9f11.dir/build.make CMakeFiles/cmTC_b9f11.dir/build
Building C object CMakeFiles/cmTC_b9f11.dir/CheckIncludeFile.c.o
/users/hello/library/Android/sdk/ndk/21.1.6352462/toolchains/llvm/prebuilt/darwin-x86_64/bin/clang --target=armv7-none-linux-androideabi16 --gcc-toolchain=/users/hello/library/Android/sdk/ndk/21.1.6352462/toolchains/llvm/prebuilt/darwin-x86_64 --sysroot=/users/hello/library/Android/sdk/ndk/21.1.6352462/toolchains/llvm/prebuilt/darwin-x86_64/sysroot   -g -DANDROID -fdata-sections -ffunction-sections -funwind-tables -fstack-protector-strong -no-canonical-prefixes -D_FORTIFY_SOURCE=2 -march=armv7-a -mthumb -Wformat -Werror=format-security -O3  -fPIE   -o CMakeFiles/cmTC_b9f11.dir/CheckIncludeFile.c.o   -c /Users/hello/Desktop/dlib-19.21/dlib/build/armeabi-v7a/CMakeFiles/CMakeTmp/CheckIncludeFile.c
Linking C executable cmTC_b9f11
/Users/hello/Library/Android/sdk/cmake/3.10.2.4988404/bin/cmake -E cmake_link_script CMakeFiles/cmTC_b9f11.dir/link.txt --verbose=1
/users/hello/library/Android/sdk/ndk/21.1.6352462/toolchains/llvm/prebuilt/darwin-x86_64/bin/clang --target=armv7-none-linux-androideabi16 --gcc-toolchain=/users/hello/library/Android/sdk/ndk/21.1.6352462/toolchains/llvm/prebuilt/darwin-x86_64 --sysroot=/users/hello/library/Android/sdk/ndk/21.1.6352462/toolchains/llvm/prebuilt/darwin-x86_64/sysroot -g -DANDROID -fdata-sections -ffunction-sections -funwind-tables -fstack-protector-strong -no-canonical-prefixes -D_FORTIFY_SOURCE=2 -march=armv7-a -mthumb -Wformat -Werror=format-security -O3   -Wl,--exclude-libs,libgcc.a -Wl,--exclude-libs,libgcc_real.a -Wl,--exclude-libs,libatomic.a -Wl,--build-id -Wl,--fatal-warnings -Wl,--exclude-libs,libunwind.a -Wl,--no-undefined -Qunused-arguments -Wl,--gc-sections   CMakeFiles/cmTC_b9f11.dir/CheckIncludeFile.c.o  -o cmTC_b9f11 -latomic -lm 


Determining if the pthread_create exist passed with the following output:
Change Dir: /Users/hello/Desktop/dlib-19.21/dlib/build/armeabi-v7a/CMakeFiles/CMakeTmp

Run Build Command:"/usr/bin/make" "cmTC_96cd6/fast"
/Library/Developer/CommandLineTools/usr/bin/make -f CMakeFiles/cmTC_96cd6.dir/build.make CMakeFiles/cmTC_96cd6.dir/build
Building C object CMakeFiles/cmTC_96cd6.dir/CheckSymbolExists.c.o
/users/hello/library/Android/sdk/ndk/21.1.6352462/toolchains/llvm/prebuilt/darwin-x86_64/bin/clang --target=armv7-none-linux-androideabi16 --gcc-toolchain=/users/hello/library/Android/sdk/ndk/21.1.6352462/toolchains/llvm/prebuilt/darwin-x86_64 --sysroot=/users/hello/library/Android/sdk/ndk/21.1.6352462/toolchains/llvm/prebuilt/darwin-x86_64/sysroot   -g -DANDROID -fdata-sections -ffunction-sections -funwind-tables -fstack-protector-strong -no-canonical-prefixes -D_FORTIFY_SOURCE=2 -march=armv7-a -mthumb -Wformat -Werror=format-security -O3  -fPIE   -o CMakeFiles/cmTC_96cd6.dir/CheckSymbolExists.c.o   -c /Users/hello/Desktop/dlib-19.21/dlib/build/armeabi-v7a/CMakeFiles/CMakeTmp/CheckSymbolExists.c
Linking C executable cmTC_96cd6
/Users/hello/Library/Android/sdk/cmake/3.10.2.4988404/bin/cmake -E cmake_link_script CMakeFiles/cmTC_96cd6.dir/link.txt --verbose=1
/users/hello/library/Android/sdk/ndk/21.1.6352462/toolchains/llvm/prebuilt/darwin-x86_64/bin/clang --target=armv7-none-linux-androideabi16 --gcc-toolchain=/users/hello/library/Android/sdk/ndk/21.1.6352462/toolchains/llvm/prebuilt/darwin-x86_64 --sysroot=/users/hello/library/Android/sdk/ndk/21.1.6352462/toolchains/llvm/prebuilt/darwin-x86_64/sysroot -g -DANDROID -fdata-sections -ffunction-sections -funwind-tables -fstack-protector-strong -no-canonical-prefixes -D_FORTIFY_SOURCE=2 -march=armv7-a -mthumb -Wformat -Werror=format-security -O3   -Wl,--exclude-libs,libgcc.a -Wl,--exclude-libs,libgcc_real.a -Wl,--exclude-libs,libatomic.a -Wl,--build-id -Wl,--fatal-warnings -Wl,--exclude-libs,libunwind.a -Wl,--no-undefined -Qunused-arguments -Wl,--gc-sections   CMakeFiles/cmTC_96cd6.dir/CheckSymbolExists.c.o  -o cmTC_96cd6 -latomic -lm 

File /Users/hello/Desktop/dlib-19.21/dlib/build/armeabi-v7a/CMakeFiles/CMakeTmp/CheckSymbolExists.c:
/* */
#include <pthread.h>

int main(int argc, char** argv)
{
  (void)argv;
#ifndef pthread_create
  return ((int*)(&pthread_create))[argc];
#else
  (void)argc;
  return 0;
#endif
}

Determining if the include file sys/types.h exists passed with the following output:
Change Dir: /Users/hello/Desktop/dlib-19.21/dlib/build/armeabi-v7a/CMakeFiles/CMakeTmp

Run Build Command:"/usr/bin/make" "cmTC_8e297/fast"
/Library/Developer/CommandLineTools/usr/bin/make -f CMakeFiles/cmTC_8e297.dir/build.make CMakeFiles/cmTC_8e297.dir/build
Building C object CMakeFiles/cmTC_8e297.dir/CheckIncludeFile.c.o
/users/hello/library/Android/sdk/ndk/21.1.6352462/toolchains/llvm/prebuilt/darwin-x86_64/bin/clang --target=armv7-none-linux-androideabi16 --gcc-toolchain=/users/hello/library/Android/sdk/ndk/21.1.6352462/toolchains/llvm/prebuilt/darwin-x86_64 --sysroot=/users/hello/library/Android/sdk/ndk/21.1.6352462/toolchains/llvm/prebuilt/darwin-x86_64/sysroot   -g -DANDROID -fdata-sections -ffunction-sections -funwind-tables -fstack-protector-strong -no-canonical-prefixes -D_FORTIFY_SOURCE=2 -march=armv7-a -mthumb -Wformat -Werror=format-security -O3  -fPIE   -o CMakeFiles/cmTC_8e297.dir/CheckIncludeFile.c.o   -c /Users/hello/Desktop/dlib-19.21/dlib/build/armeabi-v7a/CMakeFiles/CMakeTmp/CheckIncludeFile.c
Linking C executable cmTC_8e297
/Users/hello/Library/Android/sdk/cmake/3.10.2.4988404/bin/cmake -E cmake_link_script CMakeFiles/cmTC_8e297.dir/link.txt --verbose=1
/users/hello/library/Android/sdk/ndk/21.1.6352462/toolchains/llvm/prebuilt/darwin-x86_64/bin/clang --target=armv7-none-linux-androideabi16 --gcc-toolchain=/users/hello/library/Android/sdk/ndk/21.1.6352462/toolchains/llvm/prebuilt/darwin-x86_64 --sysroot=/users/hello/library/Android/sdk/ndk/21.1.6352462/toolchains/llvm/prebuilt/darwin-x86_64/sysroot -g -DANDROID -fdata-sections -ffunction-sections -funwind-tables -fstack-protector-strong -no-canonical-prefixes -D_FORTIFY_SOURCE=2 -march=armv7-a -mthumb -Wformat -Werror=format-security -O3   -Wl,--exclude-libs,libgcc.a -Wl,--exclude-libs,libgcc_real.a -Wl,--exclude-libs,libatomic.a -Wl,--build-id -Wl,--fatal-warnings -Wl,--exclude-libs,libunwind.a -Wl,--no-undefined -Qunused-arguments -Wl,--gc-sections   CMakeFiles/cmTC_8e297.dir/CheckIncludeFile.c.o  -o cmTC_8e297 -latomic -lm 


Determining if the include file stdint.h exists passed with the following output:
Change Dir: /Users/hello/Desktop/dlib-19.21/dlib/build/armeabi-v7a/CMakeFiles/CMakeTmp

Run Build Command:"/usr/bin/make" "cmTC_e3f4a/fast"
/Library/Developer/CommandLineTools/usr/bin/make -f CMakeFiles/cmTC_e3f4a.dir/build.make CMakeFiles/cmTC_e3f4a.dir/build
Building C object CMakeFiles/cmTC_e3f4a.dir/CheckIncludeFile.c.o
/users/hello/library/Android/sdk/ndk/21.1.6352462/toolchains/llvm/prebuilt/darwin-x86_64/bin/clang --target=armv7-none-linux-androideabi16 --gcc-toolchain=/users/hello/library/Android/sdk/ndk/21.1.6352462/toolchains/llvm/prebuilt/darwin-x86_64 --sysroot=/users/hello/library/Android/sdk/ndk/21.1.6352462/toolchains/llvm/prebuilt/darwin-x86_64/sysroot   -g -DANDROID -fdata-sections -ffunction-sections -funwind-tables -fstack-protector-strong -no-canonical-prefixes -D_FORTIFY_SOURCE=2 -march=armv7-a -mthumb -Wformat -Werror=format-security -O3  -fPIE   -o CMakeFiles/cmTC_e3f4a.dir/CheckIncludeFile.c.o   -c /Users/hello/Desktop/dlib-19.21/dlib/build/armeabi-v7a/CMakeFiles/CMakeTmp/CheckIncludeFile.c
Linking C executable cmTC_e3f4a
/Users/hello/Library/Android/sdk/cmake/3.10.2.4988404/bin/cmake -E cmake_link_script CMakeFiles/cmTC_e3f4a.dir/link.txt --verbose=1
/users/hello/library/Android/sdk/ndk/21.1.6352462/toolchains/llvm/prebuilt/darwin-x86_64/bin/clang --target=armv7-none-linux-androideabi16 --gcc-toolchain=/users/hello/library/Android/sdk/ndk/21.1.6352462/toolchains/llvm/prebuilt/darwin-x86_64 --sysroot=/users/hello/library/Android/sdk/ndk/21.1.6352462/toolchains/llvm/prebuilt/darwin-x86_64/sysroot -g -DANDROID -fdata-sections -ffunction-sections -funwind-tables -fstack-protector-strong -no-canonical-prefixes -D_FORTIFY_SOURCE=2 -march=armv7-a -mthumb -Wformat -Werror=format-security -O3   -Wl,--exclude-libs,libgcc.a -Wl,--exclude-libs,libgcc_real.a -Wl,--exclude-libs,libatomic.a -Wl,--build-id -Wl,--fatal-warnings -Wl,--exclude-libs,libunwind.a -Wl,--no-undefined -Qunused-arguments -Wl,--gc-sections   CMakeFiles/cmTC_e3f4a.dir/CheckIncludeFile.c.o  -o cmTC_e3f4a -latomic -lm 


Determining if the include file stddef.h exists passed with the following output:
Change Dir: /Users/hello/Desktop/dlib-19.21/dlib/build/armeabi-v7a/CMakeFiles/CMakeTmp

Run Build Command:"/usr/bin/make" "cmTC_81504/fast"
/Library/Developer/CommandLineTools/usr/bin/make -f CMakeFiles/cmTC_81504.dir/build.make CMakeFiles/cmTC_81504.dir/build
Building C object CMakeFiles/cmTC_81504.dir/CheckIncludeFile.c.o
/users/hello/library/Android/sdk/ndk/21.1.6352462/toolchains/llvm/prebuilt/darwin-x86_64/bin/clang --target=armv7-none-linux-androideabi16 --gcc-toolchain=/users/hello/library/Android/sdk/ndk/21.1.6352462/toolchains/llvm/prebuilt/darwin-x86_64 --sysroot=/users/hello/library/Android/sdk/ndk/21.1.6352462/toolchains/llvm/prebuilt/darwin-x86_64/sysroot   -g -DANDROID -fdata-sections -ffunction-sections -funwind-tables -fstack-protector-strong -no-canonical-prefixes -D_FORTIFY_SOURCE=2 -march=armv7-a -mthumb -Wformat -Werror=format-security -O3  -fPIE   -o CMakeFiles/cmTC_81504.dir/CheckIncludeFile.c.o   -c /Users/hello/Desktop/dlib-19.21/dlib/build/armeabi-v7a/CMakeFiles/CMakeTmp/CheckIncludeFile.c
Linking C executable cmTC_81504
/Users/hello/Library/Android/sdk/cmake/3.10.2.4988404/bin/cmake -E cmake_link_script CMakeFiles/cmTC_81504.dir/link.txt --verbose=1
/users/hello/library/Android/sdk/ndk/21.1.6352462/toolchains/llvm/prebuilt/darwin-x86_64/bin/clang --target=armv7-none-linux-androideabi16 --gcc-toolchain=/users/hello/library/Android/sdk/ndk/21.1.6352462/toolchains/llvm/prebuilt/darwin-x86_64 --sysroot=/users/hello/library/Android/sdk/ndk/21.1.6352462/toolchains/llvm/prebuilt/darwin-x86_64/sysroot -g -DANDROID -fdata-sections -ffunction-sections -funwind-tables -fstack-protector-strong -no-canonical-prefixes -D_FORTIFY_SOURCE=2 -march=armv7-a -mthumb -Wformat -Werror=format-security -O3   -Wl,--exclude-libs,libgcc.a -Wl,--exclude-libs,libgcc_real.a -Wl,--exclude-libs,libatomic.a -Wl,--build-id -Wl,--fatal-warnings -Wl,--exclude-libs,libunwind.a -Wl,--no-undefined -Qunused-arguments -Wl,--gc-sections   CMakeFiles/cmTC_81504.dir/CheckIncludeFile.c.o  -o cmTC_81504 -latomic -lm 


Determining size of void* passed with the following output:
Change Dir: /Users/hello/Desktop/dlib-19.21/dlib/build/armeabi-v7a/CMakeFiles/CMakeTmp

Run Build Command:"/usr/bin/make" "cmTC_86503/fast"
/Library/Developer/CommandLineTools/usr/bin/make -f CMakeFiles/cmTC_86503.dir/build.make CMakeFiles/cmTC_86503.dir/build
Building C object CMakeFiles/cmTC_86503.dir/SIZE_OF_VOID_PTR.c.o
/users/hello/library/Android/sdk/ndk/21.1.6352462/toolchains/llvm/prebuilt/darwin-x86_64/bin/clang --target=armv7-none-linux-androideabi16 --gcc-toolchain=/users/hello/library/Android/sdk/ndk/21.1.6352462/toolchains/llvm/prebuilt/darwin-x86_64 --sysroot=/users/hello/library/Android/sdk/ndk/21.1.6352462/toolchains/llvm/prebuilt/darwin-x86_64/sysroot   -g -DANDROID -fdata-sections -ffunction-sections -funwind-tables -fstack-protector-strong -no-canonical-prefixes -D_FORTIFY_SOURCE=2 -march=armv7-a -mthumb -Wformat -Werror=format-security -O3  -fPIE   -o CMakeFiles/cmTC_86503.dir/SIZE_OF_VOID_PTR.c.o   -c /Users/hello/Desktop/dlib-19.21/dlib/build/armeabi-v7a/CMakeFiles/CheckTypeSize/SIZE_OF_VOID_PTR.c
Linking C executable cmTC_86503
/Users/hello/Library/Android/sdk/cmake/3.10.2.4988404/bin/cmake -E cmake_link_script CMakeFiles/cmTC_86503.dir/link.txt --verbose=1
/users/hello/library/Android/sdk/ndk/21.1.6352462/toolchains/llvm/prebuilt/darwin-x86_64/bin/clang --target=armv7-none-linux-androideabi16 --gcc-toolchain=/users/hello/library/Android/sdk/ndk/21.1.6352462/toolchains/llvm/prebuilt/darwin-x86_64 --sysroot=/users/hello/library/Android/sdk/ndk/21.1.6352462/toolchains/llvm/prebuilt/darwin-x86_64/sysroot -g -DANDROID -fdata-sections -ffunction-sections -funwind-tables -fstack-protector-strong -no-canonical-prefixes -D_FORTIFY_SOURCE=2 -march=armv7-a -mthumb -Wformat -Werror=format-security -O3   -Wl,--exclude-libs,libgcc.a -Wl,--exclude-libs,libgcc_real.a -Wl,--exclude-libs,libatomic.a -Wl,--build-id -Wl,--fatal-warnings -Wl,--exclude-libs,libunwind.a -Wl,--no-undefined -Qunused-arguments -Wl,--gc-sections   CMakeFiles/cmTC_86503.dir/SIZE_OF_VOID_PTR.c.o  -o cmTC_86503 -latomic -lm 


