The target system is: Android - 1 - aarch64
The host system is: Darwin - 20.2.0 - x86_64
Determining if the C compiler works passed with the following output:
Change Dir: /Users/hello/Desktop/dlib-19.21/dlib/build/arm64-v8a/CMakeFiles/CMakeTmp

Run Build Command:"/usr/bin/make" "cmTC_187c1/fast"
/Library/Developer/CommandLineTools/usr/bin/make -f CMakeFiles/cmTC_187c1.dir/build.make CMakeFiles/cmTC_187c1.dir/build
Building C object CMakeFiles/cmTC_187c1.dir/testCCompiler.c.o
/users/hello/library/Android/sdk/ndk/21.1.6352462/toolchains/llvm/prebuilt/darwin-x86_64/bin/clang --target=aarch64-none-linux-android21 --gcc-toolchain=/users/hello/library/Android/sdk/ndk/21.1.6352462/toolchains/llvm/prebuilt/darwin-x86_64 --sysroot=/users/hello/library/Android/sdk/ndk/21.1.6352462/toolchains/llvm/prebuilt/darwin-x86_64/sysroot   -g -DANDROID -fdata-sections -ffunction-sections -funwind-tables -fstack-protector-strong -no-canonical-prefixes -D_FORTIFY_SOURCE=2 -Wformat -Werror=format-security -O3  -fPIE   -o CMakeFiles/cmTC_187c1.dir/testCCompiler.c.o   -c /Users/hello/Desktop/dlib-19.21/dlib/build/arm64-v8a/CMakeFiles/CMakeTmp/testCCompiler.c
Linking C executable cmTC_187c1
/Users/hello/Library/Android/sdk/cmake/3.10.2.4988404/bin/cmake -E cmake_link_script CMakeFiles/cmTC_187c1.dir/link.txt --verbose=1
/users/hello/library/Android/sdk/ndk/21.1.6352462/toolchains/llvm/prebuilt/darwin-x86_64/bin/clang --target=aarch64-none-linux-android21 --gcc-toolchain=/users/hello/library/Android/sdk/ndk/21.1.6352462/toolchains/llvm/prebuilt/darwin-x86_64 --sysroot=/users/hello/library/Android/sdk/ndk/21.1.6352462/toolchains/llvm/prebuilt/darwin-x86_64/sysroot -g -DANDROID -fdata-sections -ffunction-sections -funwind-tables -fstack-protector-strong -no-canonical-prefixes -D_FORTIFY_SOURCE=2 -Wformat -Werror=format-security -O3   -Wl,--exclude-libs,libgcc.a -Wl,--exclude-libs,libgcc_real.a -Wl,--exclude-libs,libatomic.a -Wl,--build-id -Wl,--fatal-warnings -Wl,--no-undefined -Qunused-arguments -Wl,--gc-sections   CMakeFiles/cmTC_187c1.dir/testCCompiler.c.o  -o cmTC_187c1 -latomic -lm 


Detecting C compiler ABI info compiled with the following output:
Change Dir: /Users/hello/Desktop/dlib-19.21/dlib/build/arm64-v8a/CMakeFiles/CMakeTmp

Run Build Command:"/usr/bin/make" "cmTC_96716/fast"
/Library/Developer/CommandLineTools/usr/bin/make -f CMakeFiles/cmTC_96716.dir/build.make CMakeFiles/cmTC_96716.dir/build
Building C object CMakeFiles/cmTC_96716.dir/CMakeCCompilerABI.c.o
/users/hello/library/Android/sdk/ndk/21.1.6352462/toolchains/llvm/prebuilt/darwin-x86_64/bin/clang --target=aarch64-none-linux-android21 --gcc-toolchain=/users/hello/library/Android/sdk/ndk/21.1.6352462/toolchains/llvm/prebuilt/darwin-x86_64 --sysroot=/users/hello/library/Android/sdk/ndk/21.1.6352462/toolchains/llvm/prebuilt/darwin-x86_64/sysroot   -g -DANDROID -fdata-sections -ffunction-sections -funwind-tables -fstack-protector-strong -no-canonical-prefixes -D_FORTIFY_SOURCE=2 -Wformat -Werror=format-security -O3  -fPIE   -o CMakeFiles/cmTC_96716.dir/CMakeCCompilerABI.c.o   -c /Users/hello/Library/Android/sdk/cmake/3.10.2.4988404/share/cmake-3.10/Modules/CMakeCCompilerABI.c
Linking C executable cmTC_96716
/Users/hello/Library/Android/sdk/cmake/3.10.2.4988404/bin/cmake -E cmake_link_script CMakeFiles/cmTC_96716.dir/link.txt --verbose=1
/users/hello/library/Android/sdk/ndk/21.1.6352462/toolchains/llvm/prebuilt/darwin-x86_64/bin/clang --target=aarch64-none-linux-android21 --gcc-toolchain=/users/hello/library/Android/sdk/ndk/21.1.6352462/toolchains/llvm/prebuilt/darwin-x86_64 --sysroot=/users/hello/library/Android/sdk/ndk/21.1.6352462/toolchains/llvm/prebuilt/darwin-x86_64/sysroot -g -DANDROID -fdata-sections -ffunction-sections -funwind-tables -fstack-protector-strong -no-canonical-prefixes -D_FORTIFY_SOURCE=2 -Wformat -Werror=format-security -O3   -Wl,--exclude-libs,libgcc.a -Wl,--exclude-libs,libgcc_real.a -Wl,--exclude-libs,libatomic.a -Wl,--build-id -Wl,--fatal-warnings -Wl,--no-undefined -Qunused-arguments -Wl,--gc-sections  -v CMakeFiles/cmTC_96716.dir/CMakeCCompilerABI.c.o  -o cmTC_96716 
Android (6317467 based on r365631c1) clang version 9.0.8 (https://android.googlesource.com/toolchain/llvm-project e0caee08e5f09b374a27a676d04978c81fcb1928) (based on LLVM 9.0.8svn)
Target: aarch64-none-linux-android21
Thread model: posix
InstalledDir: /users/hello/library/Android/sdk/ndk/21.1.6352462/toolchains/llvm/prebuilt/darwin-x86_64/bin
Found candidate GCC installation: /users/hello/library/Android/sdk/ndk/21.1.6352462/toolchains/llvm/prebuilt/darwin-x86_64/lib/gcc/aarch64-linux-android/4.9.x
Selected GCC installation: /users/hello/library/Android/sdk/ndk/21.1.6352462/toolchains/llvm/prebuilt/darwin-x86_64/lib/gcc/aarch64-linux-android/4.9.x
Candidate multilib: .;@m64
Selected multilib: .;@m64
 "/users/hello/library/Android/sdk/ndk/21.1.6352462/toolchains/llvm/prebuilt/darwin-x86_64/lib/gcc/aarch64-linux-android/4.9.x/../../../../aarch64-linux-android/bin/ld" --sysroot=/users/hello/library/Android/sdk/ndk/21.1.6352462/toolchains/llvm/prebuilt/darwin-x86_64/sysroot -pie -z noexecstack -EL --fix-cortex-a53-843419 --warn-shared-textrel -z now -z relro -z max-page-size=4096 --hash-style=both --enable-new-dtags --eh-frame-hdr -m aarch64linux -dynamic-linker /system/bin/linker64 -o cmTC_96716 /users/hello/library/Android/sdk/ndk/21.1.6352462/toolchains/llvm/prebuilt/darwin-x86_64/sysroot/usr/lib/aarch64-linux-android/21/crtbegin_dynamic.o -L/users/hello/library/Android/sdk/ndk/21.1.6352462/toolchains/llvm/prebuilt/darwin-x86_64/lib64/clang/9.0.8/lib/linux/aarch64 -L/users/hello/library/Android/sdk/ndk/21.1.6352462/toolchains/llvm/prebuilt/darwin-x86_64/lib/gcc/aarch64-linux-android/4.9.x -L/users/hello/library/Android/sdk/ndk/21.1.6352462/toolchains/llvm/prebuilt/darwin-x86_64/lib/gcc/aarch64-linux-android/4.9.x/../../../../aarch64-linux-android/lib/../lib64 -L/users/hello/library/Android/sdk/ndk/21.1.6352462/toolchains/llvm/prebuilt/darwin-x86_64/sysroot/usr/lib/aarch64-linux-android/21 -L/users/hello/library/Android/sdk/ndk/21.1.6352462/toolchains/llvm/prebuilt/darwin-x86_64/sysroot/usr/lib/aarch64-linux-android -L/users/hello/library/Android/sdk/ndk/21.1.6352462/toolchains/llvm/prebuilt/darwin-x86_64/lib/gcc/aarch64-linux-android/4.9.x/../../../../aarch64-linux-android/lib -L/users/hello/library/Android/sdk/ndk/21.1.6352462/toolchains/llvm/prebuilt/darwin-x86_64/sysroot/usr/lib --exclude-libs libgcc.a --exclude-libs libgcc_real.a --exclude-libs libatomic.a --build-id --fatal-warnings --no-undefined --gc-sections CMakeFiles/cmTC_96716.dir/CMakeCCompilerABI.c.o -lgcc -ldl -lc -lgcc -ldl /users/hello/library/Android/sdk/ndk/21.1.6352462/toolchains/llvm/prebuilt/darwin-x86_64/sysroot/usr/lib/aarch64-linux-android/21/crtend_android.o


Parsed C implicit link information from above output:
  link line regex: [^( *|.*[/\])(aarch64-linux-android-ld|CMAKE_LINK_STARTFILE-NOTFOUND|([^/\]+-)?ld|collect2)[^/\]*( |$)]
  ignore line: [Change Dir: /Users/hello/Desktop/dlib-19.21/dlib/build/arm64-v8a/CMakeFiles/CMakeTmp]
  ignore line: []
  ignore line: [Run Build Command:"/usr/bin/make" "cmTC_96716/fast"]
  ignore line: [/Library/Developer/CommandLineTools/usr/bin/make -f CMakeFiles/cmTC_96716.dir/build.make CMakeFiles/cmTC_96716.dir/build]
  ignore line: [Building C object CMakeFiles/cmTC_96716.dir/CMakeCCompilerABI.c.o]
  ignore line: [/users/hello/library/Android/sdk/ndk/21.1.6352462/toolchains/llvm/prebuilt/darwin-x86_64/bin/clang --target=aarch64-none-linux-android21 --gcc-toolchain=/users/hello/library/Android/sdk/ndk/21.1.6352462/toolchains/llvm/prebuilt/darwin-x86_64 --sysroot=/users/hello/library/Android/sdk/ndk/21.1.6352462/toolchains/llvm/prebuilt/darwin-x86_64/sysroot   -g -DANDROID -fdata-sections -ffunction-sections -funwind-tables -fstack-protector-strong -no-canonical-prefixes -D_FORTIFY_SOURCE=2 -Wformat -Werror=format-security -O3  -fPIE   -o CMakeFiles/cmTC_96716.dir/CMakeCCompilerABI.c.o   -c /Users/hello/Library/Android/sdk/cmake/3.10.2.4988404/share/cmake-3.10/Modules/CMakeCCompilerABI.c]
  ignore line: [Linking C executable cmTC_96716]
  ignore line: [/Users/hello/Library/Android/sdk/cmake/3.10.2.4988404/bin/cmake -E cmake_link_script CMakeFiles/cmTC_96716.dir/link.txt --verbose=1]
  ignore line: [/users/hello/library/Android/sdk/ndk/21.1.6352462/toolchains/llvm/prebuilt/darwin-x86_64/bin/clang --target=aarch64-none-linux-android21 --gcc-toolchain=/users/hello/library/Android/sdk/ndk/21.1.6352462/toolchains/llvm/prebuilt/darwin-x86_64 --sysroot=/users/hello/library/Android/sdk/ndk/21.1.6352462/toolchains/llvm/prebuilt/darwin-x86_64/sysroot -g -DANDROID -fdata-sections -ffunction-sections -funwind-tables -fstack-protector-strong -no-canonical-prefixes -D_FORTIFY_SOURCE=2 -Wformat -Werror=format-security -O3   -Wl,--exclude-libs,libgcc.a -Wl,--exclude-libs,libgcc_real.a -Wl,--exclude-libs,libatomic.a -Wl,--build-id -Wl,--fatal-warnings -Wl,--no-undefined -Qunused-arguments -Wl,--gc-sections  -v CMakeFiles/cmTC_96716.dir/CMakeCCompilerABI.c.o  -o cmTC_96716 ]
  ignore line: [Android (6317467 based on r365631c1) clang version 9.0.8 (https://android.googlesource.com/toolchain/llvm-project e0caee08e5f09b374a27a676d04978c81fcb1928) (based on LLVM 9.0.8svn)]
  ignore line: [Target: aarch64-none-linux-android21]
  ignore line: [Thread model: posix]
  ignore line: [InstalledDir: /users/hello/library/Android/sdk/ndk/21.1.6352462/toolchains/llvm/prebuilt/darwin-x86_64/bin]
  ignore line: [Found candidate GCC installation: /users/hello/library/Android/sdk/ndk/21.1.6352462/toolchains/llvm/prebuilt/darwin-x86_64/lib/gcc/aarch64-linux-android/4.9.x]
  ignore line: [Selected GCC installation: /users/hello/library/Android/sdk/ndk/21.1.6352462/toolchains/llvm/prebuilt/darwin-x86_64/lib/gcc/aarch64-linux-android/4.9.x]
  ignore line: [Candidate multilib: .]
  ignore line: [@m64]
  ignore line: [Selected multilib: .]
  ignore line: [@m64]
  link line: [ "/users/hello/library/Android/sdk/ndk/21.1.6352462/toolchains/llvm/prebuilt/darwin-x86_64/lib/gcc/aarch64-linux-android/4.9.x/../../../../aarch64-linux-android/bin/ld" --sysroot=/users/hello/library/Android/sdk/ndk/21.1.6352462/toolchains/llvm/prebuilt/darwin-x86_64/sysroot -pie -z noexecstack -EL --fix-cortex-a53-843419 --warn-shared-textrel -z now -z relro -z max-page-size=4096 --hash-style=both --enable-new-dtags --eh-frame-hdr -m aarch64linux -dynamic-linker /system/bin/linker64 -o cmTC_96716 /users/hello/library/Android/sdk/ndk/21.1.6352462/toolchains/llvm/prebuilt/darwin-x86_64/sysroot/usr/lib/aarch64-linux-android/21/crtbegin_dynamic.o -L/users/hello/library/Android/sdk/ndk/21.1.6352462/toolchains/llvm/prebuilt/darwin-x86_64/lib64/clang/9.0.8/lib/linux/aarch64 -L/users/hello/library/Android/sdk/ndk/21.1.6352462/toolchains/llvm/prebuilt/darwin-x86_64/lib/gcc/aarch64-linux-android/4.9.x -L/users/hello/library/Android/sdk/ndk/21.1.6352462/toolchains/llvm/prebuilt/darwin-x86_64/lib/gcc/aarch64-linux-android/4.9.x/../../../../aarch64-linux-android/lib/../lib64 -L/users/hello/library/Android/sdk/ndk/21.1.6352462/toolchains/llvm/prebuilt/darwin-x86_64/sysroot/usr/lib/aarch64-linux-android/21 -L/users/hello/library/Android/sdk/ndk/21.1.6352462/toolchains/llvm/prebuilt/darwin-x86_64/sysroot/usr/lib/aarch64-linux-android -L/users/hello/library/Android/sdk/ndk/21.1.6352462/toolchains/llvm/prebuilt/darwin-x86_64/lib/gcc/aarch64-linux-android/4.9.x/../../../../aarch64-linux-android/lib -L/users/hello/library/Android/sdk/ndk/21.1.6352462/toolchains/llvm/prebuilt/darwin-x86_64/sysroot/usr/lib --exclude-libs libgcc.a --exclude-libs libgcc_real.a --exclude-libs libatomic.a --build-id --fatal-warnings --no-undefined --gc-sections CMakeFiles/cmTC_96716.dir/CMakeCCompilerABI.c.o -lgcc -ldl -lc -lgcc -ldl /users/hello/library/Android/sdk/ndk/21.1.6352462/toolchains/llvm/prebuilt/darwin-x86_64/sysroot/usr/lib/aarch64-linux-android/21/crtend_android.o]
    arg [/users/hello/library/Android/sdk/ndk/21.1.6352462/toolchains/llvm/prebuilt/darwin-x86_64/lib/gcc/aarch64-linux-android/4.9.x/../../../../aarch64-linux-android/bin/ld] ==> ignore
    arg [--sysroot=/users/hello/library/Android/sdk/ndk/21.1.6352462/toolchains/llvm/prebuilt/darwin-x86_64/sysroot] ==> ignore
    arg [-pie] ==> ignore
    arg [-znoexecstack] ==> ignore
    arg [-EL] ==> ignore
    arg [--fix-cortex-a53-843419] ==> ignore
    arg [--warn-shared-textrel] ==> ignore
    arg [-znow] ==> ignore
    arg [-zrelro] ==> ignore
    arg [-zmax-page-size=4096] ==> ignore
    arg [--hash-style=both] ==> ignore
    arg [--enable-new-dtags] ==> ignore
    arg [--eh-frame-hdr] ==> ignore
    arg [-m] ==> ignore
    arg [aarch64linux] ==> ignore
    arg [-dynamic-linker] ==> ignore
    arg [/system/bin/linker64] ==> ignore
    arg [-o] ==> ignore
    arg [cmTC_96716] ==> ignore
    arg [/users/hello/library/Android/sdk/ndk/21.1.6352462/toolchains/llvm/prebuilt/darwin-x86_64/sysroot/usr/lib/aarch64-linux-android/21/crtbegin_dynamic.o] ==> ignore
    arg [-L/users/hello/library/Android/sdk/ndk/21.1.6352462/toolchains/llvm/prebuilt/darwin-x86_64/lib64/clang/9.0.8/lib/linux/aarch64] ==> dir [/users/hello/library/Android/sdk/ndk/21.1.6352462/toolchains/llvm/prebuilt/darwin-x86_64/lib64/clang/9.0.8/lib/linux/aarch64]
    arg [-L/users/hello/library/Android/sdk/ndk/21.1.6352462/toolchains/llvm/prebuilt/darwin-x86_64/lib/gcc/aarch64-linux-android/4.9.x] ==> dir [/users/hello/library/Android/sdk/ndk/21.1.6352462/toolchains/llvm/prebuilt/darwin-x86_64/lib/gcc/aarch64-linux-android/4.9.x]
    arg [-L/users/hello/library/Android/sdk/ndk/21.1.6352462/toolchains/llvm/prebuilt/darwin-x86_64/lib/gcc/aarch64-linux-android/4.9.x/../../../../aarch64-linux-android/lib/../lib64] ==> dir [/users/hello/library/Android/sdk/ndk/21.1.6352462/toolchains/llvm/prebuilt/darwin-x86_64/lib/gcc/aarch64-linux-android/4.9.x/../../../../aarch64-linux-android/lib/../lib64]
    arg [-L/users/hello/library/Android/sdk/ndk/21.1.6352462/toolchains/llvm/prebuilt/darwin-x86_64/sysroot/usr/lib/aarch64-linux-android/21] ==> dir [/users/hello/library/Android/sdk/ndk/21.1.6352462/toolchains/llvm/prebuilt/darwin-x86_64/sysroot/usr/lib/aarch64-linux-android/21]
    arg [-L/users/hello/library/Android/sdk/ndk/21.1.6352462/toolchains/llvm/prebuilt/darwin-x86_64/sysroot/usr/lib/aarch64-linux-android] ==> dir [/users/hello/library/Android/sdk/ndk/21.1.6352462/toolchains/llvm/prebuilt/darwin-x86_64/sysroot/usr/lib/aarch64-linux-android]
    arg [-L/users/hello/library/Android/sdk/ndk/21.1.6352462/toolchains/llvm/prebuilt/darwin-x86_64/lib/gcc/aarch64-linux-android/4.9.x/../../../../aarch64-linux-android/lib] ==> dir [/users/hello/library/Android/sdk/ndk/21.1.6352462/toolchains/llvm/prebuilt/darwin-x86_64/lib/gcc/aarch64-linux-android/4.9.x/../../../../aarch64-linux-android/lib]
    arg [-L/users/hello/library/Android/sdk/ndk/21.1.6352462/toolchains/llvm/prebuilt/darwin-x86_64/sysroot/usr/lib] ==> dir [/users/hello/library/Android/sdk/ndk/21.1.6352462/toolchains/llvm/prebuilt/darwin-x86_64/sysroot/usr/lib]
    arg [--exclude-libs] ==> ignore
    arg [libgcc.a] ==> ignore
    arg [--exclude-libs] ==> ignore
    arg [libgcc_real.a] ==> ignore
    arg [--exclude-libs] ==> ignore
    arg [libatomic.a] ==> ignore
    arg [--build-id] ==> ignore
    arg [--fatal-warnings] ==> ignore
    arg [--no-undefined] ==> ignore
    arg [--gc-sections] ==> ignore
    arg [CMakeFiles/cmTC_96716.dir/CMakeCCompilerABI.c.o] ==> ignore
    arg [-lgcc] ==> lib [gcc]
    arg [-ldl] ==> lib [dl]
    arg [-lc] ==> lib [c]
    arg [-lgcc] ==> lib [gcc]
    arg [-ldl] ==> lib [dl]
    arg [/users/hello/library/Android/sdk/ndk/21.1.6352462/toolchains/llvm/prebuilt/darwin-x86_64/sysroot/usr/lib/aarch64-linux-android/21/crtend_android.o] ==> ignore
  collapse library dir [/users/hello/library/Android/sdk/ndk/21.1.6352462/toolchains/llvm/prebuilt/darwin-x86_64/lib64/clang/9.0.8/lib/linux/aarch64] ==> [/users/hello/library/Android/sdk/ndk/21.1.6352462/toolchains/llvm/prebuilt/darwin-x86_64/lib64/clang/9.0.8/lib/linux/aarch64]
  collapse library dir [/users/hello/library/Android/sdk/ndk/21.1.6352462/toolchains/llvm/prebuilt/darwin-x86_64/lib/gcc/aarch64-linux-android/4.9.x] ==> [/users/hello/library/Android/sdk/ndk/21.1.6352462/toolchains/llvm/prebuilt/darwin-x86_64/lib/gcc/aarch64-linux-android/4.9.x]
  collapse library dir [/users/hello/library/Android/sdk/ndk/21.1.6352462/toolchains/llvm/prebuilt/darwin-x86_64/lib/gcc/aarch64-linux-android/4.9.x/../../../../aarch64-linux-android/lib/../lib64] ==> [/users/hello/library/Android/sdk/ndk/21.1.6352462/toolchains/llvm/prebuilt/darwin-x86_64/aarch64-linux-android/lib64]
  collapse library dir [/users/hello/library/Android/sdk/ndk/21.1.6352462/toolchains/llvm/prebuilt/darwin-x86_64/sysroot/usr/lib/aarch64-linux-android/21] ==> [/users/hello/library/Android/sdk/ndk/21.1.6352462/toolchains/llvm/prebuilt/darwin-x86_64/sysroot/usr/lib/aarch64-linux-android/21]
  collapse library dir [/users/hello/library/Android/sdk/ndk/21.1.6352462/toolchains/llvm/prebuilt/darwin-x86_64/sysroot/usr/lib/aarch64-linux-android] ==> [/users/hello/library/Android/sdk/ndk/21.1.6352462/toolchains/llvm/prebuilt/darwin-x86_64/sysroot/usr/lib/aarch64-linux-android]
  collapse library dir [/users/hello/library/Android/sdk/ndk/21.1.6352462/toolchains/llvm/prebuilt/darwin-x86_64/lib/gcc/aarch64-linux-android/4.9.x/../../../../aarch64-linux-android/lib] ==> [/users/hello/library/Android/sdk/ndk/21.1.6352462/toolchains/llvm/prebuilt/darwin-x86_64/aarch64-linux-android/lib]
  collapse library dir [/users/hello/library/Android/sdk/ndk/21.1.6352462/toolchains/llvm/prebuilt/darwin-x86_64/sysroot/usr/lib] ==> [/users/hello/library/Android/sdk/ndk/21.1.6352462/toolchains/llvm/prebuilt/darwin-x86_64/sysroot/usr/lib]
  implicit libs: [gcc;dl;c;gcc;dl]
  implicit dirs: [/users/hello/library/Android/sdk/ndk/21.1.6352462/toolchains/llvm/prebuilt/darwin-x86_64/lib64/clang/9.0.8/lib/linux/aarch64;/users/hello/library/Android/sdk/ndk/21.1.6352462/toolchains/llvm/prebuilt/darwin-x86_64/lib/gcc/aarch64-linux-android/4.9.x;/users/hello/library/Android/sdk/ndk/21.1.6352462/toolchains/llvm/prebuilt/darwin-x86_64/aarch64-linux-android/lib64;/users/hello/library/Android/sdk/ndk/21.1.6352462/toolchains/llvm/prebuilt/darwin-x86_64/sysroot/usr/lib/aarch64-linux-android/21;/users/hello/library/Android/sdk/ndk/21.1.6352462/toolchains/llvm/prebuilt/darwin-x86_64/sysroot/usr/lib/aarch64-linux-android;/users/hello/library/Android/sdk/ndk/21.1.6352462/toolchains/llvm/prebuilt/darwin-x86_64/aarch64-linux-android/lib;/users/hello/library/Android/sdk/ndk/21.1.6352462/toolchains/llvm/prebuilt/darwin-x86_64/sysroot/usr/lib]
  implicit fwks: []




Detecting C [-std=c11] compiler features compiled with the following output:
Change Dir: /Users/hello/Desktop/dlib-19.21/dlib/build/arm64-v8a/CMakeFiles/CMakeTmp

Run Build Command:"/usr/bin/make" "cmTC_b4e8b/fast"
/Library/Developer/CommandLineTools/usr/bin/make -f CMakeFiles/cmTC_b4e8b.dir/build.make CMakeFiles/cmTC_b4e8b.dir/build
Building C object CMakeFiles/cmTC_b4e8b.dir/feature_tests.c.o
/users/hello/library/Android/sdk/ndk/21.1.6352462/toolchains/llvm/prebuilt/darwin-x86_64/bin/clang --target=aarch64-none-linux-android21 --gcc-toolchain=/users/hello/library/Android/sdk/ndk/21.1.6352462/toolchains/llvm/prebuilt/darwin-x86_64 --sysroot=/users/hello/library/Android/sdk/ndk/21.1.6352462/toolchains/llvm/prebuilt/darwin-x86_64/sysroot   -g -DANDROID -fdata-sections -ffunction-sections -funwind-tables -fstack-protector-strong -no-canonical-prefixes -D_FORTIFY_SOURCE=2 -Wformat -Werror=format-security -O3  -fPIE   -std=c11 -o CMakeFiles/cmTC_b4e8b.dir/feature_tests.c.o   -c /Users/hello/Desktop/dlib-19.21/dlib/build/arm64-v8a/CMakeFiles/feature_tests.c
Linking C executable cmTC_b4e8b
/Users/hello/Library/Android/sdk/cmake/3.10.2.4988404/bin/cmake -E cmake_link_script CMakeFiles/cmTC_b4e8b.dir/link.txt --verbose=1
/users/hello/library/Android/sdk/ndk/21.1.6352462/toolchains/llvm/prebuilt/darwin-x86_64/bin/clang --target=aarch64-none-linux-android21 --gcc-toolchain=/users/hello/library/Android/sdk/ndk/21.1.6352462/toolchains/llvm/prebuilt/darwin-x86_64 --sysroot=/users/hello/library/Android/sdk/ndk/21.1.6352462/toolchains/llvm/prebuilt/darwin-x86_64/sysroot -g -DANDROID -fdata-sections -ffunction-sections -funwind-tables -fstack-protector-strong -no-canonical-prefixes -D_FORTIFY_SOURCE=2 -Wformat -Werror=format-security -O3   -Wl,--exclude-libs,libgcc.a -Wl,--exclude-libs,libgcc_real.a -Wl,--exclude-libs,libatomic.a -Wl,--build-id -Wl,--fatal-warnings -Wl,--no-undefined -Qunused-arguments -Wl,--gc-sections   CMakeFiles/cmTC_b4e8b.dir/feature_tests.c.o  -o cmTC_b4e8b -latomic -lm 


    Feature record: C_FEATURE:1c_function_prototypes
    Feature record: C_FEATURE:1c_restrict
    Feature record: C_FEATURE:1c_static_assert
    Feature record: C_FEATURE:1c_variadic_macros


Detecting C [-std=c99] compiler features compiled with the following output:
Change Dir: /Users/hello/Desktop/dlib-19.21/dlib/build/arm64-v8a/CMakeFiles/CMakeTmp

Run Build Command:"/usr/bin/make" "cmTC_5a9c1/fast"
/Library/Developer/CommandLineTools/usr/bin/make -f CMakeFiles/cmTC_5a9c1.dir/build.make CMakeFiles/cmTC_5a9c1.dir/build
Building C object CMakeFiles/cmTC_5a9c1.dir/feature_tests.c.o
/users/hello/library/Android/sdk/ndk/21.1.6352462/toolchains/llvm/prebuilt/darwin-x86_64/bin/clang --target=aarch64-none-linux-android21 --gcc-toolchain=/users/hello/library/Android/sdk/ndk/21.1.6352462/toolchains/llvm/prebuilt/darwin-x86_64 --sysroot=/users/hello/library/Android/sdk/ndk/21.1.6352462/toolchains/llvm/prebuilt/darwin-x86_64/sysroot   -g -DANDROID -fdata-sections -ffunction-sections -funwind-tables -fstack-protector-strong -no-canonical-prefixes -D_FORTIFY_SOURCE=2 -Wformat -Werror=format-security -O3  -fPIE   -std=c99 -o CMakeFiles/cmTC_5a9c1.dir/feature_tests.c.o   -c /Users/hello/Desktop/dlib-19.21/dlib/build/arm64-v8a/CMakeFiles/feature_tests.c
Linking C executable cmTC_5a9c1
/Users/hello/Library/Android/sdk/cmake/3.10.2.4988404/bin/cmake -E cmake_link_script CMakeFiles/cmTC_5a9c1.dir/link.txt --verbose=1
/users/hello/library/Android/sdk/ndk/21.1.6352462/toolchains/llvm/prebuilt/darwin-x86_64/bin/clang --target=aarch64-none-linux-android21 --gcc-toolchain=/users/hello/library/Android/sdk/ndk/21.1.6352462/toolchains/llvm/prebuilt/darwin-x86_64 --sysroot=/users/hello/library/Android/sdk/ndk/21.1.6352462/toolchains/llvm/prebuilt/darwin-x86_64/sysroot -g -DANDROID -fdata-sections -ffunction-sections -funwind-tables -fstack-protector-strong -no-canonical-prefixes -D_FORTIFY_SOURCE=2 -Wformat -Werror=format-security -O3   -Wl,--exclude-libs,libgcc.a -Wl,--exclude-libs,libgcc_real.a -Wl,--exclude-libs,libatomic.a -Wl,--build-id -Wl,--fatal-warnings -Wl,--no-undefined -Qunused-arguments -Wl,--gc-sections   CMakeFiles/cmTC_5a9c1.dir/feature_tests.c.o  -o cmTC_5a9c1 -latomic -lm 


    Feature record: C_FEATURE:1c_function_prototypes
    Feature record: C_FEATURE:1c_restrict
    Feature record: C_FEATURE:0c_static_assert
    Feature record: C_FEATURE:1c_variadic_macros


Detecting C [-std=c90] compiler features compiled with the following output:
Change Dir: /Users/hello/Desktop/dlib-19.21/dlib/build/arm64-v8a/CMakeFiles/CMakeTmp

Run Build Command:"/usr/bin/make" "cmTC_41937/fast"
/Library/Developer/CommandLineTools/usr/bin/make -f CMakeFiles/cmTC_41937.dir/build.make CMakeFiles/cmTC_41937.dir/build
Building C object CMakeFiles/cmTC_41937.dir/feature_tests.c.o
/users/hello/library/Android/sdk/ndk/21.1.6352462/toolchains/llvm/prebuilt/darwin-x86_64/bin/clang --target=aarch64-none-linux-android21 --gcc-toolchain=/users/hello/library/Android/sdk/ndk/21.1.6352462/toolchains/llvm/prebuilt/darwin-x86_64 --sysroot=/users/hello/library/Android/sdk/ndk/21.1.6352462/toolchains/llvm/prebuilt/darwin-x86_64/sysroot   -g -DANDROID -fdata-sections -ffunction-sections -funwind-tables -fstack-protector-strong -no-canonical-prefixes -D_FORTIFY_SOURCE=2 -Wformat -Werror=format-security -O3  -fPIE   -std=c90 -o CMakeFiles/cmTC_41937.dir/feature_tests.c.o   -c /Users/hello/Desktop/dlib-19.21/dlib/build/arm64-v8a/CMakeFiles/feature_tests.c
Linking C executable cmTC_41937
/Users/hello/Library/Android/sdk/cmake/3.10.2.4988404/bin/cmake -E cmake_link_script CMakeFiles/cmTC_41937.dir/link.txt --verbose=1
/users/hello/library/Android/sdk/ndk/21.1.6352462/toolchains/llvm/prebuilt/darwin-x86_64/bin/clang --target=aarch64-none-linux-android21 --gcc-toolchain=/users/hello/library/Android/sdk/ndk/21.1.6352462/toolchains/llvm/prebuilt/darwin-x86_64 --sysroot=/users/hello/library/Android/sdk/ndk/21.1.6352462/toolchains/llvm/prebuilt/darwin-x86_64/sysroot -g -DANDROID -fdata-sections -ffunction-sections -funwind-tables -fstack-protector-strong -no-canonical-prefixes -D_FORTIFY_SOURCE=2 -Wformat -Werror=format-security -O3   -Wl,--exclude-libs,libgcc.a -Wl,--exclude-libs,libgcc_real.a -Wl,--exclude-libs,libatomic.a -Wl,--build-id -Wl,--fatal-warnings -Wl,--no-undefined -Qunused-arguments -Wl,--gc-sections   CMakeFiles/cmTC_41937.dir/feature_tests.c.o  -o cmTC_41937 -latomic -lm 


    Feature record: C_FEATURE:1c_function_prototypes
    Feature record: C_FEATURE:0c_restrict
    Feature record: C_FEATURE:0c_static_assert
    Feature record: C_FEATURE:0c_variadic_macros
Determining if the CXX compiler works passed with the following output:
Change Dir: /Users/hello/Desktop/dlib-19.21/dlib/build/arm64-v8a/CMakeFiles/CMakeTmp

Run Build Command:"/usr/bin/make" "cmTC_52e83/fast"
/Library/Developer/CommandLineTools/usr/bin/make -f CMakeFiles/cmTC_52e83.dir/build.make CMakeFiles/cmTC_52e83.dir/build
Building CXX object CMakeFiles/cmTC_52e83.dir/testCXXCompiler.cxx.o
/users/hello/library/Android/sdk/ndk/21.1.6352462/toolchains/llvm/prebuilt/darwin-x86_64/bin/clang++ --target=aarch64-none-linux-android21 --gcc-toolchain=/users/hello/library/Android/sdk/ndk/21.1.6352462/toolchains/llvm/prebuilt/darwin-x86_64 --sysroot=/users/hello/library/Android/sdk/ndk/21.1.6352462/toolchains/llvm/prebuilt/darwin-x86_64/sysroot    -g -DANDROID -fdata-sections -ffunction-sections -funwind-tables -fstack-protector-strong -no-canonical-prefixes -D_FORTIFY_SOURCE=2 -Wformat -Werror=format-security -frtti -std=c++11 -frtti -fexceptions  -fPIE   -o CMakeFiles/cmTC_52e83.dir/testCXXCompiler.cxx.o -c /Users/hello/Desktop/dlib-19.21/dlib/build/arm64-v8a/CMakeFiles/CMakeTmp/testCXXCompiler.cxx
Linking CXX executable cmTC_52e83
/Users/hello/Library/Android/sdk/cmake/3.10.2.4988404/bin/cmake -E cmake_link_script CMakeFiles/cmTC_52e83.dir/link.txt --verbose=1
/users/hello/library/Android/sdk/ndk/21.1.6352462/toolchains/llvm/prebuilt/darwin-x86_64/bin/clang++ --target=aarch64-none-linux-android21 --gcc-toolchain=/users/hello/library/Android/sdk/ndk/21.1.6352462/toolchains/llvm/prebuilt/darwin-x86_64 --sysroot=/users/hello/library/Android/sdk/ndk/21.1.6352462/toolchains/llvm/prebuilt/darwin-x86_64/sysroot  -g -DANDROID -fdata-sections -ffunction-sections -funwind-tables -fstack-protector-strong -no-canonical-prefixes -D_FORTIFY_SOURCE=2 -Wformat -Werror=format-security -frtti -std=c++11 -frtti -fexceptions   -Wl,--exclude-libs,libgcc.a -Wl,--exclude-libs,libgcc_real.a -Wl,--exclude-libs,libatomic.a -Wl,--build-id -Wl,--fatal-warnings -Wl,--no-undefined -Qunused-arguments -Wl,--gc-sections   CMakeFiles/cmTC_52e83.dir/testCXXCompiler.cxx.o  -o cmTC_52e83 -latomic -lm 


Detecting CXX compiler ABI info compiled with the following output:
Change Dir: /Users/hello/Desktop/dlib-19.21/dlib/build/arm64-v8a/CMakeFiles/CMakeTmp

Run Build Command:"/usr/bin/make" "cmTC_f43cb/fast"
/Library/Developer/CommandLineTools/usr/bin/make -f CMakeFiles/cmTC_f43cb.dir/build.make CMakeFiles/cmTC_f43cb.dir/build
Building CXX object CMakeFiles/cmTC_f43cb.dir/CMakeCXXCompilerABI.cpp.o
/users/hello/library/Android/sdk/ndk/21.1.6352462/toolchains/llvm/prebuilt/darwin-x86_64/bin/clang++ --target=aarch64-none-linux-android21 --gcc-toolchain=/users/hello/library/Android/sdk/ndk/21.1.6352462/toolchains/llvm/prebuilt/darwin-x86_64 --sysroot=/users/hello/library/Android/sdk/ndk/21.1.6352462/toolchains/llvm/prebuilt/darwin-x86_64/sysroot    -g -DANDROID -fdata-sections -ffunction-sections -funwind-tables -fstack-protector-strong -no-canonical-prefixes -D_FORTIFY_SOURCE=2 -Wformat -Werror=format-security -frtti -std=c++11 -frtti -fexceptions  -fPIE   -o CMakeFiles/cmTC_f43cb.dir/CMakeCXXCompilerABI.cpp.o -c /Users/hello/Library/Android/sdk/cmake/3.10.2.4988404/share/cmake-3.10/Modules/CMakeCXXCompilerABI.cpp
Linking CXX executable cmTC_f43cb
/Users/hello/Library/Android/sdk/cmake/3.10.2.4988404/bin/cmake -E cmake_link_script CMakeFiles/cmTC_f43cb.dir/link.txt --verbose=1
/users/hello/library/Android/sdk/ndk/21.1.6352462/toolchains/llvm/prebuilt/darwin-x86_64/bin/clang++ --target=aarch64-none-linux-android21 --gcc-toolchain=/users/hello/library/Android/sdk/ndk/21.1.6352462/toolchains/llvm/prebuilt/darwin-x86_64 --sysroot=/users/hello/library/Android/sdk/ndk/21.1.6352462/toolchains/llvm/prebuilt/darwin-x86_64/sysroot  -g -DANDROID -fdata-sections -ffunction-sections -funwind-tables -fstack-protector-strong -no-canonical-prefixes -D_FORTIFY_SOURCE=2 -Wformat -Werror=format-security -frtti -std=c++11 -frtti -fexceptions   -Wl,--exclude-libs,libgcc.a -Wl,--exclude-libs,libgcc_real.a -Wl,--exclude-libs,libatomic.a -Wl,--build-id -Wl,--fatal-warnings -Wl,--no-undefined -Qunused-arguments -Wl,--gc-sections  -v CMakeFiles/cmTC_f43cb.dir/CMakeCXXCompilerABI.cpp.o  -o cmTC_f43cb 
Android (6317467 based on r365631c1) clang version 9.0.8 (https://android.googlesource.com/toolchain/llvm-project e0caee08e5f09b374a27a676d04978c81fcb1928) (based on LLVM 9.0.8svn)
Target: aarch64-none-linux-android21
Thread model: posix
InstalledDir: /users/hello/library/Android/sdk/ndk/21.1.6352462/toolchains/llvm/prebuilt/darwin-x86_64/bin
Found candidate GCC installation: /users/hello/library/Android/sdk/ndk/21.1.6352462/toolchains/llvm/prebuilt/darwin-x86_64/lib/gcc/aarch64-linux-android/4.9.x
Selected GCC installation: /users/hello/library/Android/sdk/ndk/21.1.6352462/toolchains/llvm/prebuilt/darwin-x86_64/lib/gcc/aarch64-linux-android/4.9.x
Candidate multilib: .;@m64
Selected multilib: .;@m64
 "/users/hello/library/Android/sdk/ndk/21.1.6352462/toolchains/llvm/prebuilt/darwin-x86_64/lib/gcc/aarch64-linux-android/4.9.x/../../../../aarch64-linux-android/bin/ld" --sysroot=/users/hello/library/Android/sdk/ndk/21.1.6352462/toolchains/llvm/prebuilt/darwin-x86_64/sysroot -pie -z noexecstack -EL --fix-cortex-a53-843419 --warn-shared-textrel -z now -z relro -z max-page-size=4096 --hash-style=both --enable-new-dtags --eh-frame-hdr -m aarch64linux -dynamic-linker /system/bin/linker64 -o cmTC_f43cb /users/hello/library/Android/sdk/ndk/21.1.6352462/toolchains/llvm/prebuilt/darwin-x86_64/sysroot/usr/lib/aarch64-linux-android/21/crtbegin_dynamic.o -L/users/hello/library/Android/sdk/ndk/21.1.6352462/toolchains/llvm/prebuilt/darwin-x86_64/lib64/clang/9.0.8/lib/linux/aarch64 -L/users/hello/library/Android/sdk/ndk/21.1.6352462/toolchains/llvm/prebuilt/darwin-x86_64/lib/gcc/aarch64-linux-android/4.9.x -L/users/hello/library/Android/sdk/ndk/21.1.6352462/toolchains/llvm/prebuilt/darwin-x86_64/lib/gcc/aarch64-linux-android/4.9.x/../../../../aarch64-linux-android/lib/../lib64 -L/users/hello/library/Android/sdk/ndk/21.1.6352462/toolchains/llvm/prebuilt/darwin-x86_64/sysroot/usr/lib/aarch64-linux-android/21 -L/users/hello/library/Android/sdk/ndk/21.1.6352462/toolchains/llvm/prebuilt/darwin-x86_64/sysroot/usr/lib/aarch64-linux-android -L/users/hello/library/Android/sdk/ndk/21.1.6352462/toolchains/llvm/prebuilt/darwin-x86_64/lib/gcc/aarch64-linux-android/4.9.x/../../../../aarch64-linux-android/lib -L/users/hello/library/Android/sdk/ndk/21.1.6352462/toolchains/llvm/prebuilt/darwin-x86_64/sysroot/usr/lib --exclude-libs libgcc.a --exclude-libs libgcc_real.a --exclude-libs libatomic.a --build-id --fatal-warnings --no-undefined --gc-sections CMakeFiles/cmTC_f43cb.dir/CMakeCXXCompilerABI.cpp.o -lc++ -lm -lgcc -ldl -lc -lgcc -ldl /users/hello/library/Android/sdk/ndk/21.1.6352462/toolchains/llvm/prebuilt/darwin-x86_64/sysroot/usr/lib/aarch64-linux-android/21/crtend_android.o


Parsed CXX implicit link information from above output:
  link line regex: [^( *|.*[/\])(aarch64-linux-android-ld|CMAKE_LINK_STARTFILE-NOTFOUND|([^/\]+-)?ld|collect2)[^/\]*( |$)]
  ignore line: [Change Dir: /Users/hello/Desktop/dlib-19.21/dlib/build/arm64-v8a/CMakeFiles/CMakeTmp]
  ignore line: []
  ignore line: [Run Build Command:"/usr/bin/make" "cmTC_f43cb/fast"]
  ignore line: [/Library/Developer/CommandLineTools/usr/bin/make -f CMakeFiles/cmTC_f43cb.dir/build.make CMakeFiles/cmTC_f43cb.dir/build]
  ignore line: [Building CXX object CMakeFiles/cmTC_f43cb.dir/CMakeCXXCompilerABI.cpp.o]
  ignore line: [/users/hello/library/Android/sdk/ndk/21.1.6352462/toolchains/llvm/prebuilt/darwin-x86_64/bin/clang++ --target=aarch64-none-linux-android21 --gcc-toolchain=/users/hello/library/Android/sdk/ndk/21.1.6352462/toolchains/llvm/prebuilt/darwin-x86_64 --sysroot=/users/hello/library/Android/sdk/ndk/21.1.6352462/toolchains/llvm/prebuilt/darwin-x86_64/sysroot    -g -DANDROID -fdata-sections -ffunction-sections -funwind-tables -fstack-protector-strong -no-canonical-prefixes -D_FORTIFY_SOURCE=2 -Wformat -Werror=format-security -frtti -std=c++11 -frtti -fexceptions  -fPIE   -o CMakeFiles/cmTC_f43cb.dir/CMakeCXXCompilerABI.cpp.o -c /Users/hello/Library/Android/sdk/cmake/3.10.2.4988404/share/cmake-3.10/Modules/CMakeCXXCompilerABI.cpp]
  ignore line: [Linking CXX executable cmTC_f43cb]
  ignore line: [/Users/hello/Library/Android/sdk/cmake/3.10.2.4988404/bin/cmake -E cmake_link_script CMakeFiles/cmTC_f43cb.dir/link.txt --verbose=1]
  ignore line: [/users/hello/library/Android/sdk/ndk/21.1.6352462/toolchains/llvm/prebuilt/darwin-x86_64/bin/clang++ --target=aarch64-none-linux-android21 --gcc-toolchain=/users/hello/library/Android/sdk/ndk/21.1.6352462/toolchains/llvm/prebuilt/darwin-x86_64 --sysroot=/users/hello/library/Android/sdk/ndk/21.1.6352462/toolchains/llvm/prebuilt/darwin-x86_64/sysroot  -g -DANDROID -fdata-sections -ffunction-sections -funwind-tables -fstack-protector-strong -no-canonical-prefixes -D_FORTIFY_SOURCE=2 -Wformat -Werror=format-security -frtti -std=c++11 -frtti -fexceptions   -Wl,--exclude-libs,libgcc.a -Wl,--exclude-libs,libgcc_real.a -Wl,--exclude-libs,libatomic.a -Wl,--build-id -Wl,--fatal-warnings -Wl,--no-undefined -Qunused-arguments -Wl,--gc-sections  -v CMakeFiles/cmTC_f43cb.dir/CMakeCXXCompilerABI.cpp.o  -o cmTC_f43cb ]
  ignore line: [Android (6317467 based on r365631c1) clang version 9.0.8 (https://android.googlesource.com/toolchain/llvm-project e0caee08e5f09b374a27a676d04978c81fcb1928) (based on LLVM 9.0.8svn)]
  ignore line: [Target: aarch64-none-linux-android21]
  ignore line: [Thread model: posix]
  ignore line: [InstalledDir: /users/hello/library/Android/sdk/ndk/21.1.6352462/toolchains/llvm/prebuilt/darwin-x86_64/bin]
  ignore line: [Found candidate GCC installation: /users/hello/library/Android/sdk/ndk/21.1.6352462/toolchains/llvm/prebuilt/darwin-x86_64/lib/gcc/aarch64-linux-android/4.9.x]
  ignore line: [Selected GCC installation: /users/hello/library/Android/sdk/ndk/21.1.6352462/toolchains/llvm/prebuilt/darwin-x86_64/lib/gcc/aarch64-linux-android/4.9.x]
  ignore line: [Candidate multilib: .]
  ignore line: [@m64]
  ignore line: [Selected multilib: .]
  ignore line: [@m64]
  link line: [ "/users/hello/library/Android/sdk/ndk/21.1.6352462/toolchains/llvm/prebuilt/darwin-x86_64/lib/gcc/aarch64-linux-android/4.9.x/../../../../aarch64-linux-android/bin/ld" --sysroot=/users/hello/library/Android/sdk/ndk/21.1.6352462/toolchains/llvm/prebuilt/darwin-x86_64/sysroot -pie -z noexecstack -EL --fix-cortex-a53-843419 --warn-shared-textrel -z now -z relro -z max-page-size=4096 --hash-style=both --enable-new-dtags --eh-frame-hdr -m aarch64linux -dynamic-linker /system/bin/linker64 -o cmTC_f43cb /users/hello/library/Android/sdk/ndk/21.1.6352462/toolchains/llvm/prebuilt/darwin-x86_64/sysroot/usr/lib/aarch64-linux-android/21/crtbegin_dynamic.o -L/users/hello/library/Android/sdk/ndk/21.1.6352462/toolchains/llvm/prebuilt/darwin-x86_64/lib64/clang/9.0.8/lib/linux/aarch64 -L/users/hello/library/Android/sdk/ndk/21.1.6352462/toolchains/llvm/prebuilt/darwin-x86_64/lib/gcc/aarch64-linux-android/4.9.x -L/users/hello/library/Android/sdk/ndk/21.1.6352462/toolchains/llvm/prebuilt/darwin-x86_64/lib/gcc/aarch64-linux-android/4.9.x/../../../../aarch64-linux-android/lib/../lib64 -L/users/hello/library/Android/sdk/ndk/21.1.6352462/toolchains/llvm/prebuilt/darwin-x86_64/sysroot/usr/lib/aarch64-linux-android/21 -L/users/hello/library/Android/sdk/ndk/21.1.6352462/toolchains/llvm/prebuilt/darwin-x86_64/sysroot/usr/lib/aarch64-linux-android -L/users/hello/library/Android/sdk/ndk/21.1.6352462/toolchains/llvm/prebuilt/darwin-x86_64/lib/gcc/aarch64-linux-android/4.9.x/../../../../aarch64-linux-android/lib -L/users/hello/library/Android/sdk/ndk/21.1.6352462/toolchains/llvm/prebuilt/darwin-x86_64/sysroot/usr/lib --exclude-libs libgcc.a --exclude-libs libgcc_real.a --exclude-libs libatomic.a --build-id --fatal-warnings --no-undefined --gc-sections CMakeFiles/cmTC_f43cb.dir/CMakeCXXCompilerABI.cpp.o -lc++ -lm -lgcc -ldl -lc -lgcc -ldl /users/hello/library/Android/sdk/ndk/21.1.6352462/toolchains/llvm/prebuilt/darwin-x86_64/sysroot/usr/lib/aarch64-linux-android/21/crtend_android.o]
    arg [/users/hello/library/Android/sdk/ndk/21.1.6352462/toolchains/llvm/prebuilt/darwin-x86_64/lib/gcc/aarch64-linux-android/4.9.x/../../../../aarch64-linux-android/bin/ld] ==> ignore
    arg [--sysroot=/users/hello/library/Android/sdk/ndk/21.1.6352462/toolchains/llvm/prebuilt/darwin-x86_64/sysroot] ==> ignore
    arg [-pie] ==> ignore
    arg [-znoexecstack] ==> ignore
    arg [-EL] ==> ignore
    arg [--fix-cortex-a53-843419] ==> ignore
    arg [--warn-shared-textrel] ==> ignore
    arg [-znow] ==> ignore
    arg [-zrelro] ==> ignore
    arg [-zmax-page-size=4096] ==> ignore
    arg [--hash-style=both] ==> ignore
    arg [--enable-new-dtags] ==> ignore
    arg [--eh-frame-hdr] ==> ignore
    arg [-m] ==> ignore
    arg [aarch64linux] ==> ignore
    arg [-dynamic-linker] ==> ignore
    arg [/system/bin/linker64] ==> ignore
    arg [-o] ==> ignore
    arg [cmTC_f43cb] ==> ignore
    arg [/users/hello/library/Android/sdk/ndk/21.1.6352462/toolchains/llvm/prebuilt/darwin-x86_64/sysroot/usr/lib/aarch64-linux-android/21/crtbegin_dynamic.o] ==> ignore
    arg [-L/users/hello/library/Android/sdk/ndk/21.1.6352462/toolchains/llvm/prebuilt/darwin-x86_64/lib64/clang/9.0.8/lib/linux/aarch64] ==> dir [/users/hello/library/Android/sdk/ndk/21.1.6352462/toolchains/llvm/prebuilt/darwin-x86_64/lib64/clang/9.0.8/lib/linux/aarch64]
    arg [-L/users/hello/library/Android/sdk/ndk/21.1.6352462/toolchains/llvm/prebuilt/darwin-x86_64/lib/gcc/aarch64-linux-android/4.9.x] ==> dir [/users/hello/library/Android/sdk/ndk/21.1.6352462/toolchains/llvm/prebuilt/darwin-x86_64/lib/gcc/aarch64-linux-android/4.9.x]
    arg [-L/users/hello/library/Android/sdk/ndk/21.1.6352462/toolchains/llvm/prebuilt/darwin-x86_64/lib/gcc/aarch64-linux-android/4.9.x/../../../../aarch64-linux-android/lib/../lib64] ==> dir [/users/hello/library/Android/sdk/ndk/21.1.6352462/toolchains/llvm/prebuilt/darwin-x86_64/lib/gcc/aarch64-linux-android/4.9.x/../../../../aarch64-linux-android/lib/../lib64]
    arg [-L/users/hello/library/Android/sdk/ndk/21.1.6352462/toolchains/llvm/prebuilt/darwin-x86_64/sysroot/usr/lib/aarch64-linux-android/21] ==> dir [/users/hello/library/Android/sdk/ndk/21.1.6352462/toolchains/llvm/prebuilt/darwin-x86_64/sysroot/usr/lib/aarch64-linux-android/21]
    arg [-L/users/hello/library/Android/sdk/ndk/21.1.6352462/toolchains/llvm/prebuilt/darwin-x86_64/sysroot/usr/lib/aarch64-linux-android] ==> dir [/users/hello/library/Android/sdk/ndk/21.1.6352462/toolchains/llvm/prebuilt/darwin-x86_64/sysroot/usr/lib/aarch64-linux-android]
    arg [-L/users/hello/library/Android/sdk/ndk/21.1.6352462/toolchains/llvm/prebuilt/darwin-x86_64/lib/gcc/aarch64-linux-android/4.9.x/../../../../aarch64-linux-android/lib] ==> dir [/users/hello/library/Android/sdk/ndk/21.1.6352462/toolchains/llvm/prebuilt/darwin-x86_64/lib/gcc/aarch64-linux-android/4.9.x/../../../../aarch64-linux-android/lib]
    arg [-L/users/hello/library/Android/sdk/ndk/21.1.6352462/toolchains/llvm/prebuilt/darwin-x86_64/sysroot/usr/lib] ==> dir [/users/hello/library/Android/sdk/ndk/21.1.6352462/toolchains/llvm/prebuilt/darwin-x86_64/sysroot/usr/lib]
    arg [--exclude-libs] ==> ignore
    arg [libgcc.a] ==> ignore
    arg [--exclude-libs] ==> ignore
    arg [libgcc_real.a] ==> ignore
    arg [--exclude-libs] ==> ignore
    arg [libatomic.a] ==> ignore
    arg [--build-id] ==> ignore
    arg [--fatal-warnings] ==> ignore
    arg [--no-undefined] ==> ignore
    arg [--gc-sections] ==> ignore
    arg [CMakeFiles/cmTC_f43cb.dir/CMakeCXXCompilerABI.cpp.o] ==> ignore
    arg [-lc++] ==> lib [c++]
    arg [-lm] ==> lib [m]
    arg [-lgcc] ==> lib [gcc]
    arg [-ldl] ==> lib [dl]
    arg [-lc] ==> lib [c]
    arg [-lgcc] ==> lib [gcc]
    arg [-ldl] ==> lib [dl]
    arg [/users/hello/library/Android/sdk/ndk/21.1.6352462/toolchains/llvm/prebuilt/darwin-x86_64/sysroot/usr/lib/aarch64-linux-android/21/crtend_android.o] ==> ignore
  collapse library dir [/users/hello/library/Android/sdk/ndk/21.1.6352462/toolchains/llvm/prebuilt/darwin-x86_64/lib64/clang/9.0.8/lib/linux/aarch64] ==> [/users/hello/library/Android/sdk/ndk/21.1.6352462/toolchains/llvm/prebuilt/darwin-x86_64/lib64/clang/9.0.8/lib/linux/aarch64]
  collapse library dir [/users/hello/library/Android/sdk/ndk/21.1.6352462/toolchains/llvm/prebuilt/darwin-x86_64/lib/gcc/aarch64-linux-android/4.9.x] ==> [/users/hello/library/Android/sdk/ndk/21.1.6352462/toolchains/llvm/prebuilt/darwin-x86_64/lib/gcc/aarch64-linux-android/4.9.x]
  collapse library dir [/users/hello/library/Android/sdk/ndk/21.1.6352462/toolchains/llvm/prebuilt/darwin-x86_64/lib/gcc/aarch64-linux-android/4.9.x/../../../../aarch64-linux-android/lib/../lib64] ==> [/users/hello/library/Android/sdk/ndk/21.1.6352462/toolchains/llvm/prebuilt/darwin-x86_64/aarch64-linux-android/lib64]
  collapse library dir [/users/hello/library/Android/sdk/ndk/21.1.6352462/toolchains/llvm/prebuilt/darwin-x86_64/sysroot/usr/lib/aarch64-linux-android/21] ==> [/users/hello/library/Android/sdk/ndk/21.1.6352462/toolchains/llvm/prebuilt/darwin-x86_64/sysroot/usr/lib/aarch64-linux-android/21]
  collapse library dir [/users/hello/library/Android/sdk/ndk/21.1.6352462/toolchains/llvm/prebuilt/darwin-x86_64/sysroot/usr/lib/aarch64-linux-android] ==> [/users/hello/library/Android/sdk/ndk/21.1.6352462/toolchains/llvm/prebuilt/darwin-x86_64/sysroot/usr/lib/aarch64-linux-android]
  collapse library dir [/users/hello/library/Android/sdk/ndk/21.1.6352462/toolchains/llvm/prebuilt/darwin-x86_64/lib/gcc/aarch64-linux-android/4.9.x/../../../../aarch64-linux-android/lib] ==> [/users/hello/library/Android/sdk/ndk/21.1.6352462/toolchains/llvm/prebuilt/darwin-x86_64/aarch64-linux-android/lib]
  collapse library dir [/users/hello/library/Android/sdk/ndk/21.1.6352462/toolchains/llvm/prebuilt/darwin-x86_64/sysroot/usr/lib] ==> [/users/hello/library/Android/sdk/ndk/21.1.6352462/toolchains/llvm/prebuilt/darwin-x86_64/sysroot/usr/lib]
  implicit libs: [c++;m;gcc;dl;c;gcc;dl]
  implicit dirs: [/users/hello/library/Android/sdk/ndk/21.1.6352462/toolchains/llvm/prebuilt/darwin-x86_64/lib64/clang/9.0.8/lib/linux/aarch64;/users/hello/library/Android/sdk/ndk/21.1.6352462/toolchains/llvm/prebuilt/darwin-x86_64/lib/gcc/aarch64-linux-android/4.9.x;/users/hello/library/Android/sdk/ndk/21.1.6352462/toolchains/llvm/prebuilt/darwin-x86_64/aarch64-linux-android/lib64;/users/hello/library/Android/sdk/ndk/21.1.6352462/toolchains/llvm/prebuilt/darwin-x86_64/sysroot/usr/lib/aarch64-linux-android/21;/users/hello/library/Android/sdk/ndk/21.1.6352462/toolchains/llvm/prebuilt/darwin-x86_64/sysroot/usr/lib/aarch64-linux-android;/users/hello/library/Android/sdk/ndk/21.1.6352462/toolchains/llvm/prebuilt/darwin-x86_64/aarch64-linux-android/lib;/users/hello/library/Android/sdk/ndk/21.1.6352462/toolchains/llvm/prebuilt/darwin-x86_64/sysroot/usr/lib]
  implicit fwks: []




Detecting CXX [-std=c++1z] compiler features compiled with the following output:
Change Dir: /Users/hello/Desktop/dlib-19.21/dlib/build/arm64-v8a/CMakeFiles/CMakeTmp

Run Build Command:"/usr/bin/make" "cmTC_c69fe/fast"
/Library/Developer/CommandLineTools/usr/bin/make -f CMakeFiles/cmTC_c69fe.dir/build.make CMakeFiles/cmTC_c69fe.dir/build
Building CXX object CMakeFiles/cmTC_c69fe.dir/feature_tests.cxx.o
/users/hello/library/Android/sdk/ndk/21.1.6352462/toolchains/llvm/prebuilt/darwin-x86_64/bin/clang++ --target=aarch64-none-linux-android21 --gcc-toolchain=/users/hello/library/Android/sdk/ndk/21.1.6352462/toolchains/llvm/prebuilt/darwin-x86_64 --sysroot=/users/hello/library/Android/sdk/ndk/21.1.6352462/toolchains/llvm/prebuilt/darwin-x86_64/sysroot    -g -DANDROID -fdata-sections -ffunction-sections -funwind-tables -fstack-protector-strong -no-canonical-prefixes -D_FORTIFY_SOURCE=2 -Wformat -Werror=format-security -frtti -std=c++11 -frtti -fexceptions  -fPIE   -std=c++1z -o CMakeFiles/cmTC_c69fe.dir/feature_tests.cxx.o -c /Users/hello/Desktop/dlib-19.21/dlib/build/arm64-v8a/CMakeFiles/feature_tests.cxx
Linking CXX executable cmTC_c69fe
/Users/hello/Library/Android/sdk/cmake/3.10.2.4988404/bin/cmake -E cmake_link_script CMakeFiles/cmTC_c69fe.dir/link.txt --verbose=1
/users/hello/library/Android/sdk/ndk/21.1.6352462/toolchains/llvm/prebuilt/darwin-x86_64/bin/clang++ --target=aarch64-none-linux-android21 --gcc-toolchain=/users/hello/library/Android/sdk/ndk/21.1.6352462/toolchains/llvm/prebuilt/darwin-x86_64 --sysroot=/users/hello/library/Android/sdk/ndk/21.1.6352462/toolchains/llvm/prebuilt/darwin-x86_64/sysroot  -g -DANDROID -fdata-sections -ffunction-sections -funwind-tables -fstack-protector-strong -no-canonical-prefixes -D_FORTIFY_SOURCE=2 -Wformat -Werror=format-security -frtti -std=c++11 -frtti -fexceptions   -Wl,--exclude-libs,libgcc.a -Wl,--exclude-libs,libgcc_real.a -Wl,--exclude-libs,libatomic.a -Wl,--build-id -Wl,--fatal-warnings -Wl,--no-undefined -Qunused-arguments -Wl,--gc-sections   CMakeFiles/cmTC_c69fe.dir/feature_tests.cxx.o  -o cmTC_c69fe -latomic -lm 


    Feature record: CXX_FEATURE:1cxx_aggregate_default_initializers
    Feature record: CXX_FEATURE:1cxx_alias_templates
    Feature record: CXX_FEATURE:1cxx_alignas
    Feature record: CXX_FEATURE:1cxx_alignof
    Feature record: CXX_FEATURE:1cxx_attributes
    Feature record: CXX_FEATURE:1cxx_attribute_deprecated
    Feature record: CXX_FEATURE:1cxx_auto_type
    Feature record: CXX_FEATURE:1cxx_binary_literals
    Feature record: CXX_FEATURE:1cxx_constexpr
    Feature record: CXX_FEATURE:1cxx_contextual_conversions
    Feature record: CXX_FEATURE:1cxx_decltype
    Feature record: CXX_FEATURE:1cxx_decltype_auto
    Feature record: CXX_FEATURE:1cxx_decltype_incomplete_return_types
    Feature record: CXX_FEATURE:1cxx_default_function_template_args
    Feature record: CXX_FEATURE:1cxx_defaulted_functions
    Feature record: CXX_FEATURE:1cxx_defaulted_move_initializers
    Feature record: CXX_FEATURE:1cxx_delegating_constructors
    Feature record: CXX_FEATURE:1cxx_deleted_functions
    Feature record: CXX_FEATURE:1cxx_digit_separators
    Feature record: CXX_FEATURE:1cxx_enum_forward_declarations
    Feature record: CXX_FEATURE:1cxx_explicit_conversions
    Feature record: CXX_FEATURE:1cxx_extended_friend_declarations
    Feature record: CXX_FEATURE:1cxx_extern_templates
    Feature record: CXX_FEATURE:1cxx_final
    Feature record: CXX_FEATURE:1cxx_func_identifier
    Feature record: CXX_FEATURE:1cxx_generalized_initializers
    Feature record: CXX_FEATURE:1cxx_generic_lambdas
    Feature record: CXX_FEATURE:1cxx_inheriting_constructors
    Feature record: CXX_FEATURE:1cxx_inline_namespaces
    Feature record: CXX_FEATURE:1cxx_lambdas
    Feature record: CXX_FEATURE:1cxx_lambda_init_captures
    Feature record: CXX_FEATURE:1cxx_local_type_template_args
    Feature record: CXX_FEATURE:1cxx_long_long_type
    Feature record: CXX_FEATURE:1cxx_noexcept
    Feature record: CXX_FEATURE:1cxx_nonstatic_member_init
    Feature record: CXX_FEATURE:1cxx_nullptr
    Feature record: CXX_FEATURE:1cxx_override
    Feature record: CXX_FEATURE:1cxx_range_for
    Feature record: CXX_FEATURE:1cxx_raw_string_literals
    Feature record: CXX_FEATURE:1cxx_reference_qualified_functions
    Feature record: CXX_FEATURE:1cxx_relaxed_constexpr
    Feature record: CXX_FEATURE:1cxx_return_type_deduction
    Feature record: CXX_FEATURE:1cxx_right_angle_brackets
    Feature record: CXX_FEATURE:1cxx_rvalue_references
    Feature record: CXX_FEATURE:1cxx_sizeof_member
    Feature record: CXX_FEATURE:1cxx_static_assert
    Feature record: CXX_FEATURE:1cxx_strong_enums
    Feature record: CXX_FEATURE:1cxx_template_template_parameters
    Feature record: CXX_FEATURE:1cxx_thread_local
    Feature record: CXX_FEATURE:1cxx_trailing_return_types
    Feature record: CXX_FEATURE:1cxx_unicode_literals
    Feature record: CXX_FEATURE:1cxx_uniform_initialization
    Feature record: CXX_FEATURE:1cxx_unrestricted_unions
    Feature record: CXX_FEATURE:1cxx_user_literals
    Feature record: CXX_FEATURE:1cxx_variable_templates
    Feature record: CXX_FEATURE:1cxx_variadic_macros
    Feature record: CXX_FEATURE:1cxx_variadic_templates


Detecting CXX [-std=c++14] compiler features compiled with the following output:
Change Dir: /Users/hello/Desktop/dlib-19.21/dlib/build/arm64-v8a/CMakeFiles/CMakeTmp

Run Build Command:"/usr/bin/make" "cmTC_30af5/fast"
/Library/Developer/CommandLineTools/usr/bin/make -f CMakeFiles/cmTC_30af5.dir/build.make CMakeFiles/cmTC_30af5.dir/build
Building CXX object CMakeFiles/cmTC_30af5.dir/feature_tests.cxx.o
/users/hello/library/Android/sdk/ndk/21.1.6352462/toolchains/llvm/prebuilt/darwin-x86_64/bin/clang++ --target=aarch64-none-linux-android21 --gcc-toolchain=/users/hello/library/Android/sdk/ndk/21.1.6352462/toolchains/llvm/prebuilt/darwin-x86_64 --sysroot=/users/hello/library/Android/sdk/ndk/21.1.6352462/toolchains/llvm/prebuilt/darwin-x86_64/sysroot    -g -DANDROID -fdata-sections -ffunction-sections -funwind-tables -fstack-protector-strong -no-canonical-prefixes -D_FORTIFY_SOURCE=2 -Wformat -Werror=format-security -frtti -std=c++11 -frtti -fexceptions  -fPIE   -std=c++14 -o CMakeFiles/cmTC_30af5.dir/feature_tests.cxx.o -c /Users/hello/Desktop/dlib-19.21/dlib/build/arm64-v8a/CMakeFiles/feature_tests.cxx
Linking CXX executable cmTC_30af5
/Users/hello/Library/Android/sdk/cmake/3.10.2.4988404/bin/cmake -E cmake_link_script CMakeFiles/cmTC_30af5.dir/link.txt --verbose=1
/users/hello/library/Android/sdk/ndk/21.1.6352462/toolchains/llvm/prebuilt/darwin-x86_64/bin/clang++ --target=aarch64-none-linux-android21 --gcc-toolchain=/users/hello/library/Android/sdk/ndk/21.1.6352462/toolchains/llvm/prebuilt/darwin-x86_64 --sysroot=/users/hello/library/Android/sdk/ndk/21.1.6352462/toolchains/llvm/prebuilt/darwin-x86_64/sysroot  -g -DANDROID -fdata-sections -ffunction-sections -funwind-tables -fstack-protector-strong -no-canonical-prefixes -D_FORTIFY_SOURCE=2 -Wformat -Werror=format-security -frtti -std=c++11 -frtti -fexceptions   -Wl,--exclude-libs,libgcc.a -Wl,--exclude-libs,libgcc_real.a -Wl,--exclude-libs,libatomic.a -Wl,--build-id -Wl,--fatal-warnings -Wl,--no-undefined -Qunused-arguments -Wl,--gc-sections   CMakeFiles/cmTC_30af5.dir/feature_tests.cxx.o  -o cmTC_30af5 -latomic -lm 


    Feature record: CXX_FEATURE:1cxx_aggregate_default_initializers
    Feature record: CXX_FEATURE:1cxx_alias_templates
    Feature record: CXX_FEATURE:1cxx_alignas
    Feature record: CXX_FEATURE:1cxx_alignof
    Feature record: CXX_FEATURE:1cxx_attributes
    Feature record: CXX_FEATURE:1cxx_attribute_deprecated
    Feature record: CXX_FEATURE:1cxx_auto_type
    Feature record: CXX_FEATURE:1cxx_binary_literals
    Feature record: CXX_FEATURE:1cxx_constexpr
    Feature record: CXX_FEATURE:1cxx_contextual_conversions
    Feature record: CXX_FEATURE:1cxx_decltype
    Feature record: CXX_FEATURE:1cxx_decltype_auto
    Feature record: CXX_FEATURE:1cxx_decltype_incomplete_return_types
    Feature record: CXX_FEATURE:1cxx_default_function_template_args
    Feature record: CXX_FEATURE:1cxx_defaulted_functions
    Feature record: CXX_FEATURE:1cxx_defaulted_move_initializers
    Feature record: CXX_FEATURE:1cxx_delegating_constructors
    Feature record: CXX_FEATURE:1cxx_deleted_functions
    Feature record: CXX_FEATURE:1cxx_digit_separators
    Feature record: CXX_FEATURE:1cxx_enum_forward_declarations
    Feature record: CXX_FEATURE:1cxx_explicit_conversions
    Feature record: CXX_FEATURE:1cxx_extended_friend_declarations
    Feature record: CXX_FEATURE:1cxx_extern_templates
    Feature record: CXX_FEATURE:1cxx_final
    Feature record: CXX_FEATURE:1cxx_func_identifier
    Feature record: CXX_FEATURE:1cxx_generalized_initializers
    Feature record: CXX_FEATURE:1cxx_generic_lambdas
    Feature record: CXX_FEATURE:1cxx_inheriting_constructors
    Feature record: CXX_FEATURE:1cxx_inline_namespaces
    Feature record: CXX_FEATURE:1cxx_lambdas
    Feature record: CXX_FEATURE:1cxx_lambda_init_captures
    Feature record: CXX_FEATURE:1cxx_local_type_template_args
    Feature record: CXX_FEATURE:1cxx_long_long_type
    Feature record: CXX_FEATURE:1cxx_noexcept
    Feature record: CXX_FEATURE:1cxx_nonstatic_member_init
    Feature record: CXX_FEATURE:1cxx_nullptr
    Feature record: CXX_FEATURE:1cxx_override
    Feature record: CXX_FEATURE:1cxx_range_for
    Feature record: CXX_FEATURE:1cxx_raw_string_literals
    Feature record: CXX_FEATURE:1cxx_reference_qualified_functions
    Feature record: CXX_FEATURE:1cxx_relaxed_constexpr
    Feature record: CXX_FEATURE:1cxx_return_type_deduction
    Feature record: CXX_FEATURE:1cxx_right_angle_brackets
    Feature record: CXX_FEATURE:1cxx_rvalue_references
    Feature record: CXX_FEATURE:1cxx_sizeof_member
    Feature record: CXX_FEATURE:1cxx_static_assert
    Feature record: CXX_FEATURE:1cxx_strong_enums
    Feature record: CXX_FEATURE:1cxx_template_template_parameters
    Feature record: CXX_FEATURE:1cxx_thread_local
    Feature record: CXX_FEATURE:1cxx_trailing_return_types
    Feature record: CXX_FEATURE:1cxx_unicode_literals
    Feature record: CXX_FEATURE:1cxx_uniform_initialization
    Feature record: CXX_FEATURE:1cxx_unrestricted_unions
    Feature record: CXX_FEATURE:1cxx_user_literals
    Feature record: CXX_FEATURE:1cxx_variable_templates
    Feature record: CXX_FEATURE:1cxx_variadic_macros
    Feature record: CXX_FEATURE:1cxx_variadic_templates


Detecting CXX [-std=c++11] compiler features compiled with the following output:
Change Dir: /Users/hello/Desktop/dlib-19.21/dlib/build/arm64-v8a/CMakeFiles/CMakeTmp

Run Build Command:"/usr/bin/make" "cmTC_c98f2/fast"
/Library/Developer/CommandLineTools/usr/bin/make -f CMakeFiles/cmTC_c98f2.dir/build.make CMakeFiles/cmTC_c98f2.dir/build
Building CXX object CMakeFiles/cmTC_c98f2.dir/feature_tests.cxx.o
/users/hello/library/Android/sdk/ndk/21.1.6352462/toolchains/llvm/prebuilt/darwin-x86_64/bin/clang++ --target=aarch64-none-linux-android21 --gcc-toolchain=/users/hello/library/Android/sdk/ndk/21.1.6352462/toolchains/llvm/prebuilt/darwin-x86_64 --sysroot=/users/hello/library/Android/sdk/ndk/21.1.6352462/toolchains/llvm/prebuilt/darwin-x86_64/sysroot    -g -DANDROID -fdata-sections -ffunction-sections -funwind-tables -fstack-protector-strong -no-canonical-prefixes -D_FORTIFY_SOURCE=2 -Wformat -Werror=format-security -frtti -std=c++11 -frtti -fexceptions  -fPIE   -std=c++11 -o CMakeFiles/cmTC_c98f2.dir/feature_tests.cxx.o -c /Users/hello/Desktop/dlib-19.21/dlib/build/arm64-v8a/CMakeFiles/feature_tests.cxx
Linking CXX executable cmTC_c98f2
/Users/hello/Library/Android/sdk/cmake/3.10.2.4988404/bin/cmake -E cmake_link_script CMakeFiles/cmTC_c98f2.dir/link.txt --verbose=1
/users/hello/library/Android/sdk/ndk/21.1.6352462/toolchains/llvm/prebuilt/darwin-x86_64/bin/clang++ --target=aarch64-none-linux-android21 --gcc-toolchain=/users/hello/library/Android/sdk/ndk/21.1.6352462/toolchains/llvm/prebuilt/darwin-x86_64 --sysroot=/users/hello/library/Android/sdk/ndk/21.1.6352462/toolchains/llvm/prebuilt/darwin-x86_64/sysroot  -g -DANDROID -fdata-sections -ffunction-sections -funwind-tables -fstack-protector-strong -no-canonical-prefixes -D_FORTIFY_SOURCE=2 -Wformat -Werror=format-security -frtti -std=c++11 -frtti -fexceptions   -Wl,--exclude-libs,libgcc.a -Wl,--exclude-libs,libgcc_real.a -Wl,--exclude-libs,libatomic.a -Wl,--build-id -Wl,--fatal-warnings -Wl,--no-undefined -Qunused-arguments -Wl,--gc-sections   CMakeFiles/cmTC_c98f2.dir/feature_tests.cxx.o  -o cmTC_c98f2 -latomic -lm 


    Feature record: CXX_FEATURE:0cxx_aggregate_default_initializers
    Feature record: CXX_FEATURE:1cxx_alias_templates
    Feature record: CXX_FEATURE:1cxx_alignas
    Feature record: CXX_FEATURE:1cxx_alignof
    Feature record: CXX_FEATURE:1cxx_attributes
    Feature record: CXX_FEATURE:0cxx_attribute_deprecated
    Feature record: CXX_FEATURE:1cxx_auto_type
    Feature record: CXX_FEATURE:0cxx_binary_literals
    Feature record: CXX_FEATURE:1cxx_constexpr
    Feature record: CXX_FEATURE:0cxx_contextual_conversions
    Feature record: CXX_FEATURE:1cxx_decltype
    Feature record: CXX_FEATURE:0cxx_decltype_auto
    Feature record: CXX_FEATURE:1cxx_decltype_incomplete_return_types
    Feature record: CXX_FEATURE:1cxx_default_function_template_args
    Feature record: CXX_FEATURE:1cxx_defaulted_functions
    Feature record: CXX_FEATURE:1cxx_defaulted_move_initializers
    Feature record: CXX_FEATURE:1cxx_delegating_constructors
    Feature record: CXX_FEATURE:1cxx_deleted_functions
    Feature record: CXX_FEATURE:0cxx_digit_separators
    Feature record: CXX_FEATURE:1cxx_enum_forward_declarations
    Feature record: CXX_FEATURE:1cxx_explicit_conversions
    Feature record: CXX_FEATURE:1cxx_extended_friend_declarations
    Feature record: CXX_FEATURE:1cxx_extern_templates
    Feature record: CXX_FEATURE:1cxx_final
    Feature record: CXX_FEATURE:1cxx_func_identifier
    Feature record: CXX_FEATURE:1cxx_generalized_initializers
    Feature record: CXX_FEATURE:0cxx_generic_lambdas
    Feature record: CXX_FEATURE:1cxx_inheriting_constructors
    Feature record: CXX_FEATURE:1cxx_inline_namespaces
    Feature record: CXX_FEATURE:1cxx_lambdas
    Feature record: CXX_FEATURE:0cxx_lambda_init_captures
    Feature record: CXX_FEATURE:1cxx_local_type_template_args
    Feature record: CXX_FEATURE:1cxx_long_long_type
    Feature record: CXX_FEATURE:1cxx_noexcept
    Feature record: CXX_FEATURE:1cxx_nonstatic_member_init
    Feature record: CXX_FEATURE:1cxx_nullptr
    Feature record: CXX_FEATURE:1cxx_override
    Feature record: CXX_FEATURE:1cxx_range_for
    Feature record: CXX_FEATURE:1cxx_raw_string_literals
    Feature record: CXX_FEATURE:1cxx_reference_qualified_functions
    Feature record: CXX_FEATURE:0cxx_relaxed_constexpr
    Feature record: CXX_FEATURE:0cxx_return_type_deduction
    Feature record: CXX_FEATURE:1cxx_right_angle_brackets
    Feature record: CXX_FEATURE:1cxx_rvalue_references
    Feature record: CXX_FEATURE:1cxx_sizeof_member
    Feature record: CXX_FEATURE:1cxx_static_assert
    Feature record: CXX_FEATURE:1cxx_strong_enums
    Feature record: CXX_FEATURE:1cxx_template_template_parameters
    Feature record: CXX_FEATURE:1cxx_thread_local
    Feature record: CXX_FEATURE:1cxx_trailing_return_types
    Feature record: CXX_FEATURE:1cxx_unicode_literals
    Feature record: CXX_FEATURE:1cxx_uniform_initialization
    Feature record: CXX_FEATURE:1cxx_unrestricted_unions
    Feature record: CXX_FEATURE:1cxx_user_literals
    Feature record: CXX_FEATURE:0cxx_variable_templates
    Feature record: CXX_FEATURE:1cxx_variadic_macros
    Feature record: CXX_FEATURE:1cxx_variadic_templates


Detecting CXX [-std=c++98] compiler features compiled with the following output:
Change Dir: /Users/hello/Desktop/dlib-19.21/dlib/build/arm64-v8a/CMakeFiles/CMakeTmp

Run Build Command:"/usr/bin/make" "cmTC_6b9b6/fast"
/Library/Developer/CommandLineTools/usr/bin/make -f CMakeFiles/cmTC_6b9b6.dir/build.make CMakeFiles/cmTC_6b9b6.dir/build
Building CXX object CMakeFiles/cmTC_6b9b6.dir/feature_tests.cxx.o
/users/hello/library/Android/sdk/ndk/21.1.6352462/toolchains/llvm/prebuilt/darwin-x86_64/bin/clang++ --target=aarch64-none-linux-android21 --gcc-toolchain=/users/hello/library/Android/sdk/ndk/21.1.6352462/toolchains/llvm/prebuilt/darwin-x86_64 --sysroot=/users/hello/library/Android/sdk/ndk/21.1.6352462/toolchains/llvm/prebuilt/darwin-x86_64/sysroot    -g -DANDROID -fdata-sections -ffunction-sections -funwind-tables -fstack-protector-strong -no-canonical-prefixes -D_FORTIFY_SOURCE=2 -Wformat -Werror=format-security -frtti -std=c++11 -frtti -fexceptions  -fPIE   -std=c++98 -o CMakeFiles/cmTC_6b9b6.dir/feature_tests.cxx.o -c /Users/hello/Desktop/dlib-19.21/dlib/build/arm64-v8a/CMakeFiles/feature_tests.cxx
Linking CXX executable cmTC_6b9b6
/Users/hello/Library/Android/sdk/cmake/3.10.2.4988404/bin/cmake -E cmake_link_script CMakeFiles/cmTC_6b9b6.dir/link.txt --verbose=1
/users/hello/library/Android/sdk/ndk/21.1.6352462/toolchains/llvm/prebuilt/darwin-x86_64/bin/clang++ --target=aarch64-none-linux-android21 --gcc-toolchain=/users/hello/library/Android/sdk/ndk/21.1.6352462/toolchains/llvm/prebuilt/darwin-x86_64 --sysroot=/users/hello/library/Android/sdk/ndk/21.1.6352462/toolchains/llvm/prebuilt/darwin-x86_64/sysroot  -g -DANDROID -fdata-sections -ffunction-sections -funwind-tables -fstack-protector-strong -no-canonical-prefixes -D_FORTIFY_SOURCE=2 -Wformat -Werror=format-security -frtti -std=c++11 -frtti -fexceptions   -Wl,--exclude-libs,libgcc.a -Wl,--exclude-libs,libgcc_real.a -Wl,--exclude-libs,libatomic.a -Wl,--build-id -Wl,--fatal-warnings -Wl,--no-undefined -Qunused-arguments -Wl,--gc-sections   CMakeFiles/cmTC_6b9b6.dir/feature_tests.cxx.o  -o cmTC_6b9b6 -latomic -lm 


    Feature record: CXX_FEATURE:0cxx_aggregate_default_initializers
    Feature record: CXX_FEATURE:0cxx_alias_templates
    Feature record: CXX_FEATURE:0cxx_alignas
    Feature record: CXX_FEATURE:0cxx_alignof
    Feature record: CXX_FEATURE:0cxx_attributes
    Feature record: CXX_FEATURE:0cxx_attribute_deprecated
    Feature record: CXX_FEATURE:0cxx_auto_type
    Feature record: CXX_FEATURE:0cxx_binary_literals
    Feature record: CXX_FEATURE:0cxx_constexpr
    Feature record: CXX_FEATURE:0cxx_contextual_conversions
    Feature record: CXX_FEATURE:0cxx_decltype
    Feature record: CXX_FEATURE:0cxx_decltype_auto
    Feature record: CXX_FEATURE:0cxx_decltype_incomplete_return_types
    Feature record: CXX_FEATURE:0cxx_default_function_template_args
    Feature record: CXX_FEATURE:0cxx_defaulted_functions
    Feature record: CXX_FEATURE:0cxx_defaulted_move_initializers
    Feature record: CXX_FEATURE:0cxx_delegating_constructors
    Feature record: CXX_FEATURE:0cxx_deleted_functions
    Feature record: CXX_FEATURE:0cxx_digit_separators
    Feature record: CXX_FEATURE:0cxx_enum_forward_declarations
    Feature record: CXX_FEATURE:0cxx_explicit_conversions
    Feature record: CXX_FEATURE:0cxx_extended_friend_declarations
    Feature record: CXX_FEATURE:0cxx_extern_templates
    Feature record: CXX_FEATURE:0cxx_final
    Feature record: CXX_FEATURE:0cxx_func_identifier
    Feature record: CXX_FEATURE:0cxx_generalized_initializers
    Feature record: CXX_FEATURE:0cxx_generic_lambdas
    Feature record: CXX_FEATURE:0cxx_inheriting_constructors
    Feature record: CXX_FEATURE:0cxx_inline_namespaces
    Feature record: CXX_FEATURE:0cxx_lambdas
    Feature record: CXX_FEATURE:0cxx_lambda_init_captures
    Feature record: CXX_FEATURE:0cxx_local_type_template_args
    Feature record: CXX_FEATURE:0cxx_long_long_type
    Feature record: CXX_FEATURE:0cxx_noexcept
    Feature record: CXX_FEATURE:0cxx_nonstatic_member_init
    Feature record: CXX_FEATURE:0cxx_nullptr
    Feature record: CXX_FEATURE:0cxx_override
    Feature record: CXX_FEATURE:0cxx_range_for
    Feature record: CXX_FEATURE:0cxx_raw_string_literals
    Feature record: CXX_FEATURE:0cxx_reference_qualified_functions
    Feature record: CXX_FEATURE:0cxx_relaxed_constexpr
    Feature record: CXX_FEATURE:0cxx_return_type_deduction
    Feature record: CXX_FEATURE:0cxx_right_angle_brackets
    Feature record: CXX_FEATURE:0cxx_rvalue_references
    Feature record: CXX_FEATURE:0cxx_sizeof_member
    Feature record: CXX_FEATURE:0cxx_static_assert
    Feature record: CXX_FEATURE:0cxx_strong_enums
    Feature record: CXX_FEATURE:1cxx_template_template_parameters
    Feature record: CXX_FEATURE:0cxx_thread_local
    Feature record: CXX_FEATURE:0cxx_trailing_return_types
    Feature record: CXX_FEATURE:0cxx_unicode_literals
    Feature record: CXX_FEATURE:0cxx_uniform_initialization
    Feature record: CXX_FEATURE:0cxx_unrestricted_unions
    Feature record: CXX_FEATURE:0cxx_user_literals
    Feature record: CXX_FEATURE:0cxx_variable_templates
    Feature record: CXX_FEATURE:0cxx_variadic_macros
    Feature record: CXX_FEATURE:0cxx_variadic_templates
Determining if the include file pthread.h exists passed with the following output:
Change Dir: /Users/hello/Desktop/dlib-19.21/dlib/build/arm64-v8a/CMakeFiles/CMakeTmp

Run Build Command:"/usr/bin/make" "cmTC_03c5d/fast"
/Library/Developer/CommandLineTools/usr/bin/make -f CMakeFiles/cmTC_03c5d.dir/build.make CMakeFiles/cmTC_03c5d.dir/build
Building C object CMakeFiles/cmTC_03c5d.dir/CheckIncludeFile.c.o
/users/hello/library/Android/sdk/ndk/21.1.6352462/toolchains/llvm/prebuilt/darwin-x86_64/bin/clang --target=aarch64-none-linux-android21 --gcc-toolchain=/users/hello/library/Android/sdk/ndk/21.1.6352462/toolchains/llvm/prebuilt/darwin-x86_64 --sysroot=/users/hello/library/Android/sdk/ndk/21.1.6352462/toolchains/llvm/prebuilt/darwin-x86_64/sysroot   -g -DANDROID -fdata-sections -ffunction-sections -funwind-tables -fstack-protector-strong -no-canonical-prefixes -D_FORTIFY_SOURCE=2 -Wformat -Werror=format-security -O3  -fPIE   -o CMakeFiles/cmTC_03c5d.dir/CheckIncludeFile.c.o   -c /Users/hello/Desktop/dlib-19.21/dlib/build/arm64-v8a/CMakeFiles/CMakeTmp/CheckIncludeFile.c
Linking C executable cmTC_03c5d
/Users/hello/Library/Android/sdk/cmake/3.10.2.4988404/bin/cmake -E cmake_link_script CMakeFiles/cmTC_03c5d.dir/link.txt --verbose=1
/users/hello/library/Android/sdk/ndk/21.1.6352462/toolchains/llvm/prebuilt/darwin-x86_64/bin/clang --target=aarch64-none-linux-android21 --gcc-toolchain=/users/hello/library/Android/sdk/ndk/21.1.6352462/toolchains/llvm/prebuilt/darwin-x86_64 --sysroot=/users/hello/library/Android/sdk/ndk/21.1.6352462/toolchains/llvm/prebuilt/darwin-x86_64/sysroot -g -DANDROID -fdata-sections -ffunction-sections -funwind-tables -fstack-protector-strong -no-canonical-prefixes -D_FORTIFY_SOURCE=2 -Wformat -Werror=format-security -O3   -Wl,--exclude-libs,libgcc.a -Wl,--exclude-libs,libgcc_real.a -Wl,--exclude-libs,libatomic.a -Wl,--build-id -Wl,--fatal-warnings -Wl,--no-undefined -Qunused-arguments -Wl,--gc-sections   CMakeFiles/cmTC_03c5d.dir/CheckIncludeFile.c.o  -o cmTC_03c5d -latomic -lm 


Determining if the pthread_create exist passed with the following output:
Change Dir: /Users/hello/Desktop/dlib-19.21/dlib/build/arm64-v8a/CMakeFiles/CMakeTmp

Run Build Command:"/usr/bin/make" "cmTC_024db/fast"
/Library/Developer/CommandLineTools/usr/bin/make -f CMakeFiles/cmTC_024db.dir/build.make CMakeFiles/cmTC_024db.dir/build
Building C object CMakeFiles/cmTC_024db.dir/CheckSymbolExists.c.o
/users/hello/library/Android/sdk/ndk/21.1.6352462/toolchains/llvm/prebuilt/darwin-x86_64/bin/clang --target=aarch64-none-linux-android21 --gcc-toolchain=/users/hello/library/Android/sdk/ndk/21.1.6352462/toolchains/llvm/prebuilt/darwin-x86_64 --sysroot=/users/hello/library/Android/sdk/ndk/21.1.6352462/toolchains/llvm/prebuilt/darwin-x86_64/sysroot   -g -DANDROID -fdata-sections -ffunction-sections -funwind-tables -fstack-protector-strong -no-canonical-prefixes -D_FORTIFY_SOURCE=2 -Wformat -Werror=format-security -O3  -fPIE   -o CMakeFiles/cmTC_024db.dir/CheckSymbolExists.c.o   -c /Users/hello/Desktop/dlib-19.21/dlib/build/arm64-v8a/CMakeFiles/CMakeTmp/CheckSymbolExists.c
Linking C executable cmTC_024db
/Users/hello/Library/Android/sdk/cmake/3.10.2.4988404/bin/cmake -E cmake_link_script CMakeFiles/cmTC_024db.dir/link.txt --verbose=1
/users/hello/library/Android/sdk/ndk/21.1.6352462/toolchains/llvm/prebuilt/darwin-x86_64/bin/clang --target=aarch64-none-linux-android21 --gcc-toolchain=/users/hello/library/Android/sdk/ndk/21.1.6352462/toolchains/llvm/prebuilt/darwin-x86_64 --sysroot=/users/hello/library/Android/sdk/ndk/21.1.6352462/toolchains/llvm/prebuilt/darwin-x86_64/sysroot -g -DANDROID -fdata-sections -ffunction-sections -funwind-tables -fstack-protector-strong -no-canonical-prefixes -D_FORTIFY_SOURCE=2 -Wformat -Werror=format-security -O3   -Wl,--exclude-libs,libgcc.a -Wl,--exclude-libs,libgcc_real.a -Wl,--exclude-libs,libatomic.a -Wl,--build-id -Wl,--fatal-warnings -Wl,--no-undefined -Qunused-arguments -Wl,--gc-sections   CMakeFiles/cmTC_024db.dir/CheckSymbolExists.c.o  -o cmTC_024db -latomic -lm 

File /Users/hello/Desktop/dlib-19.21/dlib/build/arm64-v8a/CMakeFiles/CMakeTmp/CheckSymbolExists.c:
/* */
#include <pthread.h>

int main(int argc, char** argv)
{
  (void)argv;
#ifndef pthread_create
  return ((int*)(&pthread_create))[argc];
#else
  (void)argc;
  return 0;
#endif
}

Determining if the include file sys/types.h exists passed with the following output:
Change Dir: /Users/hello/Desktop/dlib-19.21/dlib/build/arm64-v8a/CMakeFiles/CMakeTmp

Run Build Command:"/usr/bin/make" "cmTC_6ed19/fast"
/Library/Developer/CommandLineTools/usr/bin/make -f CMakeFiles/cmTC_6ed19.dir/build.make CMakeFiles/cmTC_6ed19.dir/build
Building C object CMakeFiles/cmTC_6ed19.dir/CheckIncludeFile.c.o
/users/hello/library/Android/sdk/ndk/21.1.6352462/toolchains/llvm/prebuilt/darwin-x86_64/bin/clang --target=aarch64-none-linux-android21 --gcc-toolchain=/users/hello/library/Android/sdk/ndk/21.1.6352462/toolchains/llvm/prebuilt/darwin-x86_64 --sysroot=/users/hello/library/Android/sdk/ndk/21.1.6352462/toolchains/llvm/prebuilt/darwin-x86_64/sysroot   -g -DANDROID -fdata-sections -ffunction-sections -funwind-tables -fstack-protector-strong -no-canonical-prefixes -D_FORTIFY_SOURCE=2 -Wformat -Werror=format-security -O3  -fPIE   -o CMakeFiles/cmTC_6ed19.dir/CheckIncludeFile.c.o   -c /Users/hello/Desktop/dlib-19.21/dlib/build/arm64-v8a/CMakeFiles/CMakeTmp/CheckIncludeFile.c
Linking C executable cmTC_6ed19
/Users/hello/Library/Android/sdk/cmake/3.10.2.4988404/bin/cmake -E cmake_link_script CMakeFiles/cmTC_6ed19.dir/link.txt --verbose=1
/users/hello/library/Android/sdk/ndk/21.1.6352462/toolchains/llvm/prebuilt/darwin-x86_64/bin/clang --target=aarch64-none-linux-android21 --gcc-toolchain=/users/hello/library/Android/sdk/ndk/21.1.6352462/toolchains/llvm/prebuilt/darwin-x86_64 --sysroot=/users/hello/library/Android/sdk/ndk/21.1.6352462/toolchains/llvm/prebuilt/darwin-x86_64/sysroot -g -DANDROID -fdata-sections -ffunction-sections -funwind-tables -fstack-protector-strong -no-canonical-prefixes -D_FORTIFY_SOURCE=2 -Wformat -Werror=format-security -O3   -Wl,--exclude-libs,libgcc.a -Wl,--exclude-libs,libgcc_real.a -Wl,--exclude-libs,libatomic.a -Wl,--build-id -Wl,--fatal-warnings -Wl,--no-undefined -Qunused-arguments -Wl,--gc-sections   CMakeFiles/cmTC_6ed19.dir/CheckIncludeFile.c.o  -o cmTC_6ed19 -latomic -lm 


Determining if the include file stdint.h exists passed with the following output:
Change Dir: /Users/hello/Desktop/dlib-19.21/dlib/build/arm64-v8a/CMakeFiles/CMakeTmp

Run Build Command:"/usr/bin/make" "cmTC_7f43b/fast"
/Library/Developer/CommandLineTools/usr/bin/make -f CMakeFiles/cmTC_7f43b.dir/build.make CMakeFiles/cmTC_7f43b.dir/build
Building C object CMakeFiles/cmTC_7f43b.dir/CheckIncludeFile.c.o
/users/hello/library/Android/sdk/ndk/21.1.6352462/toolchains/llvm/prebuilt/darwin-x86_64/bin/clang --target=aarch64-none-linux-android21 --gcc-toolchain=/users/hello/library/Android/sdk/ndk/21.1.6352462/toolchains/llvm/prebuilt/darwin-x86_64 --sysroot=/users/hello/library/Android/sdk/ndk/21.1.6352462/toolchains/llvm/prebuilt/darwin-x86_64/sysroot   -g -DANDROID -fdata-sections -ffunction-sections -funwind-tables -fstack-protector-strong -no-canonical-prefixes -D_FORTIFY_SOURCE=2 -Wformat -Werror=format-security -O3  -fPIE   -o CMakeFiles/cmTC_7f43b.dir/CheckIncludeFile.c.o   -c /Users/hello/Desktop/dlib-19.21/dlib/build/arm64-v8a/CMakeFiles/CMakeTmp/CheckIncludeFile.c
Linking C executable cmTC_7f43b
/Users/hello/Library/Android/sdk/cmake/3.10.2.4988404/bin/cmake -E cmake_link_script CMakeFiles/cmTC_7f43b.dir/link.txt --verbose=1
/users/hello/library/Android/sdk/ndk/21.1.6352462/toolchains/llvm/prebuilt/darwin-x86_64/bin/clang --target=aarch64-none-linux-android21 --gcc-toolchain=/users/hello/library/Android/sdk/ndk/21.1.6352462/toolchains/llvm/prebuilt/darwin-x86_64 --sysroot=/users/hello/library/Android/sdk/ndk/21.1.6352462/toolchains/llvm/prebuilt/darwin-x86_64/sysroot -g -DANDROID -fdata-sections -ffunction-sections -funwind-tables -fstack-protector-strong -no-canonical-prefixes -D_FORTIFY_SOURCE=2 -Wformat -Werror=format-security -O3   -Wl,--exclude-libs,libgcc.a -Wl,--exclude-libs,libgcc_real.a -Wl,--exclude-libs,libatomic.a -Wl,--build-id -Wl,--fatal-warnings -Wl,--no-undefined -Qunused-arguments -Wl,--gc-sections   CMakeFiles/cmTC_7f43b.dir/CheckIncludeFile.c.o  -o cmTC_7f43b -latomic -lm 


Determining if the include file stddef.h exists passed with the following output:
Change Dir: /Users/hello/Desktop/dlib-19.21/dlib/build/arm64-v8a/CMakeFiles/CMakeTmp

Run Build Command:"/usr/bin/make" "cmTC_50a06/fast"
/Library/Developer/CommandLineTools/usr/bin/make -f CMakeFiles/cmTC_50a06.dir/build.make CMakeFiles/cmTC_50a06.dir/build
Building C object CMakeFiles/cmTC_50a06.dir/CheckIncludeFile.c.o
/users/hello/library/Android/sdk/ndk/21.1.6352462/toolchains/llvm/prebuilt/darwin-x86_64/bin/clang --target=aarch64-none-linux-android21 --gcc-toolchain=/users/hello/library/Android/sdk/ndk/21.1.6352462/toolchains/llvm/prebuilt/darwin-x86_64 --sysroot=/users/hello/library/Android/sdk/ndk/21.1.6352462/toolchains/llvm/prebuilt/darwin-x86_64/sysroot   -g -DANDROID -fdata-sections -ffunction-sections -funwind-tables -fstack-protector-strong -no-canonical-prefixes -D_FORTIFY_SOURCE=2 -Wformat -Werror=format-security -O3  -fPIE   -o CMakeFiles/cmTC_50a06.dir/CheckIncludeFile.c.o   -c /Users/hello/Desktop/dlib-19.21/dlib/build/arm64-v8a/CMakeFiles/CMakeTmp/CheckIncludeFile.c
Linking C executable cmTC_50a06
/Users/hello/Library/Android/sdk/cmake/3.10.2.4988404/bin/cmake -E cmake_link_script CMakeFiles/cmTC_50a06.dir/link.txt --verbose=1
/users/hello/library/Android/sdk/ndk/21.1.6352462/toolchains/llvm/prebuilt/darwin-x86_64/bin/clang --target=aarch64-none-linux-android21 --gcc-toolchain=/users/hello/library/Android/sdk/ndk/21.1.6352462/toolchains/llvm/prebuilt/darwin-x86_64 --sysroot=/users/hello/library/Android/sdk/ndk/21.1.6352462/toolchains/llvm/prebuilt/darwin-x86_64/sysroot -g -DANDROID -fdata-sections -ffunction-sections -funwind-tables -fstack-protector-strong -no-canonical-prefixes -D_FORTIFY_SOURCE=2 -Wformat -Werror=format-security -O3   -Wl,--exclude-libs,libgcc.a -Wl,--exclude-libs,libgcc_real.a -Wl,--exclude-libs,libatomic.a -Wl,--build-id -Wl,--fatal-warnings -Wl,--no-undefined -Qunused-arguments -Wl,--gc-sections   CMakeFiles/cmTC_50a06.dir/CheckIncludeFile.c.o  -o cmTC_50a06 -latomic -lm 


Determining size of void* passed with the following output:
Change Dir: /Users/hello/Desktop/dlib-19.21/dlib/build/arm64-v8a/CMakeFiles/CMakeTmp

Run Build Command:"/usr/bin/make" "cmTC_444f4/fast"
/Library/Developer/CommandLineTools/usr/bin/make -f CMakeFiles/cmTC_444f4.dir/build.make CMakeFiles/cmTC_444f4.dir/build
Building C object CMakeFiles/cmTC_444f4.dir/SIZE_OF_VOID_PTR.c.o
/users/hello/library/Android/sdk/ndk/21.1.6352462/toolchains/llvm/prebuilt/darwin-x86_64/bin/clang --target=aarch64-none-linux-android21 --gcc-toolchain=/users/hello/library/Android/sdk/ndk/21.1.6352462/toolchains/llvm/prebuilt/darwin-x86_64 --sysroot=/users/hello/library/Android/sdk/ndk/21.1.6352462/toolchains/llvm/prebuilt/darwin-x86_64/sysroot   -g -DANDROID -fdata-sections -ffunction-sections -funwind-tables -fstack-protector-strong -no-canonical-prefixes -D_FORTIFY_SOURCE=2 -Wformat -Werror=format-security -O3  -fPIE   -o CMakeFiles/cmTC_444f4.dir/SIZE_OF_VOID_PTR.c.o   -c /Users/hello/Desktop/dlib-19.21/dlib/build/arm64-v8a/CMakeFiles/CheckTypeSize/SIZE_OF_VOID_PTR.c
Linking C executable cmTC_444f4
/Users/hello/Library/Android/sdk/cmake/3.10.2.4988404/bin/cmake -E cmake_link_script CMakeFiles/cmTC_444f4.dir/link.txt --verbose=1
/users/hello/library/Android/sdk/ndk/21.1.6352462/toolchains/llvm/prebuilt/darwin-x86_64/bin/clang --target=aarch64-none-linux-android21 --gcc-toolchain=/users/hello/library/Android/sdk/ndk/21.1.6352462/toolchains/llvm/prebuilt/darwin-x86_64 --sysroot=/users/hello/library/Android/sdk/ndk/21.1.6352462/toolchains/llvm/prebuilt/darwin-x86_64/sysroot -g -DANDROID -fdata-sections -ffunction-sections -funwind-tables -fstack-protector-strong -no-canonical-prefixes -D_FORTIFY_SOURCE=2 -Wformat -Werror=format-security -O3   -Wl,--exclude-libs,libgcc.a -Wl,--exclude-libs,libgcc_real.a -Wl,--exclude-libs,libatomic.a -Wl,--build-id -Wl,--fatal-warnings -Wl,--no-undefined -Qunused-arguments -Wl,--gc-sections   CMakeFiles/cmTC_444f4.dir/SIZE_OF_VOID_PTR.c.o  -o cmTC_444f4 -latomic -lm 


